<?xml version="1.0" encoding="UTF-8"?>
<testsuites name="Get Detail SP" time="239.895" tests="7" failures="0" errors="0">
   <testsuite name="Get Detail SP" tests="7" failures="0" errors="0" time="239.895" skipped="0" timestamp="2022-08-02 17:22:25" hostname="User - LAPTOP-N3L575R3" id="Test Suites/GetDetailSP-Data Driven/Get Detail SP">
      <properties>
         <property name="deviceName" value=""/>
         <property name="devicePlatform" value=""/>
         <property name="logFolder" value="D:\\QA\\Automation Testing\\KATALON\\TMS-Internal Automation\\TMS\\Reports\\20220802_172156\\GetDetailSP-Data Driven\\Get Detail SP\\20220802_172156"/>
         <property name="logFiles" value="D:\\QA\\Automation Testing\\KATALON\\TMS-Internal Automation\\TMS\\Reports\\20220802_172156\\GetDetailSP-Data Driven\\Get Detail SP\\20220802_172156\\execution0.log"/>
         <property name="attachments" value=""/>
         <property name="hostName" value="User - LAPTOP-N3L575R3"/>
         <property name="os" value="Windows 10 64bit"/>
         <property name="katalonVersion" value="8.3.5.208"/>
         <property name="browser" value="Chrome 103.0.5060.134"/>
         <property name="hostAddress" value="192.168.56.1"/>
         <property name="sessionId" value="c19fcb04e14446f0f71f45c11dc5318e"/>
         <property name="seleniumVersion" value="3.141.59"/>
         <property name="proxyInformation" value="ProxyInformation { proxyOption=NO_PROXY, proxyServerType=HTTP, username=, password=********, proxyServerAddress=, proxyServerPort=0, executionList=&quot;&quot;, isApplyToDesiredCapabilities=true }"/>
         <property name="platform" value="Windows 10"/>
      </properties>
      <testcase name="Test Cases/Service Provider -Internal TMS/Integrate Internal - Get Detail SP/Get Detail SP" time="35.286" classname="Test Cases/Service Provider -Internal TMS/Integrate Internal - Get Detail SP/Get Detail SP" status="PASSED">
         <system-out><![CDATA[2022-08-02 17:22:25 - [TEST_CASE][PASSED] - Test Cases/Service Provider -Internal TMS/Integrate Internal - Get Detail SP/Get Detail SP: Test Cases/Service Provider -Internal TMS/Integrate Internal - Get Detail SP/Get Detail SP

2022-08-02 17:22:26 - [TEST_STEP][PASSED] - callTestCase(findTestCase("PreCondition/SP"), ["validData":""], STOP_ON_FAILURE): Call Test Case 'Test Cases/PreCondition/SP' successfully

2022-08-02 17:22:26 - [TEST_CASE][PASSED] - Test Cases/PreCondition/SP: Test Cases/PreCondition/SP

2022-08-02 17:22:27 - [TEST_STEP][PASSED] - callTestCase(findTestCase("PreCondition/Login Internal-TMS"), [:], STOP_ON_FAILURE): Call Test Case 'Test Cases/PreCondition/Login Internal-TMS' successfully

2022-08-02 17:22:27 - [TEST_CASE][PASSED] - Test Cases/PreCondition/Login Internal-TMS: Test Cases/PreCondition/Login Internal-TMS

2022-08-02 17:22:27 - [TEST_STEP][PASSED] - openBrowser(""): Browser is opened with url: ''

2022-08-02 17:22:27 - [MESSAGE][INFO] - Starting 'Chrome (headless)' driver

2022-08-02 17:22:27 - [MESSAGE][INFO] - Action delay is set to 0 milliseconds

2022-08-02 17:22:29 - [MESSAGE][PASSED] - Browser is opened with url: ''

2022-08-02 17:22:29 - [TEST_STEP][PASSED] - navigateToUrl("https://console-dev.hzn.one/tms"): Navigate to 'https://console-dev.hzn.one/tms' successfully

2022-08-02 17:22:31 - [MESSAGE][PASSED] - Navigate to 'https://console-dev.hzn.one/tms' successfully

2022-08-02 17:22:31 - [TEST_STEP][PASSED] - setText(findTestObject("Login Internal TMS/Page_/Login_inputEmail"), "admin@hzn.one"): Text 'admin@hzn.one' is set on object 'Object Repository/Login Internal TMS/Page_/Login_inputEmail'

2022-08-02 17:22:31 - [MESSAGE][PASSED] - Text 'admin@hzn.one' is set on object 'Object Repository/Login Internal TMS/Page_/Login_inputEmail'

2022-08-02 17:22:31 - [TEST_STEP][PASSED] - setEncryptedText(findTestObject("Login Internal TMS/Page_/Login_inputPassword"), "MnsJkEeAVpEG2LE9uYr7zQ=="): Text ****** has been set on object 'Object Repository/Login Internal TMS/Page_/Login_inputPassword'

2022-08-02 17:22:32 - [MESSAGE][PASSED] - Text ****** has been set on object 'Object Repository/Login Internal TMS/Page_/Login_inputPassword'

2022-08-02 17:22:32 - [TEST_STEP][PASSED] - click(findTestObject("Object Repository/Login Internal TMS/Page_/button_Login")): Object: 'Object Repository/Login Internal TMS/Page_/button_Login' is clicked on

2022-08-02 17:22:32 - [MESSAGE][PASSED] - Object: 'Object Repository/Login Internal TMS/Page_/button_Login' is clicked on

2022-08-02 17:22:32 - [MESSAGE][PASSED] - Call Test Case 'Test Cases/PreCondition/Login Internal-TMS' successfully

2022-08-02 17:22:32 - [TEST_STEP][PASSED] - maximizeWindow(): Current window maximized

2022-08-02 17:22:32 - [MESSAGE][PASSED] - Current window maximized

2022-08-02 17:22:32 - [TEST_STEP][PASSED] - click(findTestObject("Search List SP/Page_/Page_/span_User Management")): Object: 'Object Repository/Search List SP/Page_/Page_/span_User Management' is clicked on

2022-08-02 17:22:33 - [MESSAGE][PASSED] - Object: 'Object Repository/Search List SP/Page_/Page_/span_User Management' is clicked on

2022-08-02 17:22:33 - [TEST_STEP][PASSED] - click(findTestObject("Object Repository/Search List SP/Page_/Service Provider")): Object: 'Object Repository/Search List SP/Page_/Service Provider' is clicked on

2022-08-02 17:22:33 - [MESSAGE][PASSED] - Object: 'Object Repository/Search List SP/Page_/Service Provider' is clicked on

2022-08-02 17:22:33 - [MESSAGE][PASSED] - Call Test Case 'Test Cases/PreCondition/SP' successfully

2022-08-02 17:22:33 - [TEST_STEP][PASSED] - setText(findTestObject("Search List SP/Page_/Field Search"), validSPId): Text 'IDN0104' is set on object 'Object Repository/Search List SP/Page_/Field Search'

2022-08-02 17:22:34 - [MESSAGE][PASSED] - Text 'IDN0104' is set on object 'Object Repository/Search List SP/Page_/Field Search'

2022-08-02 17:22:34 - [TEST_STEP][PASSED] - delay(10): Delayed 10 second(s)

2022-08-02 17:22:44 - [MESSAGE][PASSED] - Delayed 10 second(s)

2022-08-02 17:22:44 - [TEST_STEP][PASSED] - click(findTestObject("Get Detail SP/Page_/span_arrow_detailSP")): Object: 'Object Repository/Get Detail SP/Page_/span_arrow_detailSP' is clicked on

2022-08-02 17:22:44 - [MESSAGE][PASSED] - Object: 'Object Repository/Get Detail SP/Page_/span_arrow_detailSP' is clicked on

2022-08-02 17:22:44 - [TEST_STEP][PASSED] - delay(15): Delayed 15 second(s)

2022-08-02 17:22:59 - [MESSAGE][PASSED] - Delayed 15 second(s)

2022-08-02 17:22:59 - [TEST_STEP][PASSED] - verifyElementClickable(findTestObject("Get Detail SP/Page_/body_Company Details")): Object 'Object Repository/Get Detail SP/Page_/body_Company Details' is clickable

2022-08-02 17:22:59 - [MESSAGE][PASSED] - Object 'Object Repository/Get Detail SP/Page_/body_Company Details' is clickable

2022-08-02 17:22:59 - [TEST_STEP][PASSED] - verifyElementVisible(findTestObject("Get Detail SP/Page_/body_CompanyLogo")): Object 'Object Repository/Get Detail SP/Page_/body_CompanyLogo' is visible

2022-08-02 17:22:59 - [MESSAGE][PASSED] - Object 'Object Repository/Get Detail SP/Page_/body_CompanyLogo' is visible

2022-08-02 17:22:59 - [TEST_STEP][PASSED] - verifyElementVisible(findTestObject("Get Detail SP/Page_/body_ContactPerson")): Object 'Object Repository/Get Detail SP/Page_/body_ContactPerson' is visible

2022-08-02 17:22:59 - [MESSAGE][PASSED] - Object 'Object Repository/Get Detail SP/Page_/body_ContactPerson' is visible

2022-08-02 17:22:59 - [TEST_STEP][PASSED] - verifyElementVisible(findTestObject("Get Detail SP/Page_/body_Password")): Object 'Object Repository/Get Detail SP/Page_/body_Password' is visible

2022-08-02 17:23:00 - [MESSAGE][PASSED] - Object 'Object Repository/Get Detail SP/Page_/body_Password' is visible

2022-08-02 17:23:00 - [TEST_STEP][PASSED] - verifyElementClickable(findTestObject("Get Detail SP/Page_/button_companyProfile")): Object 'Object Repository/Get Detail SP/Page_/button_companyProfile' is clickable

2022-08-02 17:23:00 - [MESSAGE][PASSED] - Object 'Object Repository/Get Detail SP/Page_/button_companyProfile' is clickable

2022-08-02 17:23:00 - [TEST_STEP][PASSED] - verifyElementClickable(findTestObject("Get Detail SP/Page_/button_edit")): Object 'Object Repository/Get Detail SP/Page_/button_edit' is clickable

2022-08-02 17:23:00 - [MESSAGE][PASSED] - Object 'Object Repository/Get Detail SP/Page_/button_edit' is clickable

2022-08-02 17:23:00 - [TEST_STEP][PASSED] - verifyElementClickable(findTestObject("Get Detail SP/Page_/button_Payment Details")): Object 'Object Repository/Get Detail SP/Page_/button_Payment Details' is clickable

2022-08-02 17:23:00 - [MESSAGE][PASSED] - Object 'Object Repository/Get Detail SP/Page_/button_Payment Details' is clickable

2022-08-02 17:23:00 - [TEST_STEP][PASSED] - click(findTestObject("Get Detail SP/Page_/button_Payment Details")): Object: 'Object Repository/Get Detail SP/Page_/button_Payment Details' is clicked on

2022-08-02 17:23:00 - [MESSAGE][PASSED] - Object: 'Object Repository/Get Detail SP/Page_/button_Payment Details' is clicked on

2022-08-02 17:23:00 - [TEST_STEP][PASSED] - verifyElementVisible(findTestObject("Get Detail SP/Page_/body_Payment Details")): Object 'Object Repository/Get Detail SP/Page_/body_Payment Details' is visible

2022-08-02 17:23:00 - [MESSAGE][PASSED] - Object 'Object Repository/Get Detail SP/Page_/body_Payment Details' is visible

2022-08-02 17:23:00 - [TEST_STEP][PASSED] - verifyElementClickable(findTestObject("Get Detail SP/Page_/button_back")): Object 'Object Repository/Get Detail SP/Page_/button_back' is clickable

2022-08-02 17:23:00 - [MESSAGE][PASSED] - Object 'Object Repository/Get Detail SP/Page_/button_back' is clickable

2022-08-02 17:23:00 - [TEST_STEP][PASSED] - closeBrowser(): Browser is closed

2022-08-02 17:23:01 - [MESSAGE][PASSED] - Browser is closed]]></system-out>
         <system-err><![CDATA[]]></system-err>
      </testcase>
      <testcase name="Test Cases/Service Provider -Internal TMS/Integrate Internal - Get Detail SP/Get Detail SP" time="36.304" classname="Test Cases/Service Provider -Internal TMS/Integrate Internal - Get Detail SP/Get Detail SP" status="PASSED">
         <system-out><![CDATA[2022-08-02 17:23:01 - [TEST_CASE][PASSED] - Test Cases/Service Provider -Internal TMS/Integrate Internal - Get Detail SP/Get Detail SP: Test Cases/Service Provider -Internal TMS/Integrate Internal - Get Detail SP/Get Detail SP

2022-08-02 17:23:01 - [TEST_STEP][PASSED] - callTestCase(findTestCase("PreCondition/SP"), ["validData":""], STOP_ON_FAILURE): Call Test Case 'Test Cases/PreCondition/SP' successfully

2022-08-02 17:23:01 - [TEST_CASE][PASSED] - Test Cases/PreCondition/SP: Test Cases/PreCondition/SP

2022-08-02 17:23:01 - [TEST_STEP][PASSED] - callTestCase(findTestCase("PreCondition/Login Internal-TMS"), [:], STOP_ON_FAILURE): Call Test Case 'Test Cases/PreCondition/Login Internal-TMS' successfully

2022-08-02 17:23:01 - [TEST_CASE][PASSED] - Test Cases/PreCondition/Login Internal-TMS: Test Cases/PreCondition/Login Internal-TMS

2022-08-02 17:23:01 - [TEST_STEP][PASSED] - openBrowser(""): Browser is opened with url: ''

2022-08-02 17:23:01 - [MESSAGE][INFO] - Starting 'Chrome (headless)' driver

2022-08-02 17:23:01 - [MESSAGE][INFO] - Action delay is set to 0 milliseconds

2022-08-02 17:23:02 - [MESSAGE][PASSED] - Browser is opened with url: ''

2022-08-02 17:23:02 - [TEST_STEP][PASSED] - navigateToUrl("https://console-dev.hzn.one/tms"): Navigate to 'https://console-dev.hzn.one/tms' successfully

2022-08-02 17:23:08 - [MESSAGE][PASSED] - Navigate to 'https://console-dev.hzn.one/tms' successfully

2022-08-02 17:23:08 - [TEST_STEP][PASSED] - setText(findTestObject("Login Internal TMS/Page_/Login_inputEmail"), "admin@hzn.one"): Text 'admin@hzn.one' is set on object 'Object Repository/Login Internal TMS/Page_/Login_inputEmail'

2022-08-02 17:23:08 - [MESSAGE][PASSED] - Text 'admin@hzn.one' is set on object 'Object Repository/Login Internal TMS/Page_/Login_inputEmail'

2022-08-02 17:23:08 - [TEST_STEP][PASSED] - setEncryptedText(findTestObject("Login Internal TMS/Page_/Login_inputPassword"), "MnsJkEeAVpEG2LE9uYr7zQ=="): Text ****** has been set on object 'Object Repository/Login Internal TMS/Page_/Login_inputPassword'

2022-08-02 17:23:08 - [MESSAGE][PASSED] - Text ****** has been set on object 'Object Repository/Login Internal TMS/Page_/Login_inputPassword'

2022-08-02 17:23:08 - [TEST_STEP][PASSED] - click(findTestObject("Object Repository/Login Internal TMS/Page_/button_Login")): Object: 'Object Repository/Login Internal TMS/Page_/button_Login' is clicked on

2022-08-02 17:23:08 - [MESSAGE][PASSED] - Object: 'Object Repository/Login Internal TMS/Page_/button_Login' is clicked on

2022-08-02 17:23:08 - [MESSAGE][PASSED] - Call Test Case 'Test Cases/PreCondition/Login Internal-TMS' successfully

2022-08-02 17:23:08 - [TEST_STEP][PASSED] - maximizeWindow(): Current window maximized

2022-08-02 17:23:08 - [MESSAGE][PASSED] - Current window maximized

2022-08-02 17:23:08 - [TEST_STEP][PASSED] - click(findTestObject("Search List SP/Page_/Page_/span_User Management")): Object: 'Object Repository/Search List SP/Page_/Page_/span_User Management' is clicked on

2022-08-02 17:23:09 - [MESSAGE][PASSED] - Object: 'Object Repository/Search List SP/Page_/Page_/span_User Management' is clicked on

2022-08-02 17:23:09 - [TEST_STEP][PASSED] - click(findTestObject("Object Repository/Search List SP/Page_/Service Provider")): Object: 'Object Repository/Search List SP/Page_/Service Provider' is clicked on

2022-08-02 17:23:10 - [MESSAGE][PASSED] - Object: 'Object Repository/Search List SP/Page_/Service Provider' is clicked on

2022-08-02 17:23:10 - [MESSAGE][PASSED] - Call Test Case 'Test Cases/PreCondition/SP' successfully

2022-08-02 17:23:10 - [TEST_STEP][PASSED] - setText(findTestObject("Search List SP/Page_/Field Search"), validSPId): Text 'IDN0099' is set on object 'Object Repository/Search List SP/Page_/Field Search'

2022-08-02 17:23:10 - [MESSAGE][PASSED] - Text 'IDN0099' is set on object 'Object Repository/Search List SP/Page_/Field Search'

2022-08-02 17:23:10 - [TEST_STEP][PASSED] - delay(10): Delayed 10 second(s)

2022-08-02 17:23:20 - [MESSAGE][PASSED] - Delayed 10 second(s)

2022-08-02 17:23:20 - [TEST_STEP][PASSED] - click(findTestObject("Get Detail SP/Page_/span_arrow_detailSP")): Object: 'Object Repository/Get Detail SP/Page_/span_arrow_detailSP' is clicked on

2022-08-02 17:23:20 - [MESSAGE][PASSED] - Object: 'Object Repository/Get Detail SP/Page_/span_arrow_detailSP' is clicked on

2022-08-02 17:23:20 - [TEST_STEP][PASSED] - delay(15): Delayed 15 second(s)

2022-08-02 17:23:35 - [MESSAGE][PASSED] - Delayed 15 second(s)

2022-08-02 17:23:35 - [TEST_STEP][PASSED] - verifyElementClickable(findTestObject("Get Detail SP/Page_/body_Company Details")): Object 'Object Repository/Get Detail SP/Page_/body_Company Details' is clickable

2022-08-02 17:23:36 - [MESSAGE][PASSED] - Object 'Object Repository/Get Detail SP/Page_/body_Company Details' is clickable

2022-08-02 17:23:36 - [TEST_STEP][PASSED] - verifyElementVisible(findTestObject("Get Detail SP/Page_/body_CompanyLogo")): Object 'Object Repository/Get Detail SP/Page_/body_CompanyLogo' is visible

2022-08-02 17:23:36 - [MESSAGE][PASSED] - Object 'Object Repository/Get Detail SP/Page_/body_CompanyLogo' is visible

2022-08-02 17:23:36 - [TEST_STEP][PASSED] - verifyElementVisible(findTestObject("Get Detail SP/Page_/body_ContactPerson")): Object 'Object Repository/Get Detail SP/Page_/body_ContactPerson' is visible

2022-08-02 17:23:36 - [MESSAGE][PASSED] - Object 'Object Repository/Get Detail SP/Page_/body_ContactPerson' is visible

2022-08-02 17:23:36 - [TEST_STEP][PASSED] - verifyElementVisible(findTestObject("Get Detail SP/Page_/body_Password")): Object 'Object Repository/Get Detail SP/Page_/body_Password' is visible

2022-08-02 17:23:36 - [MESSAGE][PASSED] - Object 'Object Repository/Get Detail SP/Page_/body_Password' is visible

2022-08-02 17:23:36 - [TEST_STEP][PASSED] - verifyElementClickable(findTestObject("Get Detail SP/Page_/button_companyProfile")): Object 'Object Repository/Get Detail SP/Page_/button_companyProfile' is clickable

2022-08-02 17:23:36 - [MESSAGE][PASSED] - Object 'Object Repository/Get Detail SP/Page_/button_companyProfile' is clickable

2022-08-02 17:23:36 - [TEST_STEP][PASSED] - verifyElementClickable(findTestObject("Get Detail SP/Page_/button_edit")): Object 'Object Repository/Get Detail SP/Page_/button_edit' is clickable

2022-08-02 17:23:36 - [MESSAGE][PASSED] - Object 'Object Repository/Get Detail SP/Page_/button_edit' is clickable

2022-08-02 17:23:36 - [TEST_STEP][PASSED] - verifyElementClickable(findTestObject("Get Detail SP/Page_/button_Payment Details")): Object 'Object Repository/Get Detail SP/Page_/button_Payment Details' is clickable

2022-08-02 17:23:36 - [MESSAGE][PASSED] - Object 'Object Repository/Get Detail SP/Page_/button_Payment Details' is clickable

2022-08-02 17:23:36 - [TEST_STEP][PASSED] - click(findTestObject("Get Detail SP/Page_/button_Payment Details")): Object: 'Object Repository/Get Detail SP/Page_/button_Payment Details' is clicked on

2022-08-02 17:23:36 - [MESSAGE][PASSED] - Object: 'Object Repository/Get Detail SP/Page_/button_Payment Details' is clicked on

2022-08-02 17:23:36 - [TEST_STEP][PASSED] - verifyElementVisible(findTestObject("Get Detail SP/Page_/body_Payment Details")): Object 'Object Repository/Get Detail SP/Page_/body_Payment Details' is visible

2022-08-02 17:23:36 - [MESSAGE][PASSED] - Object 'Object Repository/Get Detail SP/Page_/body_Payment Details' is visible

2022-08-02 17:23:36 - [TEST_STEP][PASSED] - verifyElementClickable(findTestObject("Get Detail SP/Page_/button_back")): Object 'Object Repository/Get Detail SP/Page_/button_back' is clickable

2022-08-02 17:23:37 - [MESSAGE][PASSED] - Object 'Object Repository/Get Detail SP/Page_/button_back' is clickable

2022-08-02 17:23:37 - [TEST_STEP][PASSED] - closeBrowser(): Browser is closed

2022-08-02 17:23:37 - [MESSAGE][PASSED] - Browser is closed]]></system-out>
         <system-err><![CDATA[]]></system-err>
      </testcase>
      <testcase name="Test Cases/Service Provider -Internal TMS/Integrate Internal - Get Detail SP/Get Detail SP" time="33.344" classname="Test Cases/Service Provider -Internal TMS/Integrate Internal - Get Detail SP/Get Detail SP" status="PASSED">
         <system-out><![CDATA[2022-08-02 17:23:37 - [TEST_CASE][PASSED] - Test Cases/Service Provider -Internal TMS/Integrate Internal - Get Detail SP/Get Detail SP: Test Cases/Service Provider -Internal TMS/Integrate Internal - Get Detail SP/Get Detail SP

2022-08-02 17:23:37 - [TEST_STEP][PASSED] - callTestCase(findTestCase("PreCondition/SP"), ["validData":""], STOP_ON_FAILURE): Call Test Case 'Test Cases/PreCondition/SP' successfully

2022-08-02 17:23:37 - [TEST_CASE][PASSED] - Test Cases/PreCondition/SP: Test Cases/PreCondition/SP

2022-08-02 17:23:37 - [TEST_STEP][PASSED] - callTestCase(findTestCase("PreCondition/Login Internal-TMS"), [:], STOP_ON_FAILURE): Call Test Case 'Test Cases/PreCondition/Login Internal-TMS' successfully

2022-08-02 17:23:37 - [TEST_CASE][PASSED] - Test Cases/PreCondition/Login Internal-TMS: Test Cases/PreCondition/Login Internal-TMS

2022-08-02 17:23:37 - [TEST_STEP][PASSED] - openBrowser(""): Browser is opened with url: ''

2022-08-02 17:23:37 - [MESSAGE][INFO] - Starting 'Chrome (headless)' driver

2022-08-02 17:23:37 - [MESSAGE][INFO] - Action delay is set to 0 milliseconds

2022-08-02 17:23:39 - [MESSAGE][PASSED] - Browser is opened with url: ''

2022-08-02 17:23:39 - [TEST_STEP][PASSED] - navigateToUrl("https://console-dev.hzn.one/tms"): Navigate to 'https://console-dev.hzn.one/tms' successfully

2022-08-02 17:23:41 - [MESSAGE][PASSED] - Navigate to 'https://console-dev.hzn.one/tms' successfully

2022-08-02 17:23:41 - [TEST_STEP][PASSED] - setText(findTestObject("Login Internal TMS/Page_/Login_inputEmail"), "admin@hzn.one"): Text 'admin@hzn.one' is set on object 'Object Repository/Login Internal TMS/Page_/Login_inputEmail'

2022-08-02 17:23:41 - [MESSAGE][PASSED] - Text 'admin@hzn.one' is set on object 'Object Repository/Login Internal TMS/Page_/Login_inputEmail'

2022-08-02 17:23:41 - [TEST_STEP][PASSED] - setEncryptedText(findTestObject("Login Internal TMS/Page_/Login_inputPassword"), "MnsJkEeAVpEG2LE9uYr7zQ=="): Text ****** has been set on object 'Object Repository/Login Internal TMS/Page_/Login_inputPassword'

2022-08-02 17:23:41 - [MESSAGE][PASSED] - Text ****** has been set on object 'Object Repository/Login Internal TMS/Page_/Login_inputPassword'

2022-08-02 17:23:41 - [TEST_STEP][PASSED] - click(findTestObject("Object Repository/Login Internal TMS/Page_/button_Login")): Object: 'Object Repository/Login Internal TMS/Page_/button_Login' is clicked on

2022-08-02 17:23:42 - [MESSAGE][PASSED] - Object: 'Object Repository/Login Internal TMS/Page_/button_Login' is clicked on

2022-08-02 17:23:42 - [MESSAGE][PASSED] - Call Test Case 'Test Cases/PreCondition/Login Internal-TMS' successfully

2022-08-02 17:23:42 - [TEST_STEP][PASSED] - maximizeWindow(): Current window maximized

2022-08-02 17:23:42 - [MESSAGE][PASSED] - Current window maximized

2022-08-02 17:23:42 - [TEST_STEP][PASSED] - click(findTestObject("Search List SP/Page_/Page_/span_User Management")): Object: 'Object Repository/Search List SP/Page_/Page_/span_User Management' is clicked on

2022-08-02 17:23:43 - [MESSAGE][PASSED] - Object: 'Object Repository/Search List SP/Page_/Page_/span_User Management' is clicked on

2022-08-02 17:23:43 - [TEST_STEP][PASSED] - click(findTestObject("Object Repository/Search List SP/Page_/Service Provider")): Object: 'Object Repository/Search List SP/Page_/Service Provider' is clicked on

2022-08-02 17:23:43 - [MESSAGE][PASSED] - Object: 'Object Repository/Search List SP/Page_/Service Provider' is clicked on

2022-08-02 17:23:43 - [MESSAGE][PASSED] - Call Test Case 'Test Cases/PreCondition/SP' successfully

2022-08-02 17:23:43 - [TEST_STEP][PASSED] - setText(findTestObject("Search List SP/Page_/Field Search"), validSPId): Text 'IDN0093' is set on object 'Object Repository/Search List SP/Page_/Field Search'

2022-08-02 17:23:44 - [MESSAGE][PASSED] - Text 'IDN0093' is set on object 'Object Repository/Search List SP/Page_/Field Search'

2022-08-02 17:23:44 - [TEST_STEP][PASSED] - delay(10): Delayed 10 second(s)

2022-08-02 17:23:54 - [MESSAGE][PASSED] - Delayed 10 second(s)

2022-08-02 17:23:54 - [TEST_STEP][PASSED] - click(findTestObject("Get Detail SP/Page_/span_arrow_detailSP")): Object: 'Object Repository/Get Detail SP/Page_/span_arrow_detailSP' is clicked on

2022-08-02 17:23:54 - [MESSAGE][PASSED] - Object: 'Object Repository/Get Detail SP/Page_/span_arrow_detailSP' is clicked on

2022-08-02 17:23:54 - [TEST_STEP][PASSED] - delay(15): Delayed 15 second(s)

2022-08-02 17:24:09 - [MESSAGE][PASSED] - Delayed 15 second(s)

2022-08-02 17:24:09 - [TEST_STEP][PASSED] - verifyElementClickable(findTestObject("Get Detail SP/Page_/body_Company Details")): Object 'Object Repository/Get Detail SP/Page_/body_Company Details' is clickable

2022-08-02 17:24:09 - [MESSAGE][PASSED] - Object 'Object Repository/Get Detail SP/Page_/body_Company Details' is clickable

2022-08-02 17:24:09 - [TEST_STEP][PASSED] - verifyElementVisible(findTestObject("Get Detail SP/Page_/body_CompanyLogo")): Object 'Object Repository/Get Detail SP/Page_/body_CompanyLogo' is visible

2022-08-02 17:24:09 - [MESSAGE][PASSED] - Object 'Object Repository/Get Detail SP/Page_/body_CompanyLogo' is visible

2022-08-02 17:24:09 - [TEST_STEP][PASSED] - verifyElementVisible(findTestObject("Get Detail SP/Page_/body_ContactPerson")): Object 'Object Repository/Get Detail SP/Page_/body_ContactPerson' is visible

2022-08-02 17:24:09 - [MESSAGE][PASSED] - Object 'Object Repository/Get Detail SP/Page_/body_ContactPerson' is visible

2022-08-02 17:24:09 - [TEST_STEP][PASSED] - verifyElementVisible(findTestObject("Get Detail SP/Page_/body_Password")): Object 'Object Repository/Get Detail SP/Page_/body_Password' is visible

2022-08-02 17:24:09 - [MESSAGE][PASSED] - Object 'Object Repository/Get Detail SP/Page_/body_Password' is visible

2022-08-02 17:24:09 - [TEST_STEP][PASSED] - verifyElementClickable(findTestObject("Get Detail SP/Page_/button_companyProfile")): Object 'Object Repository/Get Detail SP/Page_/button_companyProfile' is clickable

2022-08-02 17:24:09 - [MESSAGE][PASSED] - Object 'Object Repository/Get Detail SP/Page_/button_companyProfile' is clickable

2022-08-02 17:24:09 - [TEST_STEP][PASSED] - verifyElementClickable(findTestObject("Get Detail SP/Page_/button_edit")): Object 'Object Repository/Get Detail SP/Page_/button_edit' is clickable

2022-08-02 17:24:09 - [MESSAGE][PASSED] - Object 'Object Repository/Get Detail SP/Page_/button_edit' is clickable

2022-08-02 17:24:09 - [TEST_STEP][PASSED] - verifyElementClickable(findTestObject("Get Detail SP/Page_/button_Payment Details")): Object 'Object Repository/Get Detail SP/Page_/button_Payment Details' is clickable

2022-08-02 17:24:10 - [MESSAGE][PASSED] - Object 'Object Repository/Get Detail SP/Page_/button_Payment Details' is clickable

2022-08-02 17:24:10 - [TEST_STEP][PASSED] - click(findTestObject("Get Detail SP/Page_/button_Payment Details")): Object: 'Object Repository/Get Detail SP/Page_/button_Payment Details' is clicked on

2022-08-02 17:24:10 - [MESSAGE][PASSED] - Object: 'Object Repository/Get Detail SP/Page_/button_Payment Details' is clicked on

2022-08-02 17:24:10 - [TEST_STEP][PASSED] - verifyElementVisible(findTestObject("Get Detail SP/Page_/body_Payment Details")): Object 'Object Repository/Get Detail SP/Page_/body_Payment Details' is visible

2022-08-02 17:24:10 - [MESSAGE][PASSED] - Object 'Object Repository/Get Detail SP/Page_/body_Payment Details' is visible

2022-08-02 17:24:10 - [TEST_STEP][PASSED] - verifyElementClickable(findTestObject("Get Detail SP/Page_/button_back")): Object 'Object Repository/Get Detail SP/Page_/button_back' is clickable

2022-08-02 17:24:10 - [MESSAGE][PASSED] - Object 'Object Repository/Get Detail SP/Page_/button_back' is clickable

2022-08-02 17:24:10 - [TEST_STEP][PASSED] - closeBrowser(): Browser is closed

2022-08-02 17:24:10 - [MESSAGE][PASSED] - Browser is closed]]></system-out>
         <system-err><![CDATA[]]></system-err>
      </testcase>
      <testcase name="Test Cases/Service Provider -Internal TMS/Integrate Internal - Get Detail SP/Get Detail SP" time="33.303" classname="Test Cases/Service Provider -Internal TMS/Integrate Internal - Get Detail SP/Get Detail SP" status="PASSED">
         <system-out><![CDATA[2022-08-02 17:24:10 - [TEST_CASE][PASSED] - Test Cases/Service Provider -Internal TMS/Integrate Internal - Get Detail SP/Get Detail SP: Test Cases/Service Provider -Internal TMS/Integrate Internal - Get Detail SP/Get Detail SP

2022-08-02 17:24:10 - [TEST_STEP][PASSED] - callTestCase(findTestCase("PreCondition/SP"), ["validData":""], STOP_ON_FAILURE): Call Test Case 'Test Cases/PreCondition/SP' successfully

2022-08-02 17:24:11 - [TEST_CASE][PASSED] - Test Cases/PreCondition/SP: Test Cases/PreCondition/SP

2022-08-02 17:24:11 - [TEST_STEP][PASSED] - callTestCase(findTestCase("PreCondition/Login Internal-TMS"), [:], STOP_ON_FAILURE): Call Test Case 'Test Cases/PreCondition/Login Internal-TMS' successfully

2022-08-02 17:24:11 - [TEST_CASE][PASSED] - Test Cases/PreCondition/Login Internal-TMS: Test Cases/PreCondition/Login Internal-TMS

2022-08-02 17:24:11 - [TEST_STEP][PASSED] - openBrowser(""): Browser is opened with url: ''

2022-08-02 17:24:11 - [MESSAGE][INFO] - Starting 'Chrome (headless)' driver

2022-08-02 17:24:11 - [MESSAGE][INFO] - Action delay is set to 0 milliseconds

2022-08-02 17:24:12 - [MESSAGE][PASSED] - Browser is opened with url: ''

2022-08-02 17:24:12 - [TEST_STEP][PASSED] - navigateToUrl("https://console-dev.hzn.one/tms"): Navigate to 'https://console-dev.hzn.one/tms' successfully

2022-08-02 17:24:14 - [MESSAGE][PASSED] - Navigate to 'https://console-dev.hzn.one/tms' successfully

2022-08-02 17:24:14 - [TEST_STEP][PASSED] - setText(findTestObject("Login Internal TMS/Page_/Login_inputEmail"), "admin@hzn.one"): Text 'admin@hzn.one' is set on object 'Object Repository/Login Internal TMS/Page_/Login_inputEmail'

2022-08-02 17:24:14 - [MESSAGE][PASSED] - Text 'admin@hzn.one' is set on object 'Object Repository/Login Internal TMS/Page_/Login_inputEmail'

2022-08-02 17:24:14 - [TEST_STEP][PASSED] - setEncryptedText(findTestObject("Login Internal TMS/Page_/Login_inputPassword"), "MnsJkEeAVpEG2LE9uYr7zQ=="): Text ****** has been set on object 'Object Repository/Login Internal TMS/Page_/Login_inputPassword'

2022-08-02 17:24:15 - [MESSAGE][PASSED] - Text ****** has been set on object 'Object Repository/Login Internal TMS/Page_/Login_inputPassword'

2022-08-02 17:24:15 - [TEST_STEP][PASSED] - click(findTestObject("Object Repository/Login Internal TMS/Page_/button_Login")): Object: 'Object Repository/Login Internal TMS/Page_/button_Login' is clicked on

2022-08-02 17:24:15 - [MESSAGE][PASSED] - Object: 'Object Repository/Login Internal TMS/Page_/button_Login' is clicked on

2022-08-02 17:24:15 - [MESSAGE][PASSED] - Call Test Case 'Test Cases/PreCondition/Login Internal-TMS' successfully

2022-08-02 17:24:15 - [TEST_STEP][PASSED] - maximizeWindow(): Current window maximized

2022-08-02 17:24:15 - [MESSAGE][PASSED] - Current window maximized

2022-08-02 17:24:15 - [TEST_STEP][PASSED] - click(findTestObject("Search List SP/Page_/Page_/span_User Management")): Object: 'Object Repository/Search List SP/Page_/Page_/span_User Management' is clicked on

2022-08-02 17:24:16 - [MESSAGE][PASSED] - Object: 'Object Repository/Search List SP/Page_/Page_/span_User Management' is clicked on

2022-08-02 17:24:16 - [TEST_STEP][PASSED] - click(findTestObject("Object Repository/Search List SP/Page_/Service Provider")): Object: 'Object Repository/Search List SP/Page_/Service Provider' is clicked on

2022-08-02 17:24:16 - [MESSAGE][PASSED] - Object: 'Object Repository/Search List SP/Page_/Service Provider' is clicked on

2022-08-02 17:24:16 - [MESSAGE][PASSED] - Call Test Case 'Test Cases/PreCondition/SP' successfully

2022-08-02 17:24:16 - [TEST_STEP][PASSED] - setText(findTestObject("Search List SP/Page_/Field Search"), validSPId): Text 'IDN0080' is set on object 'Object Repository/Search List SP/Page_/Field Search'

2022-08-02 17:24:17 - [MESSAGE][PASSED] - Text 'IDN0080' is set on object 'Object Repository/Search List SP/Page_/Field Search'

2022-08-02 17:24:17 - [TEST_STEP][PASSED] - delay(10): Delayed 10 second(s)

2022-08-02 17:24:27 - [MESSAGE][PASSED] - Delayed 10 second(s)

2022-08-02 17:24:27 - [TEST_STEP][PASSED] - click(findTestObject("Get Detail SP/Page_/span_arrow_detailSP")): Object: 'Object Repository/Get Detail SP/Page_/span_arrow_detailSP' is clicked on

2022-08-02 17:24:27 - [MESSAGE][PASSED] - Object: 'Object Repository/Get Detail SP/Page_/span_arrow_detailSP' is clicked on

2022-08-02 17:24:27 - [TEST_STEP][PASSED] - delay(15): Delayed 15 second(s)

2022-08-02 17:24:42 - [MESSAGE][PASSED] - Delayed 15 second(s)

2022-08-02 17:24:42 - [TEST_STEP][PASSED] - verifyElementClickable(findTestObject("Get Detail SP/Page_/body_Company Details")): Object 'Object Repository/Get Detail SP/Page_/body_Company Details' is clickable

2022-08-02 17:24:42 - [MESSAGE][PASSED] - Object 'Object Repository/Get Detail SP/Page_/body_Company Details' is clickable

2022-08-02 17:24:42 - [TEST_STEP][PASSED] - verifyElementVisible(findTestObject("Get Detail SP/Page_/body_CompanyLogo")): Object 'Object Repository/Get Detail SP/Page_/body_CompanyLogo' is visible

2022-08-02 17:24:42 - [MESSAGE][PASSED] - Object 'Object Repository/Get Detail SP/Page_/body_CompanyLogo' is visible

2022-08-02 17:24:42 - [TEST_STEP][PASSED] - verifyElementVisible(findTestObject("Get Detail SP/Page_/body_ContactPerson")): Object 'Object Repository/Get Detail SP/Page_/body_ContactPerson' is visible

2022-08-02 17:24:42 - [MESSAGE][PASSED] - Object 'Object Repository/Get Detail SP/Page_/body_ContactPerson' is visible

2022-08-02 17:24:42 - [TEST_STEP][PASSED] - verifyElementVisible(findTestObject("Get Detail SP/Page_/body_Password")): Object 'Object Repository/Get Detail SP/Page_/body_Password' is visible

2022-08-02 17:24:43 - [MESSAGE][PASSED] - Object 'Object Repository/Get Detail SP/Page_/body_Password' is visible

2022-08-02 17:24:43 - [TEST_STEP][PASSED] - verifyElementClickable(findTestObject("Get Detail SP/Page_/button_companyProfile")): Object 'Object Repository/Get Detail SP/Page_/button_companyProfile' is clickable

2022-08-02 17:24:43 - [MESSAGE][PASSED] - Object 'Object Repository/Get Detail SP/Page_/button_companyProfile' is clickable

2022-08-02 17:24:43 - [TEST_STEP][PASSED] - verifyElementClickable(findTestObject("Get Detail SP/Page_/button_edit")): Object 'Object Repository/Get Detail SP/Page_/button_edit' is clickable

2022-08-02 17:24:43 - [MESSAGE][PASSED] - Object 'Object Repository/Get Detail SP/Page_/button_edit' is clickable

2022-08-02 17:24:43 - [TEST_STEP][PASSED] - verifyElementClickable(findTestObject("Get Detail SP/Page_/button_Payment Details")): Object 'Object Repository/Get Detail SP/Page_/button_Payment Details' is clickable

2022-08-02 17:24:43 - [MESSAGE][PASSED] - Object 'Object Repository/Get Detail SP/Page_/button_Payment Details' is clickable

2022-08-02 17:24:43 - [TEST_STEP][PASSED] - click(findTestObject("Get Detail SP/Page_/button_Payment Details")): Object: 'Object Repository/Get Detail SP/Page_/button_Payment Details' is clicked on

2022-08-02 17:24:43 - [MESSAGE][PASSED] - Object: 'Object Repository/Get Detail SP/Page_/button_Payment Details' is clicked on

2022-08-02 17:24:43 - [TEST_STEP][PASSED] - verifyElementVisible(findTestObject("Get Detail SP/Page_/body_Payment Details")): Object 'Object Repository/Get Detail SP/Page_/body_Payment Details' is visible

2022-08-02 17:24:43 - [MESSAGE][PASSED] - Object 'Object Repository/Get Detail SP/Page_/body_Payment Details' is visible

2022-08-02 17:24:43 - [TEST_STEP][PASSED] - verifyElementClickable(findTestObject("Get Detail SP/Page_/button_back")): Object 'Object Repository/Get Detail SP/Page_/button_back' is clickable

2022-08-02 17:24:43 - [MESSAGE][PASSED] - Object 'Object Repository/Get Detail SP/Page_/button_back' is clickable

2022-08-02 17:24:43 - [TEST_STEP][PASSED] - closeBrowser(): Browser is closed

2022-08-02 17:24:44 - [MESSAGE][PASSED] - Browser is closed]]></system-out>
         <system-err><![CDATA[]]></system-err>
      </testcase>
      <testcase name="Test Cases/Service Provider -Internal TMS/Integrate Internal - Get Detail SP/Get Detail SP" time="33.453" classname="Test Cases/Service Provider -Internal TMS/Integrate Internal - Get Detail SP/Get Detail SP" status="PASSED">
         <system-out><![CDATA[2022-08-02 17:24:44 - [TEST_CASE][PASSED] - Test Cases/Service Provider -Internal TMS/Integrate Internal - Get Detail SP/Get Detail SP: Test Cases/Service Provider -Internal TMS/Integrate Internal - Get Detail SP/Get Detail SP

2022-08-02 17:24:44 - [TEST_STEP][PASSED] - callTestCase(findTestCase("PreCondition/SP"), ["validData":""], STOP_ON_FAILURE): Call Test Case 'Test Cases/PreCondition/SP' successfully

2022-08-02 17:24:44 - [TEST_CASE][PASSED] - Test Cases/PreCondition/SP: Test Cases/PreCondition/SP

2022-08-02 17:24:44 - [TEST_STEP][PASSED] - callTestCase(findTestCase("PreCondition/Login Internal-TMS"), [:], STOP_ON_FAILURE): Call Test Case 'Test Cases/PreCondition/Login Internal-TMS' successfully

2022-08-02 17:24:44 - [TEST_CASE][PASSED] - Test Cases/PreCondition/Login Internal-TMS: Test Cases/PreCondition/Login Internal-TMS

2022-08-02 17:24:44 - [TEST_STEP][PASSED] - openBrowser(""): Browser is opened with url: ''

2022-08-02 17:24:44 - [MESSAGE][INFO] - Starting 'Chrome (headless)' driver

2022-08-02 17:24:44 - [MESSAGE][INFO] - Action delay is set to 0 milliseconds

2022-08-02 17:24:46 - [MESSAGE][PASSED] - Browser is opened with url: ''

2022-08-02 17:24:46 - [TEST_STEP][PASSED] - navigateToUrl("https://console-dev.hzn.one/tms"): Navigate to 'https://console-dev.hzn.one/tms' successfully

2022-08-02 17:24:48 - [MESSAGE][PASSED] - Navigate to 'https://console-dev.hzn.one/tms' successfully

2022-08-02 17:24:48 - [TEST_STEP][PASSED] - setText(findTestObject("Login Internal TMS/Page_/Login_inputEmail"), "admin@hzn.one"): Text 'admin@hzn.one' is set on object 'Object Repository/Login Internal TMS/Page_/Login_inputEmail'

2022-08-02 17:24:48 - [MESSAGE][PASSED] - Text 'admin@hzn.one' is set on object 'Object Repository/Login Internal TMS/Page_/Login_inputEmail'

2022-08-02 17:24:48 - [TEST_STEP][PASSED] - setEncryptedText(findTestObject("Login Internal TMS/Page_/Login_inputPassword"), "MnsJkEeAVpEG2LE9uYr7zQ=="): Text ****** has been set on object 'Object Repository/Login Internal TMS/Page_/Login_inputPassword'

2022-08-02 17:24:48 - [MESSAGE][PASSED] - Text ****** has been set on object 'Object Repository/Login Internal TMS/Page_/Login_inputPassword'

2022-08-02 17:24:48 - [TEST_STEP][PASSED] - click(findTestObject("Object Repository/Login Internal TMS/Page_/button_Login")): Object: 'Object Repository/Login Internal TMS/Page_/button_Login' is clicked on

2022-08-02 17:24:48 - [MESSAGE][PASSED] - Object: 'Object Repository/Login Internal TMS/Page_/button_Login' is clicked on

2022-08-02 17:24:48 - [MESSAGE][PASSED] - Call Test Case 'Test Cases/PreCondition/Login Internal-TMS' successfully

2022-08-02 17:24:48 - [TEST_STEP][PASSED] - maximizeWindow(): Current window maximized

2022-08-02 17:24:49 - [MESSAGE][PASSED] - Current window maximized

2022-08-02 17:24:49 - [TEST_STEP][PASSED] - click(findTestObject("Search List SP/Page_/Page_/span_User Management")): Object: 'Object Repository/Search List SP/Page_/Page_/span_User Management' is clicked on

2022-08-02 17:24:50 - [MESSAGE][PASSED] - Object: 'Object Repository/Search List SP/Page_/Page_/span_User Management' is clicked on

2022-08-02 17:24:50 - [TEST_STEP][PASSED] - click(findTestObject("Object Repository/Search List SP/Page_/Service Provider")): Object: 'Object Repository/Search List SP/Page_/Service Provider' is clicked on

2022-08-02 17:24:50 - [MESSAGE][PASSED] - Object: 'Object Repository/Search List SP/Page_/Service Provider' is clicked on

2022-08-02 17:24:50 - [MESSAGE][PASSED] - Call Test Case 'Test Cases/PreCondition/SP' successfully

2022-08-02 17:24:50 - [TEST_STEP][PASSED] - setText(findTestObject("Search List SP/Page_/Field Search"), validSPId): Text 'IDN0061' is set on object 'Object Repository/Search List SP/Page_/Field Search'

2022-08-02 17:24:50 - [MESSAGE][PASSED] - Text 'IDN0061' is set on object 'Object Repository/Search List SP/Page_/Field Search'

2022-08-02 17:24:50 - [TEST_STEP][PASSED] - delay(10): Delayed 10 second(s)

2022-08-02 17:25:00 - [MESSAGE][PASSED] - Delayed 10 second(s)

2022-08-02 17:25:00 - [TEST_STEP][PASSED] - click(findTestObject("Get Detail SP/Page_/span_arrow_detailSP")): Object: 'Object Repository/Get Detail SP/Page_/span_arrow_detailSP' is clicked on

2022-08-02 17:25:01 - [MESSAGE][PASSED] - Object: 'Object Repository/Get Detail SP/Page_/span_arrow_detailSP' is clicked on

2022-08-02 17:25:01 - [TEST_STEP][PASSED] - delay(15): Delayed 15 second(s)

2022-08-02 17:25:16 - [MESSAGE][PASSED] - Delayed 15 second(s)

2022-08-02 17:25:16 - [TEST_STEP][PASSED] - verifyElementClickable(findTestObject("Get Detail SP/Page_/body_Company Details")): Object 'Object Repository/Get Detail SP/Page_/body_Company Details' is clickable

2022-08-02 17:25:16 - [MESSAGE][PASSED] - Object 'Object Repository/Get Detail SP/Page_/body_Company Details' is clickable

2022-08-02 17:25:16 - [TEST_STEP][PASSED] - verifyElementVisible(findTestObject("Get Detail SP/Page_/body_CompanyLogo")): Object 'Object Repository/Get Detail SP/Page_/body_CompanyLogo' is visible

2022-08-02 17:25:16 - [MESSAGE][PASSED] - Object 'Object Repository/Get Detail SP/Page_/body_CompanyLogo' is visible

2022-08-02 17:25:16 - [TEST_STEP][PASSED] - verifyElementVisible(findTestObject("Get Detail SP/Page_/body_ContactPerson")): Object 'Object Repository/Get Detail SP/Page_/body_ContactPerson' is visible

2022-08-02 17:25:16 - [MESSAGE][PASSED] - Object 'Object Repository/Get Detail SP/Page_/body_ContactPerson' is visible

2022-08-02 17:25:16 - [TEST_STEP][PASSED] - verifyElementVisible(findTestObject("Get Detail SP/Page_/body_Password")): Object 'Object Repository/Get Detail SP/Page_/body_Password' is visible

2022-08-02 17:25:16 - [MESSAGE][PASSED] - Object 'Object Repository/Get Detail SP/Page_/body_Password' is visible

2022-08-02 17:25:16 - [TEST_STEP][PASSED] - verifyElementClickable(findTestObject("Get Detail SP/Page_/button_companyProfile")): Object 'Object Repository/Get Detail SP/Page_/button_companyProfile' is clickable

2022-08-02 17:25:16 - [MESSAGE][PASSED] - Object 'Object Repository/Get Detail SP/Page_/button_companyProfile' is clickable

2022-08-02 17:25:16 - [TEST_STEP][PASSED] - verifyElementClickable(findTestObject("Get Detail SP/Page_/button_edit")): Object 'Object Repository/Get Detail SP/Page_/button_edit' is clickable

2022-08-02 17:25:16 - [MESSAGE][PASSED] - Object 'Object Repository/Get Detail SP/Page_/button_edit' is clickable

2022-08-02 17:25:16 - [TEST_STEP][PASSED] - verifyElementClickable(findTestObject("Get Detail SP/Page_/button_Payment Details")): Object 'Object Repository/Get Detail SP/Page_/button_Payment Details' is clickable

2022-08-02 17:25:16 - [MESSAGE][PASSED] - Object 'Object Repository/Get Detail SP/Page_/button_Payment Details' is clickable

2022-08-02 17:25:16 - [TEST_STEP][PASSED] - click(findTestObject("Get Detail SP/Page_/button_Payment Details")): Object: 'Object Repository/Get Detail SP/Page_/button_Payment Details' is clicked on

2022-08-02 17:25:16 - [MESSAGE][PASSED] - Object: 'Object Repository/Get Detail SP/Page_/button_Payment Details' is clicked on

2022-08-02 17:25:16 - [TEST_STEP][PASSED] - verifyElementVisible(findTestObject("Get Detail SP/Page_/body_Payment Details")): Object 'Object Repository/Get Detail SP/Page_/body_Payment Details' is visible

2022-08-02 17:25:17 - [MESSAGE][PASSED] - Object 'Object Repository/Get Detail SP/Page_/body_Payment Details' is visible

2022-08-02 17:25:17 - [TEST_STEP][PASSED] - verifyElementClickable(findTestObject("Get Detail SP/Page_/button_back")): Object 'Object Repository/Get Detail SP/Page_/button_back' is clickable

2022-08-02 17:25:17 - [MESSAGE][PASSED] - Object 'Object Repository/Get Detail SP/Page_/button_back' is clickable

2022-08-02 17:25:17 - [TEST_STEP][PASSED] - closeBrowser(): Browser is closed

2022-08-02 17:25:17 - [MESSAGE][PASSED] - Browser is closed]]></system-out>
         <system-err><![CDATA[]]></system-err>
      </testcase>
      <testcase name="Test Cases/Service Provider -Internal TMS/Integrate Internal - Get Detail SP/Get Detail SP" time="34.431" classname="Test Cases/Service Provider -Internal TMS/Integrate Internal - Get Detail SP/Get Detail SP" status="PASSED">
         <system-out><![CDATA[2022-08-02 17:25:17 - [TEST_CASE][PASSED] - Test Cases/Service Provider -Internal TMS/Integrate Internal - Get Detail SP/Get Detail SP: Test Cases/Service Provider -Internal TMS/Integrate Internal - Get Detail SP/Get Detail SP

2022-08-02 17:25:17 - [TEST_STEP][PASSED] - callTestCase(findTestCase("PreCondition/SP"), ["validData":""], STOP_ON_FAILURE): Call Test Case 'Test Cases/PreCondition/SP' successfully

2022-08-02 17:25:17 - [TEST_CASE][PASSED] - Test Cases/PreCondition/SP: Test Cases/PreCondition/SP

2022-08-02 17:25:17 - [TEST_STEP][PASSED] - callTestCase(findTestCase("PreCondition/Login Internal-TMS"), [:], STOP_ON_FAILURE): Call Test Case 'Test Cases/PreCondition/Login Internal-TMS' successfully

2022-08-02 17:25:17 - [TEST_CASE][PASSED] - Test Cases/PreCondition/Login Internal-TMS: Test Cases/PreCondition/Login Internal-TMS

2022-08-02 17:25:17 - [TEST_STEP][PASSED] - openBrowser(""): Browser is opened with url: ''

2022-08-02 17:25:17 - [MESSAGE][INFO] - Starting 'Chrome (headless)' driver

2022-08-02 17:25:17 - [MESSAGE][INFO] - Action delay is set to 0 milliseconds

2022-08-02 17:25:19 - [MESSAGE][PASSED] - Browser is opened with url: ''

2022-08-02 17:25:19 - [TEST_STEP][PASSED] - navigateToUrl("https://console-dev.hzn.one/tms"): Navigate to 'https://console-dev.hzn.one/tms' successfully

2022-08-02 17:25:22 - [MESSAGE][PASSED] - Navigate to 'https://console-dev.hzn.one/tms' successfully

2022-08-02 17:25:22 - [TEST_STEP][PASSED] - setText(findTestObject("Login Internal TMS/Page_/Login_inputEmail"), "admin@hzn.one"): Text 'admin@hzn.one' is set on object 'Object Repository/Login Internal TMS/Page_/Login_inputEmail'

2022-08-02 17:25:22 - [MESSAGE][PASSED] - Text 'admin@hzn.one' is set on object 'Object Repository/Login Internal TMS/Page_/Login_inputEmail'

2022-08-02 17:25:22 - [TEST_STEP][PASSED] - setEncryptedText(findTestObject("Login Internal TMS/Page_/Login_inputPassword"), "MnsJkEeAVpEG2LE9uYr7zQ=="): Text ****** has been set on object 'Object Repository/Login Internal TMS/Page_/Login_inputPassword'

2022-08-02 17:25:22 - [MESSAGE][PASSED] - Text ****** has been set on object 'Object Repository/Login Internal TMS/Page_/Login_inputPassword'

2022-08-02 17:25:22 - [TEST_STEP][PASSED] - click(findTestObject("Object Repository/Login Internal TMS/Page_/button_Login")): Object: 'Object Repository/Login Internal TMS/Page_/button_Login' is clicked on

2022-08-02 17:25:23 - [MESSAGE][PASSED] - Object: 'Object Repository/Login Internal TMS/Page_/button_Login' is clicked on

2022-08-02 17:25:23 - [MESSAGE][PASSED] - Call Test Case 'Test Cases/PreCondition/Login Internal-TMS' successfully

2022-08-02 17:25:23 - [TEST_STEP][PASSED] - maximizeWindow(): Current window maximized

2022-08-02 17:25:23 - [MESSAGE][PASSED] - Current window maximized

2022-08-02 17:25:23 - [TEST_STEP][PASSED] - click(findTestObject("Search List SP/Page_/Page_/span_User Management")): Object: 'Object Repository/Search List SP/Page_/Page_/span_User Management' is clicked on

2022-08-02 17:25:24 - [MESSAGE][PASSED] - Object: 'Object Repository/Search List SP/Page_/Page_/span_User Management' is clicked on

2022-08-02 17:25:24 - [TEST_STEP][PASSED] - click(findTestObject("Object Repository/Search List SP/Page_/Service Provider")): Object: 'Object Repository/Search List SP/Page_/Service Provider' is clicked on

2022-08-02 17:25:24 - [MESSAGE][PASSED] - Object: 'Object Repository/Search List SP/Page_/Service Provider' is clicked on

2022-08-02 17:25:24 - [MESSAGE][PASSED] - Call Test Case 'Test Cases/PreCondition/SP' successfully

2022-08-02 17:25:24 - [TEST_STEP][PASSED] - setText(findTestObject("Search List SP/Page_/Field Search"), validSPId): Text 'IDN0049' is set on object 'Object Repository/Search List SP/Page_/Field Search'

2022-08-02 17:25:25 - [MESSAGE][PASSED] - Text 'IDN0049' is set on object 'Object Repository/Search List SP/Page_/Field Search'

2022-08-02 17:25:25 - [TEST_STEP][PASSED] - delay(10): Delayed 10 second(s)

2022-08-02 17:25:35 - [MESSAGE][PASSED] - Delayed 10 second(s)

2022-08-02 17:25:35 - [TEST_STEP][PASSED] - click(findTestObject("Get Detail SP/Page_/span_arrow_detailSP")): Object: 'Object Repository/Get Detail SP/Page_/span_arrow_detailSP' is clicked on

2022-08-02 17:25:35 - [MESSAGE][PASSED] - Object: 'Object Repository/Get Detail SP/Page_/span_arrow_detailSP' is clicked on

2022-08-02 17:25:35 - [TEST_STEP][PASSED] - delay(15): Delayed 15 second(s)

2022-08-02 17:25:50 - [MESSAGE][PASSED] - Delayed 15 second(s)

2022-08-02 17:25:50 - [TEST_STEP][PASSED] - verifyElementClickable(findTestObject("Get Detail SP/Page_/body_Company Details")): Object 'Object Repository/Get Detail SP/Page_/body_Company Details' is clickable

2022-08-02 17:25:50 - [MESSAGE][PASSED] - Object 'Object Repository/Get Detail SP/Page_/body_Company Details' is clickable

2022-08-02 17:25:50 - [TEST_STEP][PASSED] - verifyElementVisible(findTestObject("Get Detail SP/Page_/body_CompanyLogo")): Object 'Object Repository/Get Detail SP/Page_/body_CompanyLogo' is visible

2022-08-02 17:25:50 - [MESSAGE][PASSED] - Object 'Object Repository/Get Detail SP/Page_/body_CompanyLogo' is visible

2022-08-02 17:25:50 - [TEST_STEP][PASSED] - verifyElementVisible(findTestObject("Get Detail SP/Page_/body_ContactPerson")): Object 'Object Repository/Get Detail SP/Page_/body_ContactPerson' is visible

2022-08-02 17:25:50 - [MESSAGE][PASSED] - Object 'Object Repository/Get Detail SP/Page_/body_ContactPerson' is visible

2022-08-02 17:25:50 - [TEST_STEP][PASSED] - verifyElementVisible(findTestObject("Get Detail SP/Page_/body_Password")): Object 'Object Repository/Get Detail SP/Page_/body_Password' is visible

2022-08-02 17:25:50 - [MESSAGE][PASSED] - Object 'Object Repository/Get Detail SP/Page_/body_Password' is visible

2022-08-02 17:25:50 - [TEST_STEP][PASSED] - verifyElementClickable(findTestObject("Get Detail SP/Page_/button_companyProfile")): Object 'Object Repository/Get Detail SP/Page_/button_companyProfile' is clickable

2022-08-02 17:25:51 - [MESSAGE][PASSED] - Object 'Object Repository/Get Detail SP/Page_/button_companyProfile' is clickable

2022-08-02 17:25:51 - [TEST_STEP][PASSED] - verifyElementClickable(findTestObject("Get Detail SP/Page_/button_edit")): Object 'Object Repository/Get Detail SP/Page_/button_edit' is clickable

2022-08-02 17:25:51 - [MESSAGE][PASSED] - Object 'Object Repository/Get Detail SP/Page_/button_edit' is clickable

2022-08-02 17:25:51 - [TEST_STEP][PASSED] - verifyElementClickable(findTestObject("Get Detail SP/Page_/button_Payment Details")): Object 'Object Repository/Get Detail SP/Page_/button_Payment Details' is clickable

2022-08-02 17:25:51 - [MESSAGE][PASSED] - Object 'Object Repository/Get Detail SP/Page_/button_Payment Details' is clickable

2022-08-02 17:25:51 - [TEST_STEP][PASSED] - click(findTestObject("Get Detail SP/Page_/button_Payment Details")): Object: 'Object Repository/Get Detail SP/Page_/button_Payment Details' is clicked on

2022-08-02 17:25:51 - [MESSAGE][PASSED] - Object: 'Object Repository/Get Detail SP/Page_/button_Payment Details' is clicked on

2022-08-02 17:25:51 - [TEST_STEP][PASSED] - verifyElementVisible(findTestObject("Get Detail SP/Page_/body_Payment Details")): Object 'Object Repository/Get Detail SP/Page_/body_Payment Details' is visible

2022-08-02 17:25:51 - [MESSAGE][PASSED] - Object 'Object Repository/Get Detail SP/Page_/body_Payment Details' is visible

2022-08-02 17:25:51 - [TEST_STEP][PASSED] - verifyElementClickable(findTestObject("Get Detail SP/Page_/button_back")): Object 'Object Repository/Get Detail SP/Page_/button_back' is clickable

2022-08-02 17:25:51 - [MESSAGE][PASSED] - Object 'Object Repository/Get Detail SP/Page_/button_back' is clickable

2022-08-02 17:25:51 - [TEST_STEP][PASSED] - closeBrowser(): Browser is closed

2022-08-02 17:25:52 - [MESSAGE][PASSED] - Browser is closed]]></system-out>
         <system-err><![CDATA[]]></system-err>
      </testcase>
      <testcase name="Test Cases/Service Provider -Internal TMS/Integrate Internal - Get Detail SP/Get Detail SP" time="33.243" classname="Test Cases/Service Provider -Internal TMS/Integrate Internal - Get Detail SP/Get Detail SP" status="PASSED">
         <system-out><![CDATA[2022-08-02 17:25:52 - [TEST_CASE][PASSED] - Test Cases/Service Provider -Internal TMS/Integrate Internal - Get Detail SP/Get Detail SP: Test Cases/Service Provider -Internal TMS/Integrate Internal - Get Detail SP/Get Detail SP

2022-08-02 17:25:52 - [TEST_STEP][PASSED] - callTestCase(findTestCase("PreCondition/SP"), ["validData":""], STOP_ON_FAILURE): Call Test Case 'Test Cases/PreCondition/SP' successfully

2022-08-02 17:25:52 - [TEST_CASE][PASSED] - Test Cases/PreCondition/SP: Test Cases/PreCondition/SP

2022-08-02 17:25:52 - [TEST_STEP][PASSED] - callTestCase(findTestCase("PreCondition/Login Internal-TMS"), [:], STOP_ON_FAILURE): Call Test Case 'Test Cases/PreCondition/Login Internal-TMS' successfully

2022-08-02 17:25:52 - [TEST_CASE][PASSED] - Test Cases/PreCondition/Login Internal-TMS: Test Cases/PreCondition/Login Internal-TMS

2022-08-02 17:25:52 - [TEST_STEP][PASSED] - openBrowser(""): Browser is opened with url: ''

2022-08-02 17:25:52 - [MESSAGE][INFO] - Starting 'Chrome (headless)' driver

2022-08-02 17:25:52 - [MESSAGE][INFO] - Action delay is set to 0 milliseconds

2022-08-02 17:25:53 - [MESSAGE][PASSED] - Browser is opened with url: ''

2022-08-02 17:25:53 - [TEST_STEP][PASSED] - navigateToUrl("https://console-dev.hzn.one/tms"): Navigate to 'https://console-dev.hzn.one/tms' successfully

2022-08-02 17:25:55 - [MESSAGE][PASSED] - Navigate to 'https://console-dev.hzn.one/tms' successfully

2022-08-02 17:25:55 - [TEST_STEP][PASSED] - setText(findTestObject("Login Internal TMS/Page_/Login_inputEmail"), "admin@hzn.one"): Text 'admin@hzn.one' is set on object 'Object Repository/Login Internal TMS/Page_/Login_inputEmail'

2022-08-02 17:25:56 - [MESSAGE][PASSED] - Text 'admin@hzn.one' is set on object 'Object Repository/Login Internal TMS/Page_/Login_inputEmail'

2022-08-02 17:25:56 - [TEST_STEP][PASSED] - setEncryptedText(findTestObject("Login Internal TMS/Page_/Login_inputPassword"), "MnsJkEeAVpEG2LE9uYr7zQ=="): Text ****** has been set on object 'Object Repository/Login Internal TMS/Page_/Login_inputPassword'

2022-08-02 17:25:56 - [MESSAGE][PASSED] - Text ****** has been set on object 'Object Repository/Login Internal TMS/Page_/Login_inputPassword'

2022-08-02 17:25:56 - [TEST_STEP][PASSED] - click(findTestObject("Object Repository/Login Internal TMS/Page_/button_Login")): Object: 'Object Repository/Login Internal TMS/Page_/button_Login' is clicked on

2022-08-02 17:25:56 - [MESSAGE][PASSED] - Object: 'Object Repository/Login Internal TMS/Page_/button_Login' is clicked on

2022-08-02 17:25:56 - [MESSAGE][PASSED] - Call Test Case 'Test Cases/PreCondition/Login Internal-TMS' successfully

2022-08-02 17:25:56 - [TEST_STEP][PASSED] - maximizeWindow(): Current window maximized

2022-08-02 17:25:56 - [MESSAGE][PASSED] - Current window maximized

2022-08-02 17:25:56 - [TEST_STEP][PASSED] - click(findTestObject("Search List SP/Page_/Page_/span_User Management")): Object: 'Object Repository/Search List SP/Page_/Page_/span_User Management' is clicked on

2022-08-02 17:25:57 - [MESSAGE][PASSED] - Object: 'Object Repository/Search List SP/Page_/Page_/span_User Management' is clicked on

2022-08-02 17:25:57 - [TEST_STEP][PASSED] - click(findTestObject("Object Repository/Search List SP/Page_/Service Provider")): Object: 'Object Repository/Search List SP/Page_/Service Provider' is clicked on

2022-08-02 17:25:57 - [MESSAGE][PASSED] - Object: 'Object Repository/Search List SP/Page_/Service Provider' is clicked on

2022-08-02 17:25:57 - [MESSAGE][PASSED] - Call Test Case 'Test Cases/PreCondition/SP' successfully

2022-08-02 17:25:57 - [TEST_STEP][PASSED] - setText(findTestObject("Search List SP/Page_/Field Search"), validSPId): Text 'IDN0040' is set on object 'Object Repository/Search List SP/Page_/Field Search'

2022-08-02 17:25:58 - [MESSAGE][PASSED] - Text 'IDN0040' is set on object 'Object Repository/Search List SP/Page_/Field Search'

2022-08-02 17:25:58 - [TEST_STEP][PASSED] - delay(10): Delayed 10 second(s)

2022-08-02 17:26:08 - [MESSAGE][PASSED] - Delayed 10 second(s)

2022-08-02 17:26:08 - [TEST_STEP][PASSED] - click(findTestObject("Get Detail SP/Page_/span_arrow_detailSP")): Object: 'Object Repository/Get Detail SP/Page_/span_arrow_detailSP' is clicked on

2022-08-02 17:26:08 - [MESSAGE][PASSED] - Object: 'Object Repository/Get Detail SP/Page_/span_arrow_detailSP' is clicked on

2022-08-02 17:26:08 - [TEST_STEP][PASSED] - delay(15): Delayed 15 second(s)

2022-08-02 17:26:23 - [MESSAGE][PASSED] - Delayed 15 second(s)

2022-08-02 17:26:23 - [TEST_STEP][PASSED] - verifyElementClickable(findTestObject("Get Detail SP/Page_/body_Company Details")): Object 'Object Repository/Get Detail SP/Page_/body_Company Details' is clickable

2022-08-02 17:26:23 - [MESSAGE][PASSED] - Object 'Object Repository/Get Detail SP/Page_/body_Company Details' is clickable

2022-08-02 17:26:23 - [TEST_STEP][PASSED] - verifyElementVisible(findTestObject("Get Detail SP/Page_/body_CompanyLogo")): Object 'Object Repository/Get Detail SP/Page_/body_CompanyLogo' is visible

2022-08-02 17:26:24 - [MESSAGE][PASSED] - Object 'Object Repository/Get Detail SP/Page_/body_CompanyLogo' is visible

2022-08-02 17:26:24 - [TEST_STEP][PASSED] - verifyElementVisible(findTestObject("Get Detail SP/Page_/body_ContactPerson")): Object 'Object Repository/Get Detail SP/Page_/body_ContactPerson' is visible

2022-08-02 17:26:24 - [MESSAGE][PASSED] - Object 'Object Repository/Get Detail SP/Page_/body_ContactPerson' is visible

2022-08-02 17:26:24 - [TEST_STEP][PASSED] - verifyElementVisible(findTestObject("Get Detail SP/Page_/body_Password")): Object 'Object Repository/Get Detail SP/Page_/body_Password' is visible

2022-08-02 17:26:24 - [MESSAGE][PASSED] - Object 'Object Repository/Get Detail SP/Page_/body_Password' is visible

2022-08-02 17:26:24 - [TEST_STEP][PASSED] - verifyElementClickable(findTestObject("Get Detail SP/Page_/button_companyProfile")): Object 'Object Repository/Get Detail SP/Page_/button_companyProfile' is clickable

2022-08-02 17:26:24 - [MESSAGE][PASSED] - Object 'Object Repository/Get Detail SP/Page_/button_companyProfile' is clickable

2022-08-02 17:26:24 - [TEST_STEP][PASSED] - verifyElementClickable(findTestObject("Get Detail SP/Page_/button_edit")): Object 'Object Repository/Get Detail SP/Page_/button_edit' is clickable

2022-08-02 17:26:24 - [MESSAGE][PASSED] - Object 'Object Repository/Get Detail SP/Page_/button_edit' is clickable

2022-08-02 17:26:24 - [TEST_STEP][PASSED] - verifyElementClickable(findTestObject("Get Detail SP/Page_/button_Payment Details")): Object 'Object Repository/Get Detail SP/Page_/button_Payment Details' is clickable

2022-08-02 17:26:24 - [MESSAGE][PASSED] - Object 'Object Repository/Get Detail SP/Page_/button_Payment Details' is clickable

2022-08-02 17:26:24 - [TEST_STEP][PASSED] - click(findTestObject("Get Detail SP/Page_/button_Payment Details")): Object: 'Object Repository/Get Detail SP/Page_/button_Payment Details' is clicked on

2022-08-02 17:26:24 - [MESSAGE][PASSED] - Object: 'Object Repository/Get Detail SP/Page_/button_Payment Details' is clicked on

2022-08-02 17:26:24 - [TEST_STEP][PASSED] - verifyElementVisible(findTestObject("Get Detail SP/Page_/body_Payment Details")): Object 'Object Repository/Get Detail SP/Page_/body_Payment Details' is visible

2022-08-02 17:26:24 - [MESSAGE][PASSED] - Object 'Object Repository/Get Detail SP/Page_/body_Payment Details' is visible

2022-08-02 17:26:24 - [TEST_STEP][PASSED] - verifyElementClickable(findTestObject("Get Detail SP/Page_/button_back")): Object 'Object Repository/Get Detail SP/Page_/button_back' is clickable

2022-08-02 17:26:24 - [MESSAGE][PASSED] - Object 'Object Repository/Get Detail SP/Page_/button_back' is clickable

2022-08-02 17:26:24 - [TEST_STEP][PASSED] - closeBrowser(): Browser is closed

2022-08-02 17:26:25 - [MESSAGE][PASSED] - Browser is closed]]></system-out>
         <system-err><![CDATA[]]></system-err>
      </testcase>
      <system-out><![CDATA[2022-08-02 17:22:25 - [TEST_SUITE][PASSED] - Get Detail SP: Test Cases/Service Provider -Internal TMS/Integrate Internal - Get Detail SP/Get Detail SP]]></system-out>
      <system-err><![CDATA[]]></system-err>
   </testsuite>
</testsuites>
