<?xml version="1.0" encoding="UTF-8"?>
<testsuites name="cura-dp" time="165.1" tests="6" failures="0" errors="0">
   <testsuite name="cura-dp" tests="6" failures="0" errors="0" time="165.1" skipped="0" timestamp="2022-07-29 09:10:20" hostname="User - LAPTOP-N3L575R3" id="Test Suites/cura/cura-dp">
      <properties>
         <property name="deviceName" value=""/>
         <property name="devicePlatform" value=""/>
         <property name="logFolder" value="D:\\QA\\Automation Testing\\KATALON\\TMS-Internal Automation\\TMS\\Reports\\20220729_090948\\cura\\cura-dp\\20220729_090948"/>
         <property name="logFiles" value="D:\\QA\\Automation Testing\\KATALON\\TMS-Internal Automation\\TMS\\Reports\\20220729_090948\\cura\\cura-dp\\20220729_090948\\execution0.log"/>
         <property name="attachments" value=""/>
         <property name="hostName" value="User - LAPTOP-N3L575R3"/>
         <property name="os" value="Windows 10 64bit"/>
         <property name="katalonVersion" value="8.3.5.208"/>
         <property name="browser" value="Chrome 103.0.5060.134"/>
         <property name="hostAddress" value="192.168.56.1"/>
         <property name="sessionId" value="341174aa7610b390e77f5e9cb0ddd459"/>
         <property name="seleniumVersion" value="3.141.59"/>
         <property name="proxyInformation" value="ProxyInformation { proxyOption=NO_PROXY, proxyServerType=HTTP, username=, password=********, proxyServerAddress=, proxyServerPort=0, executionList=&quot;&quot;, isApplyToDesiredCapabilities=true }"/>
         <property name="platform" value="Windows 10"/>
      </properties>
      <testcase name="Test Cases/cura-dropdown" time="27.052" classname="Test Cases/cura-dropdown" status="PASSED">
         <system-out><![CDATA[2022-07-29 09:10:21 - [TEST_CASE][PASSED] - Test Cases/cura-dropdown: Test Cases/cura-dropdown

2022-07-29 09:10:21 - [TEST_STEP][PASSED] - openBrowser(""): Browser is opened with url: ''

2022-07-29 09:10:22 - [MESSAGE][INFO] - Starting 'Chrome' driver

2022-07-29 09:10:22 - [MESSAGE][INFO] - Action delay is set to 0 milliseconds

2022-07-29 09:10:27 - [MESSAGE][PASSED] - Browser is opened with url: ''

2022-07-29 09:10:27 - [TEST_STEP][PASSED] - navigateToUrl("https://katalon-demo-cura.herokuapp.com/"): Navigate to 'https://katalon-demo-cura.herokuapp.com/' successfully

2022-07-29 09:10:31 - [MESSAGE][PASSED] - Navigate to 'https://katalon-demo-cura.herokuapp.com/' successfully

2022-07-29 09:10:31 - [TEST_STEP][PASSED] - click(findTestObject("Object Repository/Cura/Page_CURA Healthcare Service/a_Make Appointment")): Object: 'Object Repository/Cura/Page_CURA Healthcare Service/a_Make Appointment' is clicked on

2022-07-29 09:10:33 - [MESSAGE][PASSED] - Object: 'Object Repository/Cura/Page_CURA Healthcare Service/a_Make Appointment' is clicked on

2022-07-29 09:10:33 - [TEST_STEP][PASSED] - setText(findTestObject("Object Repository/Cura/Page_CURA Healthcare Service/input_Username_username"), "John Doe"): Text 'John Doe' is set on object 'Object Repository/Cura/Page_CURA Healthcare Service/input_Username_username'

2022-07-29 09:10:34 - [MESSAGE][PASSED] - Text 'John Doe' is set on object 'Object Repository/Cura/Page_CURA Healthcare Service/input_Username_username'

2022-07-29 09:10:34 - [TEST_STEP][PASSED] - setEncryptedText(findTestObject("Object Repository/Cura/Page_CURA Healthcare Service/input_Password_password"), "9NLz+4tGZcQ="): Text ****** has been set on object 'Object Repository/Cura/Page_CURA Healthcare Service/input_Password_password'

2022-07-29 09:10:35 - [MESSAGE][PASSED] - Text ****** has been set on object 'Object Repository/Cura/Page_CURA Healthcare Service/input_Password_password'

2022-07-29 09:10:35 - [TEST_STEP][PASSED] - click(findTestObject("Object Repository/Cura/Page_CURA Healthcare Service/input_Demo account_form-control")): Object: 'Object Repository/Cura/Page_CURA Healthcare Service/input_Demo account_form-control' is clicked on

2022-07-29 09:10:35 - [MESSAGE][PASSED] - Object: 'Object Repository/Cura/Page_CURA Healthcare Service/input_Demo account_form-control' is clicked on

2022-07-29 09:10:35 - [TEST_STEP][PASSED] - setEncryptedText(findTestObject("Object Repository/Cura/Page_CURA Healthcare Service/input_Password_password"), "g3/DOGG74jC3Flrr3yH+3D/yKbOqqUNM"): Text ****** has been set on object 'Object Repository/Cura/Page_CURA Healthcare Service/input_Password_password'

2022-07-29 09:10:36 - [MESSAGE][PASSED] - Text ****** has been set on object 'Object Repository/Cura/Page_CURA Healthcare Service/input_Password_password'

2022-07-29 09:10:36 - [TEST_STEP][PASSED] - click(findTestObject("Object Repository/Cura/Page_CURA Healthcare Service/button_Login")): Object: 'Object Repository/Cura/Page_CURA Healthcare Service/button_Login' is clicked on

2022-07-29 09:10:37 - [MESSAGE][PASSED] - Object: 'Object Repository/Cura/Page_CURA Healthcare Service/button_Login' is clicked on

2022-07-29 09:10:37 - [TEST_STEP][PASSED] - selectOptionByValue(findTestObject("Object Repository/Cura/Page_CURA Healthcare Service/select_Tokyo CURA Healthcare Center        _5b4107"), "Hongkong CURA Healthcare Center", true): All options with value 'Hongkong CURA Healthcare Center' are selected in object 'Object Repository/Cura/Page_CURA Healthcare Service/select_Tokyo CURA Healthcare Center        _5b4107'  using regular expression

2022-07-29 09:10:39 - [MESSAGE][PASSED] - All options with value 'Hongkong CURA Healthcare Center' are selected in object 'Object Repository/Cura/Page_CURA Healthcare Service/select_Tokyo CURA Healthcare Center        _5b4107'  using regular expression

2022-07-29 09:10:39 - [TEST_STEP][PASSED] - click(findTestObject("Object Repository/Cura/Page_CURA Healthcare Service/label_Apply for hospital readmission")): Object: 'Object Repository/Cura/Page_CURA Healthcare Service/label_Apply for hospital readmission' is clicked on

2022-07-29 09:10:39 - [MESSAGE][PASSED] - Object: 'Object Repository/Cura/Page_CURA Healthcare Service/label_Apply for hospital readmission' is clicked on

2022-07-29 09:10:39 - [TEST_STEP][PASSED] - selectOptionByIndex(findTestObject("Object Repository/Cura/Page_CURA Healthcare Service/select_Tokyo CURA Healthcare Center        _5b4107"), index, STOP_ON_FAILURE): All options with index in [1] are selected on object 'Object Repository/Cura/Page_CURA Healthcare Service/select_Tokyo CURA Healthcare Center        _5b4107'

2022-07-29 09:10:40 - [MESSAGE][PASSED] - All options with index in [1] are selected on object 'Object Repository/Cura/Page_CURA Healthcare Service/select_Tokyo CURA Healthcare Center        _5b4107'

2022-07-29 09:10:40 - [TEST_STEP][PASSED] - click(findTestObject("Object Repository/Cura/Page_CURA Healthcare Service/label_Apply for hospital readmission")): Object: 'Object Repository/Cura/Page_CURA Healthcare Service/label_Apply for hospital readmission' is clicked on

2022-07-29 09:10:41 - [MESSAGE][PASSED] - Object: 'Object Repository/Cura/Page_CURA Healthcare Service/label_Apply for hospital readmission' is clicked on

2022-07-29 09:10:41 - [TEST_STEP][PASSED] - click(findTestObject("Object Repository/Cura/Page_CURA Healthcare Service/label_Apply for hospital readmission")): Object: 'Object Repository/Cura/Page_CURA Healthcare Service/label_Apply for hospital readmission' is clicked on

2022-07-29 09:10:41 - [MESSAGE][PASSED] - Object: 'Object Repository/Cura/Page_CURA Healthcare Service/label_Apply for hospital readmission' is clicked on

2022-07-29 09:10:41 - [TEST_STEP][PASSED] - selectOptionByValue(findTestObject("Object Repository/Cura/Page_CURA Healthcare Service/select_Tokyo CURA Healthcare Center        _5b4107"), "Tokyo CURA Healthcare Center", true): All options with value 'Tokyo CURA Healthcare Center' are selected in object 'Object Repository/Cura/Page_CURA Healthcare Service/select_Tokyo CURA Healthcare Center        _5b4107'  using regular expression

2022-07-29 09:10:42 - [MESSAGE][PASSED] - All options with value 'Tokyo CURA Healthcare Center' are selected in object 'Object Repository/Cura/Page_CURA Healthcare Service/select_Tokyo CURA Healthcare Center        _5b4107'  using regular expression

2022-07-29 09:10:42 - [TEST_STEP][PASSED] - click(findTestObject("Object Repository/Cura/Page_CURA Healthcare Service/span_Visit Date (Required)_glyphicon glyphi_cada34")): Object: 'Object Repository/Cura/Page_CURA Healthcare Service/span_Visit Date (Required)_glyphicon glyphi_cada34' is clicked on

2022-07-29 09:10:43 - [MESSAGE][PASSED] - Object: 'Object Repository/Cura/Page_CURA Healthcare Service/span_Visit Date (Required)_glyphicon glyphi_cada34' is clicked on

2022-07-29 09:10:43 - [TEST_STEP][PASSED] - click(findTestObject("Object Repository/Cura/Page_CURA Healthcare Service/td_28")): Object: 'Object Repository/Cura/Page_CURA Healthcare Service/td_28' is clicked on

2022-07-29 09:10:43 - [MESSAGE][PASSED] - Object: 'Object Repository/Cura/Page_CURA Healthcare Service/td_28' is clicked on

2022-07-29 09:10:43 - [TEST_STEP][PASSED] - setText(findTestObject("Object Repository/Cura/Page_CURA Healthcare Service/textarea_Comment_comment"), "asasasa"): Text 'asasasa' is set on object 'Object Repository/Cura/Page_CURA Healthcare Service/textarea_Comment_comment'

2022-07-29 09:10:44 - [MESSAGE][PASSED] - Text 'asasasa' is set on object 'Object Repository/Cura/Page_CURA Healthcare Service/textarea_Comment_comment'

2022-07-29 09:10:44 - [TEST_STEP][PASSED] - click(findTestObject("Object Repository/Cura/Page_CURA Healthcare Service/button_Book Appointment")): Object: 'Object Repository/Cura/Page_CURA Healthcare Service/button_Book Appointment' is clicked on

2022-07-29 09:10:47 - [MESSAGE][PASSED] - Object: 'Object Repository/Cura/Page_CURA Healthcare Service/button_Book Appointment' is clicked on

2022-07-29 09:10:47 - [TEST_STEP][PASSED] - closeBrowser(): Browser is closed

2022-07-29 09:10:48 - [MESSAGE][PASSED] - Browser is closed]]></system-out>
         <system-err><![CDATA[]]></system-err>
      </testcase>
      <testcase name="Test Cases/cura-dropdown" time="21.311" classname="Test Cases/cura-dropdown" status="PASSED">
         <system-out><![CDATA[2022-07-29 09:10:48 - [TEST_CASE][PASSED] - Test Cases/cura-dropdown: Test Cases/cura-dropdown

2022-07-29 09:10:48 - [TEST_STEP][PASSED] - openBrowser(""): Browser is opened with url: ''

2022-07-29 09:10:48 - [MESSAGE][INFO] - Starting 'Chrome' driver

2022-07-29 09:10:48 - [MESSAGE][INFO] - Action delay is set to 0 milliseconds

2022-07-29 09:10:50 - [MESSAGE][PASSED] - Browser is opened with url: ''

2022-07-29 09:10:50 - [TEST_STEP][PASSED] - navigateToUrl("https://katalon-demo-cura.herokuapp.com/"): Navigate to 'https://katalon-demo-cura.herokuapp.com/' successfully

2022-07-29 09:10:54 - [MESSAGE][PASSED] - Navigate to 'https://katalon-demo-cura.herokuapp.com/' successfully

2022-07-29 09:10:54 - [TEST_STEP][PASSED] - click(findTestObject("Object Repository/Cura/Page_CURA Healthcare Service/a_Make Appointment")): Object: 'Object Repository/Cura/Page_CURA Healthcare Service/a_Make Appointment' is clicked on

2022-07-29 09:10:55 - [MESSAGE][PASSED] - Object: 'Object Repository/Cura/Page_CURA Healthcare Service/a_Make Appointment' is clicked on

2022-07-29 09:10:55 - [TEST_STEP][PASSED] - setText(findTestObject("Object Repository/Cura/Page_CURA Healthcare Service/input_Username_username"), "John Doe"): Text 'John Doe' is set on object 'Object Repository/Cura/Page_CURA Healthcare Service/input_Username_username'

2022-07-29 09:10:57 - [MESSAGE][PASSED] - Text 'John Doe' is set on object 'Object Repository/Cura/Page_CURA Healthcare Service/input_Username_username'

2022-07-29 09:10:57 - [TEST_STEP][PASSED] - setEncryptedText(findTestObject("Object Repository/Cura/Page_CURA Healthcare Service/input_Password_password"), "9NLz+4tGZcQ="): Text ****** has been set on object 'Object Repository/Cura/Page_CURA Healthcare Service/input_Password_password'

2022-07-29 09:10:57 - [MESSAGE][PASSED] - Text ****** has been set on object 'Object Repository/Cura/Page_CURA Healthcare Service/input_Password_password'

2022-07-29 09:10:57 - [TEST_STEP][PASSED] - click(findTestObject("Object Repository/Cura/Page_CURA Healthcare Service/input_Demo account_form-control")): Object: 'Object Repository/Cura/Page_CURA Healthcare Service/input_Demo account_form-control' is clicked on

2022-07-29 09:10:58 - [MESSAGE][PASSED] - Object: 'Object Repository/Cura/Page_CURA Healthcare Service/input_Demo account_form-control' is clicked on

2022-07-29 09:10:58 - [TEST_STEP][PASSED] - setEncryptedText(findTestObject("Object Repository/Cura/Page_CURA Healthcare Service/input_Password_password"), "g3/DOGG74jC3Flrr3yH+3D/yKbOqqUNM"): Text ****** has been set on object 'Object Repository/Cura/Page_CURA Healthcare Service/input_Password_password'

2022-07-29 09:10:59 - [MESSAGE][PASSED] - Text ****** has been set on object 'Object Repository/Cura/Page_CURA Healthcare Service/input_Password_password'

2022-07-29 09:10:59 - [TEST_STEP][PASSED] - click(findTestObject("Object Repository/Cura/Page_CURA Healthcare Service/button_Login")): Object: 'Object Repository/Cura/Page_CURA Healthcare Service/button_Login' is clicked on

2022-07-29 09:11:00 - [MESSAGE][PASSED] - Object: 'Object Repository/Cura/Page_CURA Healthcare Service/button_Login' is clicked on

2022-07-29 09:11:00 - [TEST_STEP][PASSED] - selectOptionByValue(findTestObject("Object Repository/Cura/Page_CURA Healthcare Service/select_Tokyo CURA Healthcare Center        _5b4107"), "Hongkong CURA Healthcare Center", true): All options with value 'Hongkong CURA Healthcare Center' are selected in object 'Object Repository/Cura/Page_CURA Healthcare Service/select_Tokyo CURA Healthcare Center        _5b4107'  using regular expression

2022-07-29 09:11:01 - [MESSAGE][PASSED] - All options with value 'Hongkong CURA Healthcare Center' are selected in object 'Object Repository/Cura/Page_CURA Healthcare Service/select_Tokyo CURA Healthcare Center        _5b4107'  using regular expression

2022-07-29 09:11:01 - [TEST_STEP][PASSED] - click(findTestObject("Object Repository/Cura/Page_CURA Healthcare Service/label_Apply for hospital readmission")): Object: 'Object Repository/Cura/Page_CURA Healthcare Service/label_Apply for hospital readmission' is clicked on

2022-07-29 09:11:02 - [MESSAGE][PASSED] - Object: 'Object Repository/Cura/Page_CURA Healthcare Service/label_Apply for hospital readmission' is clicked on

2022-07-29 09:11:02 - [TEST_STEP][PASSED] - selectOptionByIndex(findTestObject("Object Repository/Cura/Page_CURA Healthcare Service/select_Tokyo CURA Healthcare Center        _5b4107"), index, STOP_ON_FAILURE): All options with index in [2] are selected on object 'Object Repository/Cura/Page_CURA Healthcare Service/select_Tokyo CURA Healthcare Center        _5b4107'

2022-07-29 09:11:03 - [MESSAGE][PASSED] - All options with index in [2] are selected on object 'Object Repository/Cura/Page_CURA Healthcare Service/select_Tokyo CURA Healthcare Center        _5b4107'

2022-07-29 09:11:03 - [TEST_STEP][PASSED] - click(findTestObject("Object Repository/Cura/Page_CURA Healthcare Service/label_Apply for hospital readmission")): Object: 'Object Repository/Cura/Page_CURA Healthcare Service/label_Apply for hospital readmission' is clicked on

2022-07-29 09:11:03 - [MESSAGE][PASSED] - Object: 'Object Repository/Cura/Page_CURA Healthcare Service/label_Apply for hospital readmission' is clicked on

2022-07-29 09:11:03 - [TEST_STEP][PASSED] - click(findTestObject("Object Repository/Cura/Page_CURA Healthcare Service/label_Apply for hospital readmission")): Object: 'Object Repository/Cura/Page_CURA Healthcare Service/label_Apply for hospital readmission' is clicked on

2022-07-29 09:11:04 - [MESSAGE][PASSED] - Object: 'Object Repository/Cura/Page_CURA Healthcare Service/label_Apply for hospital readmission' is clicked on

2022-07-29 09:11:04 - [TEST_STEP][PASSED] - selectOptionByValue(findTestObject("Object Repository/Cura/Page_CURA Healthcare Service/select_Tokyo CURA Healthcare Center        _5b4107"), "Tokyo CURA Healthcare Center", true): All options with value 'Tokyo CURA Healthcare Center' are selected in object 'Object Repository/Cura/Page_CURA Healthcare Service/select_Tokyo CURA Healthcare Center        _5b4107'  using regular expression

2022-07-29 09:11:05 - [MESSAGE][PASSED] - All options with value 'Tokyo CURA Healthcare Center' are selected in object 'Object Repository/Cura/Page_CURA Healthcare Service/select_Tokyo CURA Healthcare Center        _5b4107'  using regular expression

2022-07-29 09:11:05 - [TEST_STEP][PASSED] - click(findTestObject("Object Repository/Cura/Page_CURA Healthcare Service/span_Visit Date (Required)_glyphicon glyphi_cada34")): Object: 'Object Repository/Cura/Page_CURA Healthcare Service/span_Visit Date (Required)_glyphicon glyphi_cada34' is clicked on

2022-07-29 09:11:05 - [MESSAGE][PASSED] - Object: 'Object Repository/Cura/Page_CURA Healthcare Service/span_Visit Date (Required)_glyphicon glyphi_cada34' is clicked on

2022-07-29 09:11:05 - [TEST_STEP][PASSED] - click(findTestObject("Object Repository/Cura/Page_CURA Healthcare Service/td_28")): Object: 'Object Repository/Cura/Page_CURA Healthcare Service/td_28' is clicked on

2022-07-29 09:11:06 - [MESSAGE][PASSED] - Object: 'Object Repository/Cura/Page_CURA Healthcare Service/td_28' is clicked on

2022-07-29 09:11:06 - [TEST_STEP][PASSED] - setText(findTestObject("Object Repository/Cura/Page_CURA Healthcare Service/textarea_Comment_comment"), "asasasa"): Text 'asasasa' is set on object 'Object Repository/Cura/Page_CURA Healthcare Service/textarea_Comment_comment'

2022-07-29 09:11:07 - [MESSAGE][PASSED] - Text 'asasasa' is set on object 'Object Repository/Cura/Page_CURA Healthcare Service/textarea_Comment_comment'

2022-07-29 09:11:07 - [TEST_STEP][PASSED] - click(findTestObject("Object Repository/Cura/Page_CURA Healthcare Service/button_Book Appointment")): Object: 'Object Repository/Cura/Page_CURA Healthcare Service/button_Book Appointment' is clicked on

2022-07-29 09:11:08 - [MESSAGE][PASSED] - Object: 'Object Repository/Cura/Page_CURA Healthcare Service/button_Book Appointment' is clicked on

2022-07-29 09:11:08 - [TEST_STEP][PASSED] - closeBrowser(): Browser is closed

2022-07-29 09:11:09 - [MESSAGE][PASSED] - Browser is closed]]></system-out>
         <system-err><![CDATA[]]></system-err>
      </testcase>
      <testcase name="Test Cases/cura-dropdown" time="49.456" classname="Test Cases/cura-dropdown" status="PASSED">
         <system-out><![CDATA[2022-07-29 09:11:09 - [TEST_CASE][PASSED] - Test Cases/cura-dropdown: Test Cases/cura-dropdown

2022-07-29 09:11:09 - [TEST_STEP][PASSED] - openBrowser(""): Browser is opened with url: ''

2022-07-29 09:11:09 - [MESSAGE][INFO] - Starting 'Chrome' driver

2022-07-29 09:11:09 - [MESSAGE][INFO] - Action delay is set to 0 milliseconds

2022-07-29 09:11:11 - [MESSAGE][PASSED] - Browser is opened with url: ''

2022-07-29 09:11:11 - [TEST_STEP][PASSED] - navigateToUrl("https://katalon-demo-cura.herokuapp.com/"): Navigate to 'https://katalon-demo-cura.herokuapp.com/' successfully

2022-07-29 09:11:16 - [MESSAGE][PASSED] - Navigate to 'https://katalon-demo-cura.herokuapp.com/' successfully

2022-07-29 09:11:16 - [TEST_STEP][PASSED] - click(findTestObject("Object Repository/Cura/Page_CURA Healthcare Service/a_Make Appointment")): Object: 'Object Repository/Cura/Page_CURA Healthcare Service/a_Make Appointment' is clicked on

2022-07-29 09:11:17 - [MESSAGE][PASSED] - Object: 'Object Repository/Cura/Page_CURA Healthcare Service/a_Make Appointment' is clicked on

2022-07-29 09:11:17 - [TEST_STEP][PASSED] - setText(findTestObject("Object Repository/Cura/Page_CURA Healthcare Service/input_Username_username"), "John Doe"): Text 'John Doe' is set on object 'Object Repository/Cura/Page_CURA Healthcare Service/input_Username_username'

2022-07-29 09:11:18 - [MESSAGE][PASSED] - Text 'John Doe' is set on object 'Object Repository/Cura/Page_CURA Healthcare Service/input_Username_username'

2022-07-29 09:11:18 - [TEST_STEP][PASSED] - setEncryptedText(findTestObject("Object Repository/Cura/Page_CURA Healthcare Service/input_Password_password"), "9NLz+4tGZcQ="): Text ****** has been set on object 'Object Repository/Cura/Page_CURA Healthcare Service/input_Password_password'

2022-07-29 09:11:19 - [MESSAGE][PASSED] - Text ****** has been set on object 'Object Repository/Cura/Page_CURA Healthcare Service/input_Password_password'

2022-07-29 09:11:19 - [TEST_STEP][PASSED] - click(findTestObject("Object Repository/Cura/Page_CURA Healthcare Service/input_Demo account_form-control")): Object: 'Object Repository/Cura/Page_CURA Healthcare Service/input_Demo account_form-control' is clicked on

2022-07-29 09:11:20 - [MESSAGE][PASSED] - Object: 'Object Repository/Cura/Page_CURA Healthcare Service/input_Demo account_form-control' is clicked on

2022-07-29 09:11:20 - [TEST_STEP][PASSED] - setEncryptedText(findTestObject("Object Repository/Cura/Page_CURA Healthcare Service/input_Password_password"), "g3/DOGG74jC3Flrr3yH+3D/yKbOqqUNM"): Text ****** has been set on object 'Object Repository/Cura/Page_CURA Healthcare Service/input_Password_password'

2022-07-29 09:11:20 - [MESSAGE][PASSED] - Text ****** has been set on object 'Object Repository/Cura/Page_CURA Healthcare Service/input_Password_password'

2022-07-29 09:11:20 - [TEST_STEP][PASSED] - click(findTestObject("Object Repository/Cura/Page_CURA Healthcare Service/button_Login")): Object: 'Object Repository/Cura/Page_CURA Healthcare Service/button_Login' is clicked on

2022-07-29 09:11:23 - [MESSAGE][PASSED] - Object: 'Object Repository/Cura/Page_CURA Healthcare Service/button_Login' is clicked on

2022-07-29 09:11:23 - [TEST_STEP][PASSED] - selectOptionByValue(findTestObject("Object Repository/Cura/Page_CURA Healthcare Service/select_Tokyo CURA Healthcare Center        _5b4107"), "Hongkong CURA Healthcare Center", true): All options with value 'Hongkong CURA Healthcare Center' are selected in object 'Object Repository/Cura/Page_CURA Healthcare Service/select_Tokyo CURA Healthcare Center        _5b4107'  using regular expression

2022-07-29 09:11:30 - [MESSAGE][PASSED] - All options with value 'Hongkong CURA Healthcare Center' are selected in object 'Object Repository/Cura/Page_CURA Healthcare Service/select_Tokyo CURA Healthcare Center        _5b4107'  using regular expression

2022-07-29 09:11:30 - [TEST_STEP][PASSED] - click(findTestObject("Object Repository/Cura/Page_CURA Healthcare Service/label_Apply for hospital readmission")): Object: 'Object Repository/Cura/Page_CURA Healthcare Service/label_Apply for hospital readmission' is clicked on

2022-07-29 09:11:31 - [MESSAGE][PASSED] - Object: 'Object Repository/Cura/Page_CURA Healthcare Service/label_Apply for hospital readmission' is clicked on

2022-07-29 09:11:31 - [TEST_STEP][PASSED] - selectOptionByIndex(findTestObject("Object Repository/Cura/Page_CURA Healthcare Service/select_Tokyo CURA Healthcare Center        _5b4107"), index, STOP_ON_FAILURE): All options with index in [1] are selected on object 'Object Repository/Cura/Page_CURA Healthcare Service/select_Tokyo CURA Healthcare Center        _5b4107'

2022-07-29 09:11:37 - [MESSAGE][PASSED] - All options with index in [1] are selected on object 'Object Repository/Cura/Page_CURA Healthcare Service/select_Tokyo CURA Healthcare Center        _5b4107'

2022-07-29 09:11:37 - [TEST_STEP][PASSED] - click(findTestObject("Object Repository/Cura/Page_CURA Healthcare Service/label_Apply for hospital readmission")): Object: 'Object Repository/Cura/Page_CURA Healthcare Service/label_Apply for hospital readmission' is clicked on

2022-07-29 09:11:39 - [MESSAGE][PASSED] - Object: 'Object Repository/Cura/Page_CURA Healthcare Service/label_Apply for hospital readmission' is clicked on

2022-07-29 09:11:39 - [TEST_STEP][PASSED] - click(findTestObject("Object Repository/Cura/Page_CURA Healthcare Service/label_Apply for hospital readmission")): Object: 'Object Repository/Cura/Page_CURA Healthcare Service/label_Apply for hospital readmission' is clicked on

2022-07-29 09:11:41 - [MESSAGE][PASSED] - Object: 'Object Repository/Cura/Page_CURA Healthcare Service/label_Apply for hospital readmission' is clicked on

2022-07-29 09:11:41 - [TEST_STEP][PASSED] - selectOptionByValue(findTestObject("Object Repository/Cura/Page_CURA Healthcare Service/select_Tokyo CURA Healthcare Center        _5b4107"), "Tokyo CURA Healthcare Center", true): All options with value 'Tokyo CURA Healthcare Center' are selected in object 'Object Repository/Cura/Page_CURA Healthcare Service/select_Tokyo CURA Healthcare Center        _5b4107'  using regular expression

2022-07-29 09:11:48 - [MESSAGE][PASSED] - All options with value 'Tokyo CURA Healthcare Center' are selected in object 'Object Repository/Cura/Page_CURA Healthcare Service/select_Tokyo CURA Healthcare Center        _5b4107'  using regular expression

2022-07-29 09:11:48 - [TEST_STEP][PASSED] - click(findTestObject("Object Repository/Cura/Page_CURA Healthcare Service/span_Visit Date (Required)_glyphicon glyphi_cada34")): Object: 'Object Repository/Cura/Page_CURA Healthcare Service/span_Visit Date (Required)_glyphicon glyphi_cada34' is clicked on

2022-07-29 09:11:50 - [MESSAGE][PASSED] - Object: 'Object Repository/Cura/Page_CURA Healthcare Service/span_Visit Date (Required)_glyphicon glyphi_cada34' is clicked on

2022-07-29 09:11:50 - [TEST_STEP][PASSED] - click(findTestObject("Object Repository/Cura/Page_CURA Healthcare Service/td_28")): Object: 'Object Repository/Cura/Page_CURA Healthcare Service/td_28' is clicked on

2022-07-29 09:11:51 - [MESSAGE][PASSED] - Object: 'Object Repository/Cura/Page_CURA Healthcare Service/td_28' is clicked on

2022-07-29 09:11:51 - [TEST_STEP][PASSED] - setText(findTestObject("Object Repository/Cura/Page_CURA Healthcare Service/textarea_Comment_comment"), "asasasa"): Text 'asasasa' is set on object 'Object Repository/Cura/Page_CURA Healthcare Service/textarea_Comment_comment'

2022-07-29 09:11:56 - [MESSAGE][PASSED] - Text 'asasasa' is set on object 'Object Repository/Cura/Page_CURA Healthcare Service/textarea_Comment_comment'

2022-07-29 09:11:56 - [TEST_STEP][PASSED] - click(findTestObject("Object Repository/Cura/Page_CURA Healthcare Service/button_Book Appointment")): Object: 'Object Repository/Cura/Page_CURA Healthcare Service/button_Book Appointment' is clicked on

2022-07-29 09:11:58 - [MESSAGE][PASSED] - Object: 'Object Repository/Cura/Page_CURA Healthcare Service/button_Book Appointment' is clicked on

2022-07-29 09:11:58 - [TEST_STEP][PASSED] - closeBrowser(): Browser is closed

2022-07-29 09:11:59 - [MESSAGE][PASSED] - Browser is closed]]></system-out>
         <system-err><![CDATA[]]></system-err>
      </testcase>
      <testcase name="Test Cases/cura-dropdown" time="21.145" classname="Test Cases/cura-dropdown" status="PASSED">
         <system-out><![CDATA[2022-07-29 09:11:59 - [TEST_CASE][PASSED] - Test Cases/cura-dropdown: Test Cases/cura-dropdown

2022-07-29 09:11:59 - [TEST_STEP][PASSED] - openBrowser(""): Browser is opened with url: ''

2022-07-29 09:11:59 - [MESSAGE][INFO] - Starting 'Chrome' driver

2022-07-29 09:11:59 - [MESSAGE][INFO] - Action delay is set to 0 milliseconds

2022-07-29 09:12:01 - [MESSAGE][PASSED] - Browser is opened with url: ''

2022-07-29 09:12:01 - [TEST_STEP][PASSED] - navigateToUrl("https://katalon-demo-cura.herokuapp.com/"): Navigate to 'https://katalon-demo-cura.herokuapp.com/' successfully

2022-07-29 09:12:05 - [MESSAGE][PASSED] - Navigate to 'https://katalon-demo-cura.herokuapp.com/' successfully

2022-07-29 09:12:05 - [TEST_STEP][PASSED] - click(findTestObject("Object Repository/Cura/Page_CURA Healthcare Service/a_Make Appointment")): Object: 'Object Repository/Cura/Page_CURA Healthcare Service/a_Make Appointment' is clicked on

2022-07-29 09:12:06 - [MESSAGE][PASSED] - Object: 'Object Repository/Cura/Page_CURA Healthcare Service/a_Make Appointment' is clicked on

2022-07-29 09:12:06 - [TEST_STEP][PASSED] - setText(findTestObject("Object Repository/Cura/Page_CURA Healthcare Service/input_Username_username"), "John Doe"): Text 'John Doe' is set on object 'Object Repository/Cura/Page_CURA Healthcare Service/input_Username_username'

2022-07-29 09:12:07 - [MESSAGE][PASSED] - Text 'John Doe' is set on object 'Object Repository/Cura/Page_CURA Healthcare Service/input_Username_username'

2022-07-29 09:12:07 - [TEST_STEP][PASSED] - setEncryptedText(findTestObject("Object Repository/Cura/Page_CURA Healthcare Service/input_Password_password"), "9NLz+4tGZcQ="): Text ****** has been set on object 'Object Repository/Cura/Page_CURA Healthcare Service/input_Password_password'

2022-07-29 09:12:08 - [MESSAGE][PASSED] - Text ****** has been set on object 'Object Repository/Cura/Page_CURA Healthcare Service/input_Password_password'

2022-07-29 09:12:08 - [TEST_STEP][PASSED] - click(findTestObject("Object Repository/Cura/Page_CURA Healthcare Service/input_Demo account_form-control")): Object: 'Object Repository/Cura/Page_CURA Healthcare Service/input_Demo account_form-control' is clicked on

2022-07-29 09:12:09 - [MESSAGE][PASSED] - Object: 'Object Repository/Cura/Page_CURA Healthcare Service/input_Demo account_form-control' is clicked on

2022-07-29 09:12:09 - [TEST_STEP][PASSED] - setEncryptedText(findTestObject("Object Repository/Cura/Page_CURA Healthcare Service/input_Password_password"), "g3/DOGG74jC3Flrr3yH+3D/yKbOqqUNM"): Text ****** has been set on object 'Object Repository/Cura/Page_CURA Healthcare Service/input_Password_password'

2022-07-29 09:12:09 - [MESSAGE][PASSED] - Text ****** has been set on object 'Object Repository/Cura/Page_CURA Healthcare Service/input_Password_password'

2022-07-29 09:12:09 - [TEST_STEP][PASSED] - click(findTestObject("Object Repository/Cura/Page_CURA Healthcare Service/button_Login")): Object: 'Object Repository/Cura/Page_CURA Healthcare Service/button_Login' is clicked on

2022-07-29 09:12:10 - [MESSAGE][PASSED] - Object: 'Object Repository/Cura/Page_CURA Healthcare Service/button_Login' is clicked on

2022-07-29 09:12:10 - [TEST_STEP][PASSED] - selectOptionByValue(findTestObject("Object Repository/Cura/Page_CURA Healthcare Service/select_Tokyo CURA Healthcare Center        _5b4107"), "Hongkong CURA Healthcare Center", true): All options with value 'Hongkong CURA Healthcare Center' are selected in object 'Object Repository/Cura/Page_CURA Healthcare Service/select_Tokyo CURA Healthcare Center        _5b4107'  using regular expression

2022-07-29 09:12:12 - [MESSAGE][PASSED] - All options with value 'Hongkong CURA Healthcare Center' are selected in object 'Object Repository/Cura/Page_CURA Healthcare Service/select_Tokyo CURA Healthcare Center        _5b4107'  using regular expression

2022-07-29 09:12:12 - [TEST_STEP][PASSED] - click(findTestObject("Object Repository/Cura/Page_CURA Healthcare Service/label_Apply for hospital readmission")): Object: 'Object Repository/Cura/Page_CURA Healthcare Service/label_Apply for hospital readmission' is clicked on

2022-07-29 09:12:12 - [MESSAGE][PASSED] - Object: 'Object Repository/Cura/Page_CURA Healthcare Service/label_Apply for hospital readmission' is clicked on

2022-07-29 09:12:12 - [TEST_STEP][PASSED] - selectOptionByIndex(findTestObject("Object Repository/Cura/Page_CURA Healthcare Service/select_Tokyo CURA Healthcare Center        _5b4107"), index, STOP_ON_FAILURE): All options with index in [2] are selected on object 'Object Repository/Cura/Page_CURA Healthcare Service/select_Tokyo CURA Healthcare Center        _5b4107'

2022-07-29 09:12:13 - [MESSAGE][PASSED] - All options with index in [2] are selected on object 'Object Repository/Cura/Page_CURA Healthcare Service/select_Tokyo CURA Healthcare Center        _5b4107'

2022-07-29 09:12:13 - [TEST_STEP][PASSED] - click(findTestObject("Object Repository/Cura/Page_CURA Healthcare Service/label_Apply for hospital readmission")): Object: 'Object Repository/Cura/Page_CURA Healthcare Service/label_Apply for hospital readmission' is clicked on

2022-07-29 09:12:14 - [MESSAGE][PASSED] - Object: 'Object Repository/Cura/Page_CURA Healthcare Service/label_Apply for hospital readmission' is clicked on

2022-07-29 09:12:14 - [TEST_STEP][PASSED] - click(findTestObject("Object Repository/Cura/Page_CURA Healthcare Service/label_Apply for hospital readmission")): Object: 'Object Repository/Cura/Page_CURA Healthcare Service/label_Apply for hospital readmission' is clicked on

2022-07-29 09:12:14 - [MESSAGE][PASSED] - Object: 'Object Repository/Cura/Page_CURA Healthcare Service/label_Apply for hospital readmission' is clicked on

2022-07-29 09:12:14 - [TEST_STEP][PASSED] - selectOptionByValue(findTestObject("Object Repository/Cura/Page_CURA Healthcare Service/select_Tokyo CURA Healthcare Center        _5b4107"), "Tokyo CURA Healthcare Center", true): All options with value 'Tokyo CURA Healthcare Center' are selected in object 'Object Repository/Cura/Page_CURA Healthcare Service/select_Tokyo CURA Healthcare Center        _5b4107'  using regular expression

2022-07-29 09:12:16 - [MESSAGE][PASSED] - All options with value 'Tokyo CURA Healthcare Center' are selected in object 'Object Repository/Cura/Page_CURA Healthcare Service/select_Tokyo CURA Healthcare Center        _5b4107'  using regular expression

2022-07-29 09:12:16 - [TEST_STEP][PASSED] - click(findTestObject("Object Repository/Cura/Page_CURA Healthcare Service/span_Visit Date (Required)_glyphicon glyphi_cada34")): Object: 'Object Repository/Cura/Page_CURA Healthcare Service/span_Visit Date (Required)_glyphicon glyphi_cada34' is clicked on

2022-07-29 09:12:16 - [MESSAGE][PASSED] - Object: 'Object Repository/Cura/Page_CURA Healthcare Service/span_Visit Date (Required)_glyphicon glyphi_cada34' is clicked on

2022-07-29 09:12:16 - [TEST_STEP][PASSED] - click(findTestObject("Object Repository/Cura/Page_CURA Healthcare Service/td_28")): Object: 'Object Repository/Cura/Page_CURA Healthcare Service/td_28' is clicked on

2022-07-29 09:12:17 - [MESSAGE][PASSED] - Object: 'Object Repository/Cura/Page_CURA Healthcare Service/td_28' is clicked on

2022-07-29 09:12:17 - [TEST_STEP][PASSED] - setText(findTestObject("Object Repository/Cura/Page_CURA Healthcare Service/textarea_Comment_comment"), "asasasa"): Text 'asasasa' is set on object 'Object Repository/Cura/Page_CURA Healthcare Service/textarea_Comment_comment'

2022-07-29 09:12:18 - [MESSAGE][PASSED] - Text 'asasasa' is set on object 'Object Repository/Cura/Page_CURA Healthcare Service/textarea_Comment_comment'

2022-07-29 09:12:18 - [TEST_STEP][PASSED] - click(findTestObject("Object Repository/Cura/Page_CURA Healthcare Service/button_Book Appointment")): Object: 'Object Repository/Cura/Page_CURA Healthcare Service/button_Book Appointment' is clicked on

2022-07-29 09:12:19 - [MESSAGE][PASSED] - Object: 'Object Repository/Cura/Page_CURA Healthcare Service/button_Book Appointment' is clicked on

2022-07-29 09:12:19 - [TEST_STEP][PASSED] - closeBrowser(): Browser is closed

2022-07-29 09:12:20 - [MESSAGE][PASSED] - Browser is closed]]></system-out>
         <system-err><![CDATA[]]></system-err>
      </testcase>
      <testcase name="Test Cases/cura-dropdown" time="22.01" classname="Test Cases/cura-dropdown" status="PASSED">
         <system-out><![CDATA[2022-07-29 09:12:20 - [TEST_CASE][PASSED] - Test Cases/cura-dropdown: Test Cases/cura-dropdown

2022-07-29 09:12:20 - [TEST_STEP][PASSED] - openBrowser(""): Browser is opened with url: ''

2022-07-29 09:12:20 - [MESSAGE][INFO] - Starting 'Chrome' driver

2022-07-29 09:12:20 - [MESSAGE][INFO] - Action delay is set to 0 milliseconds

2022-07-29 09:12:22 - [MESSAGE][PASSED] - Browser is opened with url: ''

2022-07-29 09:12:22 - [TEST_STEP][PASSED] - navigateToUrl("https://katalon-demo-cura.herokuapp.com/"): Navigate to 'https://katalon-demo-cura.herokuapp.com/' successfully

2022-07-29 09:12:26 - [MESSAGE][PASSED] - Navigate to 'https://katalon-demo-cura.herokuapp.com/' successfully

2022-07-29 09:12:26 - [TEST_STEP][PASSED] - click(findTestObject("Object Repository/Cura/Page_CURA Healthcare Service/a_Make Appointment")): Object: 'Object Repository/Cura/Page_CURA Healthcare Service/a_Make Appointment' is clicked on

2022-07-29 09:12:28 - [MESSAGE][PASSED] - Object: 'Object Repository/Cura/Page_CURA Healthcare Service/a_Make Appointment' is clicked on

2022-07-29 09:12:28 - [TEST_STEP][PASSED] - setText(findTestObject("Object Repository/Cura/Page_CURA Healthcare Service/input_Username_username"), "John Doe"): Text 'John Doe' is set on object 'Object Repository/Cura/Page_CURA Healthcare Service/input_Username_username'

2022-07-29 09:12:29 - [MESSAGE][PASSED] - Text 'John Doe' is set on object 'Object Repository/Cura/Page_CURA Healthcare Service/input_Username_username'

2022-07-29 09:12:29 - [TEST_STEP][PASSED] - setEncryptedText(findTestObject("Object Repository/Cura/Page_CURA Healthcare Service/input_Password_password"), "9NLz+4tGZcQ="): Text ****** has been set on object 'Object Repository/Cura/Page_CURA Healthcare Service/input_Password_password'

2022-07-29 09:12:29 - [MESSAGE][PASSED] - Text ****** has been set on object 'Object Repository/Cura/Page_CURA Healthcare Service/input_Password_password'

2022-07-29 09:12:29 - [TEST_STEP][PASSED] - click(findTestObject("Object Repository/Cura/Page_CURA Healthcare Service/input_Demo account_form-control")): Object: 'Object Repository/Cura/Page_CURA Healthcare Service/input_Demo account_form-control' is clicked on

2022-07-29 09:12:30 - [MESSAGE][PASSED] - Object: 'Object Repository/Cura/Page_CURA Healthcare Service/input_Demo account_form-control' is clicked on

2022-07-29 09:12:30 - [TEST_STEP][PASSED] - setEncryptedText(findTestObject("Object Repository/Cura/Page_CURA Healthcare Service/input_Password_password"), "g3/DOGG74jC3Flrr3yH+3D/yKbOqqUNM"): Text ****** has been set on object 'Object Repository/Cura/Page_CURA Healthcare Service/input_Password_password'

2022-07-29 09:12:31 - [MESSAGE][PASSED] - Text ****** has been set on object 'Object Repository/Cura/Page_CURA Healthcare Service/input_Password_password'

2022-07-29 09:12:31 - [TEST_STEP][PASSED] - click(findTestObject("Object Repository/Cura/Page_CURA Healthcare Service/button_Login")): Object: 'Object Repository/Cura/Page_CURA Healthcare Service/button_Login' is clicked on

2022-07-29 09:12:32 - [MESSAGE][PASSED] - Object: 'Object Repository/Cura/Page_CURA Healthcare Service/button_Login' is clicked on

2022-07-29 09:12:32 - [TEST_STEP][PASSED] - selectOptionByValue(findTestObject("Object Repository/Cura/Page_CURA Healthcare Service/select_Tokyo CURA Healthcare Center        _5b4107"), "Hongkong CURA Healthcare Center", true): All options with value 'Hongkong CURA Healthcare Center' are selected in object 'Object Repository/Cura/Page_CURA Healthcare Service/select_Tokyo CURA Healthcare Center        _5b4107'  using regular expression

2022-07-29 09:12:34 - [MESSAGE][PASSED] - All options with value 'Hongkong CURA Healthcare Center' are selected in object 'Object Repository/Cura/Page_CURA Healthcare Service/select_Tokyo CURA Healthcare Center        _5b4107'  using regular expression

2022-07-29 09:12:34 - [TEST_STEP][PASSED] - click(findTestObject("Object Repository/Cura/Page_CURA Healthcare Service/label_Apply for hospital readmission")): Object: 'Object Repository/Cura/Page_CURA Healthcare Service/label_Apply for hospital readmission' is clicked on

2022-07-29 09:12:34 - [MESSAGE][PASSED] - Object: 'Object Repository/Cura/Page_CURA Healthcare Service/label_Apply for hospital readmission' is clicked on

2022-07-29 09:12:34 - [TEST_STEP][PASSED] - selectOptionByIndex(findTestObject("Object Repository/Cura/Page_CURA Healthcare Service/select_Tokyo CURA Healthcare Center        _5b4107"), index, STOP_ON_FAILURE): All options with index in [1] are selected on object 'Object Repository/Cura/Page_CURA Healthcare Service/select_Tokyo CURA Healthcare Center        _5b4107'

2022-07-29 09:12:35 - [MESSAGE][PASSED] - All options with index in [1] are selected on object 'Object Repository/Cura/Page_CURA Healthcare Service/select_Tokyo CURA Healthcare Center        _5b4107'

2022-07-29 09:12:35 - [TEST_STEP][PASSED] - click(findTestObject("Object Repository/Cura/Page_CURA Healthcare Service/label_Apply for hospital readmission")): Object: 'Object Repository/Cura/Page_CURA Healthcare Service/label_Apply for hospital readmission' is clicked on

2022-07-29 09:12:36 - [MESSAGE][PASSED] - Object: 'Object Repository/Cura/Page_CURA Healthcare Service/label_Apply for hospital readmission' is clicked on

2022-07-29 09:12:36 - [TEST_STEP][PASSED] - click(findTestObject("Object Repository/Cura/Page_CURA Healthcare Service/label_Apply for hospital readmission")): Object: 'Object Repository/Cura/Page_CURA Healthcare Service/label_Apply for hospital readmission' is clicked on

2022-07-29 09:12:36 - [MESSAGE][PASSED] - Object: 'Object Repository/Cura/Page_CURA Healthcare Service/label_Apply for hospital readmission' is clicked on

2022-07-29 09:12:36 - [TEST_STEP][PASSED] - selectOptionByValue(findTestObject("Object Repository/Cura/Page_CURA Healthcare Service/select_Tokyo CURA Healthcare Center        _5b4107"), "Tokyo CURA Healthcare Center", true): All options with value 'Tokyo CURA Healthcare Center' are selected in object 'Object Repository/Cura/Page_CURA Healthcare Service/select_Tokyo CURA Healthcare Center        _5b4107'  using regular expression

2022-07-29 09:12:38 - [MESSAGE][PASSED] - All options with value 'Tokyo CURA Healthcare Center' are selected in object 'Object Repository/Cura/Page_CURA Healthcare Service/select_Tokyo CURA Healthcare Center        _5b4107'  using regular expression

2022-07-29 09:12:38 - [TEST_STEP][PASSED] - click(findTestObject("Object Repository/Cura/Page_CURA Healthcare Service/span_Visit Date (Required)_glyphicon glyphi_cada34")): Object: 'Object Repository/Cura/Page_CURA Healthcare Service/span_Visit Date (Required)_glyphicon glyphi_cada34' is clicked on

2022-07-29 09:12:38 - [MESSAGE][PASSED] - Object: 'Object Repository/Cura/Page_CURA Healthcare Service/span_Visit Date (Required)_glyphicon glyphi_cada34' is clicked on

2022-07-29 09:12:38 - [TEST_STEP][PASSED] - click(findTestObject("Object Repository/Cura/Page_CURA Healthcare Service/td_28")): Object: 'Object Repository/Cura/Page_CURA Healthcare Service/td_28' is clicked on

2022-07-29 09:12:39 - [MESSAGE][PASSED] - Object: 'Object Repository/Cura/Page_CURA Healthcare Service/td_28' is clicked on

2022-07-29 09:12:39 - [TEST_STEP][PASSED] - setText(findTestObject("Object Repository/Cura/Page_CURA Healthcare Service/textarea_Comment_comment"), "asasasa"): Text 'asasasa' is set on object 'Object Repository/Cura/Page_CURA Healthcare Service/textarea_Comment_comment'

2022-07-29 09:12:40 - [MESSAGE][PASSED] - Text 'asasasa' is set on object 'Object Repository/Cura/Page_CURA Healthcare Service/textarea_Comment_comment'

2022-07-29 09:12:40 - [TEST_STEP][PASSED] - click(findTestObject("Object Repository/Cura/Page_CURA Healthcare Service/button_Book Appointment")): Object: 'Object Repository/Cura/Page_CURA Healthcare Service/button_Book Appointment' is clicked on

2022-07-29 09:12:41 - [MESSAGE][PASSED] - Object: 'Object Repository/Cura/Page_CURA Healthcare Service/button_Book Appointment' is clicked on

2022-07-29 09:12:41 - [TEST_STEP][PASSED] - closeBrowser(): Browser is closed

2022-07-29 09:12:42 - [MESSAGE][PASSED] - Browser is closed]]></system-out>
         <system-err><![CDATA[]]></system-err>
      </testcase>
      <testcase name="Test Cases/cura-dropdown" time="22.883" classname="Test Cases/cura-dropdown" status="PASSED">
         <system-out><![CDATA[2022-07-29 09:12:42 - [TEST_CASE][PASSED] - Test Cases/cura-dropdown: Test Cases/cura-dropdown

2022-07-29 09:12:42 - [TEST_STEP][PASSED] - openBrowser(""): Browser is opened with url: ''

2022-07-29 09:12:42 - [MESSAGE][INFO] - Starting 'Chrome' driver

2022-07-29 09:12:42 - [MESSAGE][INFO] - Action delay is set to 0 milliseconds

2022-07-29 09:12:44 - [MESSAGE][PASSED] - Browser is opened with url: ''

2022-07-29 09:12:44 - [TEST_STEP][PASSED] - navigateToUrl("https://katalon-demo-cura.herokuapp.com/"): Navigate to 'https://katalon-demo-cura.herokuapp.com/' successfully

2022-07-29 09:12:48 - [MESSAGE][PASSED] - Navigate to 'https://katalon-demo-cura.herokuapp.com/' successfully

2022-07-29 09:12:48 - [TEST_STEP][PASSED] - click(findTestObject("Object Repository/Cura/Page_CURA Healthcare Service/a_Make Appointment")): Object: 'Object Repository/Cura/Page_CURA Healthcare Service/a_Make Appointment' is clicked on

2022-07-29 09:12:49 - [MESSAGE][PASSED] - Object: 'Object Repository/Cura/Page_CURA Healthcare Service/a_Make Appointment' is clicked on

2022-07-29 09:12:49 - [TEST_STEP][PASSED] - setText(findTestObject("Object Repository/Cura/Page_CURA Healthcare Service/input_Username_username"), "John Doe"): Text 'John Doe' is set on object 'Object Repository/Cura/Page_CURA Healthcare Service/input_Username_username'

2022-07-29 09:12:51 - [MESSAGE][PASSED] - Text 'John Doe' is set on object 'Object Repository/Cura/Page_CURA Healthcare Service/input_Username_username'

2022-07-29 09:12:51 - [TEST_STEP][PASSED] - setEncryptedText(findTestObject("Object Repository/Cura/Page_CURA Healthcare Service/input_Password_password"), "9NLz+4tGZcQ="): Text ****** has been set on object 'Object Repository/Cura/Page_CURA Healthcare Service/input_Password_password'

2022-07-29 09:12:51 - [MESSAGE][PASSED] - Text ****** has been set on object 'Object Repository/Cura/Page_CURA Healthcare Service/input_Password_password'

2022-07-29 09:12:51 - [TEST_STEP][PASSED] - click(findTestObject("Object Repository/Cura/Page_CURA Healthcare Service/input_Demo account_form-control")): Object: 'Object Repository/Cura/Page_CURA Healthcare Service/input_Demo account_form-control' is clicked on

2022-07-29 09:12:52 - [MESSAGE][PASSED] - Object: 'Object Repository/Cura/Page_CURA Healthcare Service/input_Demo account_form-control' is clicked on

2022-07-29 09:12:52 - [TEST_STEP][PASSED] - setEncryptedText(findTestObject("Object Repository/Cura/Page_CURA Healthcare Service/input_Password_password"), "g3/DOGG74jC3Flrr3yH+3D/yKbOqqUNM"): Text ****** has been set on object 'Object Repository/Cura/Page_CURA Healthcare Service/input_Password_password'

2022-07-29 09:12:53 - [MESSAGE][PASSED] - Text ****** has been set on object 'Object Repository/Cura/Page_CURA Healthcare Service/input_Password_password'

2022-07-29 09:12:53 - [TEST_STEP][PASSED] - click(findTestObject("Object Repository/Cura/Page_CURA Healthcare Service/button_Login")): Object: 'Object Repository/Cura/Page_CURA Healthcare Service/button_Login' is clicked on

2022-07-29 09:12:54 - [MESSAGE][PASSED] - Object: 'Object Repository/Cura/Page_CURA Healthcare Service/button_Login' is clicked on

2022-07-29 09:12:54 - [TEST_STEP][PASSED] - selectOptionByValue(findTestObject("Object Repository/Cura/Page_CURA Healthcare Service/select_Tokyo CURA Healthcare Center        _5b4107"), "Hongkong CURA Healthcare Center", true): All options with value 'Hongkong CURA Healthcare Center' are selected in object 'Object Repository/Cura/Page_CURA Healthcare Service/select_Tokyo CURA Healthcare Center        _5b4107'  using regular expression

2022-07-29 09:12:56 - [MESSAGE][PASSED] - All options with value 'Hongkong CURA Healthcare Center' are selected in object 'Object Repository/Cura/Page_CURA Healthcare Service/select_Tokyo CURA Healthcare Center        _5b4107'  using regular expression

2022-07-29 09:12:56 - [TEST_STEP][PASSED] - click(findTestObject("Object Repository/Cura/Page_CURA Healthcare Service/label_Apply for hospital readmission")): Object: 'Object Repository/Cura/Page_CURA Healthcare Service/label_Apply for hospital readmission' is clicked on

2022-07-29 09:12:57 - [MESSAGE][PASSED] - Object: 'Object Repository/Cura/Page_CURA Healthcare Service/label_Apply for hospital readmission' is clicked on

2022-07-29 09:12:57 - [TEST_STEP][PASSED] - selectOptionByIndex(findTestObject("Object Repository/Cura/Page_CURA Healthcare Service/select_Tokyo CURA Healthcare Center        _5b4107"), index, STOP_ON_FAILURE): All options with index in [1] are selected on object 'Object Repository/Cura/Page_CURA Healthcare Service/select_Tokyo CURA Healthcare Center        _5b4107'

2022-07-29 09:12:58 - [MESSAGE][PASSED] - All options with index in [1] are selected on object 'Object Repository/Cura/Page_CURA Healthcare Service/select_Tokyo CURA Healthcare Center        _5b4107'

2022-07-29 09:12:58 - [TEST_STEP][PASSED] - click(findTestObject("Object Repository/Cura/Page_CURA Healthcare Service/label_Apply for hospital readmission")): Object: 'Object Repository/Cura/Page_CURA Healthcare Service/label_Apply for hospital readmission' is clicked on

2022-07-29 09:12:58 - [MESSAGE][PASSED] - Object: 'Object Repository/Cura/Page_CURA Healthcare Service/label_Apply for hospital readmission' is clicked on

2022-07-29 09:12:58 - [TEST_STEP][PASSED] - click(findTestObject("Object Repository/Cura/Page_CURA Healthcare Service/label_Apply for hospital readmission")): Object: 'Object Repository/Cura/Page_CURA Healthcare Service/label_Apply for hospital readmission' is clicked on

2022-07-29 09:12:59 - [MESSAGE][PASSED] - Object: 'Object Repository/Cura/Page_CURA Healthcare Service/label_Apply for hospital readmission' is clicked on

2022-07-29 09:12:59 - [TEST_STEP][PASSED] - selectOptionByValue(findTestObject("Object Repository/Cura/Page_CURA Healthcare Service/select_Tokyo CURA Healthcare Center        _5b4107"), "Tokyo CURA Healthcare Center", true): All options with value 'Tokyo CURA Healthcare Center' are selected in object 'Object Repository/Cura/Page_CURA Healthcare Service/select_Tokyo CURA Healthcare Center        _5b4107'  using regular expression

2022-07-29 09:13:00 - [MESSAGE][PASSED] - All options with value 'Tokyo CURA Healthcare Center' are selected in object 'Object Repository/Cura/Page_CURA Healthcare Service/select_Tokyo CURA Healthcare Center        _5b4107'  using regular expression

2022-07-29 09:13:00 - [TEST_STEP][PASSED] - click(findTestObject("Object Repository/Cura/Page_CURA Healthcare Service/span_Visit Date (Required)_glyphicon glyphi_cada34")): Object: 'Object Repository/Cura/Page_CURA Healthcare Service/span_Visit Date (Required)_glyphicon glyphi_cada34' is clicked on

2022-07-29 09:13:01 - [MESSAGE][PASSED] - Object: 'Object Repository/Cura/Page_CURA Healthcare Service/span_Visit Date (Required)_glyphicon glyphi_cada34' is clicked on

2022-07-29 09:13:01 - [TEST_STEP][PASSED] - click(findTestObject("Object Repository/Cura/Page_CURA Healthcare Service/td_28")): Object: 'Object Repository/Cura/Page_CURA Healthcare Service/td_28' is clicked on

2022-07-29 09:13:02 - [MESSAGE][PASSED] - Object: 'Object Repository/Cura/Page_CURA Healthcare Service/td_28' is clicked on

2022-07-29 09:13:02 - [TEST_STEP][PASSED] - setText(findTestObject("Object Repository/Cura/Page_CURA Healthcare Service/textarea_Comment_comment"), "asasasa"): Text 'asasasa' is set on object 'Object Repository/Cura/Page_CURA Healthcare Service/textarea_Comment_comment'

2022-07-29 09:13:03 - [MESSAGE][PASSED] - Text 'asasasa' is set on object 'Object Repository/Cura/Page_CURA Healthcare Service/textarea_Comment_comment'

2022-07-29 09:13:03 - [TEST_STEP][PASSED] - click(findTestObject("Object Repository/Cura/Page_CURA Healthcare Service/button_Book Appointment")): Object: 'Object Repository/Cura/Page_CURA Healthcare Service/button_Book Appointment' is clicked on

2022-07-29 09:13:04 - [MESSAGE][PASSED] - Object: 'Object Repository/Cura/Page_CURA Healthcare Service/button_Book Appointment' is clicked on

2022-07-29 09:13:04 - [TEST_STEP][PASSED] - closeBrowser(): Browser is closed

2022-07-29 09:13:05 - [MESSAGE][PASSED] - Browser is closed]]></system-out>
         <system-err><![CDATA[]]></system-err>
      </testcase>
      <system-out><![CDATA[2022-07-29 09:10:20 - [TEST_SUITE][PASSED] - cura-dp: Test Cases/cura-dropdown]]></system-out>
      <system-err><![CDATA[]]></system-err>
   </testsuite>
</testsuites>
