<?xml version="1.0" encoding="UTF-8"?>
<testsuites name="Get List Driver" time="112.62" tests="5" failures="0" errors="0">
   <testsuite name="Get List Driver" tests="5" failures="0" errors="0" time="112.62" skipped="0" timestamp="2022-07-28 14:07:44" hostname="User - LAPTOP-N3L575R3" id="Test Suites/Get List Driver - Data Driven/Get List Driver">
      <properties>
         <property name="deviceName" value=""/>
         <property name="devicePlatform" value=""/>
         <property name="logFolder" value="D:\\QA\\Automation Testing\\KATALON\\TMS-Internal Automation\\TMS\\Reports\\20220728_140714\\Get List Driver - Data Driven\\Get List Driver\\20220728_140714"/>
         <property name="logFiles" value="D:\\QA\\Automation Testing\\KATALON\\TMS-Internal Automation\\TMS\\Reports\\20220728_140714\\Get List Driver - Data Driven\\Get List Driver\\20220728_140714\\execution0.log"/>
         <property name="attachments" value=""/>
         <property name="hostName" value="User - LAPTOP-N3L575R3"/>
         <property name="os" value="Windows 10 64bit"/>
         <property name="katalonVersion" value="8.3.5.208"/>
         <property name="browser" value="Chrome 103.0.5060.134"/>
         <property name="hostAddress" value="192.168.56.1"/>
         <property name="sessionId" value="a385d15bd8886f2e97b6b9d0eb150281"/>
         <property name="seleniumVersion" value="3.141.59"/>
         <property name="proxyInformation" value="ProxyInformation { proxyOption=NO_PROXY, proxyServerType=HTTP, username=, password=********, proxyServerAddress=, proxyServerPort=0, executionList=&quot;&quot;, isApplyToDesiredCapabilities=true }"/>
         <property name="platform" value="Windows 10"/>
      </properties>
      <testcase name="Test Cases/Driver - Internal TMS/Integrate Internal - Get List Driver/Get List Driver With Invalid Filter Search" time="26.621" classname="Test Cases/Driver - Internal TMS/Integrate Internal - Get List Driver/Get List Driver With Invalid Filter Search" status="PASSED">
         <system-out><![CDATA[2022-07-28 14:07:45 - [TEST_CASE][PASSED] - Test Cases/Driver - Internal TMS/Integrate Internal - Get List Driver/Get List Driver With Invalid Filter Search: Test Cases/Driver - Internal TMS/Integrate Internal - Get List Driver/Get List Driver With Invalid Filter Search

2022-07-28 14:07:45 - [TEST_STEP][PASSED] - callTestCase(findTestCase("PreCondition/Driver"), [:], STOP_ON_FAILURE): Call Test Case 'Test Cases/PreCondition/Driver' successfully

2022-07-28 14:07:46 - [TEST_CASE][PASSED] - Test Cases/PreCondition/Driver: Test Cases/PreCondition/Driver

2022-07-28 14:07:46 - [TEST_STEP][PASSED] - callTestCase(findTestCase("PreCondition/Login Internal-TMS"), [:], STOP_ON_FAILURE): Call Test Case 'Test Cases/PreCondition/Login Internal-TMS' successfully

2022-07-28 14:07:46 - [TEST_CASE][PASSED] - Test Cases/PreCondition/Login Internal-TMS: Test Cases/PreCondition/Login Internal-TMS

2022-07-28 14:07:47 - [TEST_STEP][PASSED] - openBrowser(""): Browser is opened with url: ''

2022-07-28 14:07:48 - [MESSAGE][INFO] - Starting 'Chrome' driver

2022-07-28 14:07:48 - [MESSAGE][INFO] - Action delay is set to 0 milliseconds

2022-07-28 14:07:52 - [MESSAGE][PASSED] - Browser is opened with url: ''

2022-07-28 14:07:52 - [TEST_STEP][PASSED] - navigateToUrl("https://console-dev.hzn.one/tms"): Navigate to 'https://console-dev.hzn.one/tms' successfully

2022-07-28 14:07:55 - [MESSAGE][PASSED] - Navigate to 'https://console-dev.hzn.one/tms' successfully

2022-07-28 14:07:55 - [TEST_STEP][PASSED] - setText(findTestObject("Login Internal TMS/Page_/Login_inputEmail"), "admin@hzn.one"): Text 'admin@hzn.one' is set on object 'Object Repository/Login Internal TMS/Page_/Login_inputEmail'

2022-07-28 14:07:58 - [MESSAGE][PASSED] - Text 'admin@hzn.one' is set on object 'Object Repository/Login Internal TMS/Page_/Login_inputEmail'

2022-07-28 14:07:58 - [TEST_STEP][PASSED] - setEncryptedText(findTestObject("Login Internal TMS/Page_/Login_inputPassword"), "MnsJkEeAVpEG2LE9uYr7zQ=="): Text ****** has been set on object 'Object Repository/Login Internal TMS/Page_/Login_inputPassword'

2022-07-28 14:07:59 - [MESSAGE][PASSED] - Text ****** has been set on object 'Object Repository/Login Internal TMS/Page_/Login_inputPassword'

2022-07-28 14:07:59 - [TEST_STEP][PASSED] - click(findTestObject("Object Repository/Login Internal TMS/Page_/button_Login")): Object: 'Object Repository/Login Internal TMS/Page_/button_Login' is clicked on

2022-07-28 14:08:00 - [MESSAGE][PASSED] - Object: 'Object Repository/Login Internal TMS/Page_/button_Login' is clicked on

2022-07-28 14:08:00 - [MESSAGE][PASSED] - Call Test Case 'Test Cases/PreCondition/Login Internal-TMS' successfully

2022-07-28 14:08:00 - [TEST_STEP][PASSED] - click(findTestObject("Get List Driver/Page_/UserManagement")): Object: 'Object Repository/Get List Driver/Page_/UserManagement' is clicked on

2022-07-28 14:08:05 - [MESSAGE][PASSED] - Object: 'Object Repository/Get List Driver/Page_/UserManagement' is clicked on

2022-07-28 14:08:05 - [TEST_STEP][PASSED] - click(findTestObject("Object Repository/Get List Driver/Page_/a_Driver")): Object: 'Object Repository/Get List Driver/Page_/a_Driver' is clicked on

2022-07-28 14:08:06 - [MESSAGE][PASSED] - Object: 'Object Repository/Get List Driver/Page_/a_Driver' is clicked on

2022-07-28 14:08:06 - [MESSAGE][PASSED] - Call Test Case 'Test Cases/PreCondition/Driver' successfully

2022-07-28 14:08:06 - [TEST_STEP][PASSED] - setText(findTestObject("Object Repository/Get List Driver/Page_/DRiver_FilterSearch"), invalidDriverData): Text 'PT abcdef' is set on object 'Object Repository/Get List Driver/Page_/DRiver_FilterSearch'

2022-07-28 14:08:09 - [MESSAGE][PASSED] - Text 'PT abcdef' is set on object 'Object Repository/Get List Driver/Page_/DRiver_FilterSearch'

2022-07-28 14:08:09 - [TEST_STEP][PASSED] - verifyElementPresent(findTestObject("Get List Driver/Page_/NothingFound"), 0): Object 'Object Repository/Get List Driver/Page_/NothingFound' is present

2022-07-28 14:08:09 - [MESSAGE][WARNING] - Timeout '0' is invalid. Using default page load timeout: '30'

2022-07-28 14:08:10 - [MESSAGE][PASSED] - Object 'Object Repository/Get List Driver/Page_/NothingFound' is present

2022-07-28 14:08:10 - [TEST_STEP][PASSED] - closeBrowser(): Browser is closed

2022-07-28 14:08:11 - [MESSAGE][PASSED] - Browser is closed]]></system-out>
         <system-err><![CDATA[]]></system-err>
      </testcase>
      <testcase name="Test Cases/Driver - Internal TMS/Integrate Internal - Get List Driver/Get List Driver With Invalid Filter Search" time="32.43" classname="Test Cases/Driver - Internal TMS/Integrate Internal - Get List Driver/Get List Driver With Invalid Filter Search" status="PASSED">
         <system-out><![CDATA[2022-07-28 14:08:11 - [TEST_CASE][PASSED] - Test Cases/Driver - Internal TMS/Integrate Internal - Get List Driver/Get List Driver With Invalid Filter Search: Test Cases/Driver - Internal TMS/Integrate Internal - Get List Driver/Get List Driver With Invalid Filter Search

2022-07-28 14:08:11 - [TEST_STEP][PASSED] - callTestCase(findTestCase("PreCondition/Driver"), [:], STOP_ON_FAILURE): Call Test Case 'Test Cases/PreCondition/Driver' successfully

2022-07-28 14:08:11 - [TEST_CASE][PASSED] - Test Cases/PreCondition/Driver: Test Cases/PreCondition/Driver

2022-07-28 14:08:11 - [TEST_STEP][PASSED] - callTestCase(findTestCase("PreCondition/Login Internal-TMS"), [:], STOP_ON_FAILURE): Call Test Case 'Test Cases/PreCondition/Login Internal-TMS' successfully

2022-07-28 14:08:11 - [TEST_CASE][PASSED] - Test Cases/PreCondition/Login Internal-TMS: Test Cases/PreCondition/Login Internal-TMS

2022-07-28 14:08:11 - [TEST_STEP][PASSED] - openBrowser(""): Browser is opened with url: ''

2022-07-28 14:08:11 - [MESSAGE][INFO] - Starting 'Chrome' driver

2022-07-28 14:08:11 - [MESSAGE][INFO] - Action delay is set to 0 milliseconds

2022-07-28 14:08:15 - [MESSAGE][PASSED] - Browser is opened with url: ''

2022-07-28 14:08:15 - [TEST_STEP][PASSED] - navigateToUrl("https://console-dev.hzn.one/tms"): Navigate to 'https://console-dev.hzn.one/tms' successfully

2022-07-28 14:08:32 - [MESSAGE][PASSED] - Navigate to 'https://console-dev.hzn.one/tms' successfully

2022-07-28 14:08:32 - [TEST_STEP][PASSED] - setText(findTestObject("Login Internal TMS/Page_/Login_inputEmail"), "admin@hzn.one"): Text 'admin@hzn.one' is set on object 'Object Repository/Login Internal TMS/Page_/Login_inputEmail'

2022-07-28 14:08:35 - [MESSAGE][PASSED] - Text 'admin@hzn.one' is set on object 'Object Repository/Login Internal TMS/Page_/Login_inputEmail'

2022-07-28 14:08:35 - [TEST_STEP][PASSED] - setEncryptedText(findTestObject("Login Internal TMS/Page_/Login_inputPassword"), "MnsJkEeAVpEG2LE9uYr7zQ=="): Text ****** has been set on object 'Object Repository/Login Internal TMS/Page_/Login_inputPassword'

2022-07-28 14:08:35 - [MESSAGE][PASSED] - Text ****** has been set on object 'Object Repository/Login Internal TMS/Page_/Login_inputPassword'

2022-07-28 14:08:35 - [TEST_STEP][PASSED] - click(findTestObject("Object Repository/Login Internal TMS/Page_/button_Login")): Object: 'Object Repository/Login Internal TMS/Page_/button_Login' is clicked on

2022-07-28 14:08:36 - [MESSAGE][PASSED] - Object: 'Object Repository/Login Internal TMS/Page_/button_Login' is clicked on

2022-07-28 14:08:36 - [MESSAGE][PASSED] - Call Test Case 'Test Cases/PreCondition/Login Internal-TMS' successfully

2022-07-28 14:08:36 - [TEST_STEP][PASSED] - click(findTestObject("Get List Driver/Page_/UserManagement")): Object: 'Object Repository/Get List Driver/Page_/UserManagement' is clicked on

2022-07-28 14:08:39 - [MESSAGE][PASSED] - Object: 'Object Repository/Get List Driver/Page_/UserManagement' is clicked on

2022-07-28 14:08:39 - [TEST_STEP][PASSED] - click(findTestObject("Object Repository/Get List Driver/Page_/a_Driver")): Object: 'Object Repository/Get List Driver/Page_/a_Driver' is clicked on

2022-07-28 14:08:40 - [MESSAGE][PASSED] - Object: 'Object Repository/Get List Driver/Page_/a_Driver' is clicked on

2022-07-28 14:08:40 - [MESSAGE][PASSED] - Call Test Case 'Test Cases/PreCondition/Driver' successfully

2022-07-28 14:08:40 - [TEST_STEP][PASSED] - setText(findTestObject("Object Repository/Get List Driver/Page_/DRiver_FilterSearch"), invalidDriverData): Text 'fsknfks' is set on object 'Object Repository/Get List Driver/Page_/DRiver_FilterSearch'

2022-07-28 14:08:42 - [MESSAGE][PASSED] - Text 'fsknfks' is set on object 'Object Repository/Get List Driver/Page_/DRiver_FilterSearch'

2022-07-28 14:08:42 - [TEST_STEP][PASSED] - verifyElementPresent(findTestObject("Get List Driver/Page_/NothingFound"), 0): Object 'Object Repository/Get List Driver/Page_/NothingFound' is present

2022-07-28 14:08:43 - [MESSAGE][WARNING] - Timeout '0' is invalid. Using default page load timeout: '30'

2022-07-28 14:08:43 - [MESSAGE][PASSED] - Object 'Object Repository/Get List Driver/Page_/NothingFound' is present

2022-07-28 14:08:43 - [TEST_STEP][PASSED] - closeBrowser(): Browser is closed

2022-07-28 14:08:44 - [MESSAGE][PASSED] - Browser is closed]]></system-out>
         <system-err><![CDATA[]]></system-err>
      </testcase>
      <testcase name="Test Cases/Driver - Internal TMS/Integrate Internal - Get List Driver/Get List Driver With Valid Data in Filter Search" time="18.256" classname="Test Cases/Driver - Internal TMS/Integrate Internal - Get List Driver/Get List Driver With Valid Data in Filter Search" status="PASSED">
         <system-out><![CDATA[2022-07-28 14:08:44 - [TEST_CASE][PASSED] - Test Cases/Driver - Internal TMS/Integrate Internal - Get List Driver/Get List Driver With Valid Data in Filter Search: Test Cases/Driver - Internal TMS/Integrate Internal - Get List Driver/Get List Driver With Valid Data in Filter Search

2022-07-28 14:08:45 - [TEST_STEP][PASSED] - callTestCase(findTestCase("PreCondition/Driver"), [:], STOP_ON_FAILURE): Call Test Case 'Test Cases/PreCondition/Driver' successfully

2022-07-28 14:08:45 - [TEST_CASE][PASSED] - Test Cases/PreCondition/Driver: Test Cases/PreCondition/Driver

2022-07-28 14:08:45 - [TEST_STEP][PASSED] - callTestCase(findTestCase("PreCondition/Login Internal-TMS"), [:], STOP_ON_FAILURE): Call Test Case 'Test Cases/PreCondition/Login Internal-TMS' successfully

2022-07-28 14:08:45 - [TEST_CASE][PASSED] - Test Cases/PreCondition/Login Internal-TMS: Test Cases/PreCondition/Login Internal-TMS

2022-07-28 14:08:45 - [TEST_STEP][PASSED] - openBrowser(""): Browser is opened with url: ''

2022-07-28 14:08:45 - [MESSAGE][INFO] - Starting 'Chrome' driver

2022-07-28 14:08:45 - [MESSAGE][INFO] - Action delay is set to 0 milliseconds

2022-07-28 14:08:47 - [MESSAGE][PASSED] - Browser is opened with url: ''

2022-07-28 14:08:47 - [TEST_STEP][PASSED] - navigateToUrl("https://console-dev.hzn.one/tms"): Navigate to 'https://console-dev.hzn.one/tms' successfully

2022-07-28 14:08:49 - [MESSAGE][PASSED] - Navigate to 'https://console-dev.hzn.one/tms' successfully

2022-07-28 14:08:49 - [TEST_STEP][PASSED] - setText(findTestObject("Login Internal TMS/Page_/Login_inputEmail"), "admin@hzn.one"): Text 'admin@hzn.one' is set on object 'Object Repository/Login Internal TMS/Page_/Login_inputEmail'

2022-07-28 14:08:51 - [MESSAGE][PASSED] - Text 'admin@hzn.one' is set on object 'Object Repository/Login Internal TMS/Page_/Login_inputEmail'

2022-07-28 14:08:51 - [TEST_STEP][PASSED] - setEncryptedText(findTestObject("Login Internal TMS/Page_/Login_inputPassword"), "MnsJkEeAVpEG2LE9uYr7zQ=="): Text ****** has been set on object 'Object Repository/Login Internal TMS/Page_/Login_inputPassword'

2022-07-28 14:08:52 - [MESSAGE][PASSED] - Text ****** has been set on object 'Object Repository/Login Internal TMS/Page_/Login_inputPassword'

2022-07-28 14:08:52 - [TEST_STEP][PASSED] - click(findTestObject("Object Repository/Login Internal TMS/Page_/button_Login")): Object: 'Object Repository/Login Internal TMS/Page_/button_Login' is clicked on

2022-07-28 14:08:53 - [MESSAGE][PASSED] - Object: 'Object Repository/Login Internal TMS/Page_/button_Login' is clicked on

2022-07-28 14:08:53 - [MESSAGE][PASSED] - Call Test Case 'Test Cases/PreCondition/Login Internal-TMS' successfully

2022-07-28 14:08:53 - [TEST_STEP][PASSED] - click(findTestObject("Get List Driver/Page_/UserManagement")): Object: 'Object Repository/Get List Driver/Page_/UserManagement' is clicked on

2022-07-28 14:08:56 - [MESSAGE][PASSED] - Object: 'Object Repository/Get List Driver/Page_/UserManagement' is clicked on

2022-07-28 14:08:56 - [TEST_STEP][PASSED] - click(findTestObject("Object Repository/Get List Driver/Page_/a_Driver")): Object: 'Object Repository/Get List Driver/Page_/a_Driver' is clicked on

2022-07-28 14:08:57 - [MESSAGE][PASSED] - Object: 'Object Repository/Get List Driver/Page_/a_Driver' is clicked on

2022-07-28 14:08:57 - [MESSAGE][PASSED] - Call Test Case 'Test Cases/PreCondition/Driver' successfully

2022-07-28 14:08:57 - [TEST_STEP][PASSED] - setText(findTestObject("Get List Driver/Page_/DRiver_FilterSearch"), validDriverData): Text 'IDN0003-WKR011152' is set on object 'Object Repository/Get List Driver/Page_/DRiver_FilterSearch'

2022-07-28 14:09:00 - [MESSAGE][PASSED] - Text 'IDN0003-WKR011152' is set on object 'Object Repository/Get List Driver/Page_/DRiver_FilterSearch'

2022-07-28 14:09:00 - [TEST_STEP][PASSED] - verifyElementPresent(findTestObject("Get List Driver/Page_/span_arrow_forward"), 0): Object 'Object Repository/Get List Driver/Page_/span_arrow_forward' is present

2022-07-28 14:09:00 - [MESSAGE][WARNING] - Timeout '0' is invalid. Using default page load timeout: '30'

2022-07-28 14:09:01 - [MESSAGE][PASSED] - Object 'Object Repository/Get List Driver/Page_/span_arrow_forward' is present

2022-07-28 14:09:01 - [TEST_STEP][PASSED] - closeBrowser(): Browser is closed

2022-07-28 14:09:02 - [MESSAGE][PASSED] - Browser is closed]]></system-out>
         <system-err><![CDATA[]]></system-err>
      </testcase>
      <testcase name="Test Cases/Driver - Internal TMS/Integrate Internal - Get List Driver/Get List Driver With Valid Data in Filter Search" time="17.86" classname="Test Cases/Driver - Internal TMS/Integrate Internal - Get List Driver/Get List Driver With Valid Data in Filter Search" status="PASSED">
         <system-out><![CDATA[2022-07-28 14:09:02 - [TEST_CASE][PASSED] - Test Cases/Driver - Internal TMS/Integrate Internal - Get List Driver/Get List Driver With Valid Data in Filter Search: Test Cases/Driver - Internal TMS/Integrate Internal - Get List Driver/Get List Driver With Valid Data in Filter Search

2022-07-28 14:09:02 - [TEST_STEP][PASSED] - callTestCase(findTestCase("PreCondition/Driver"), [:], STOP_ON_FAILURE): Call Test Case 'Test Cases/PreCondition/Driver' successfully

2022-07-28 14:09:02 - [TEST_CASE][PASSED] - Test Cases/PreCondition/Driver: Test Cases/PreCondition/Driver

2022-07-28 14:09:02 - [TEST_STEP][PASSED] - callTestCase(findTestCase("PreCondition/Login Internal-TMS"), [:], STOP_ON_FAILURE): Call Test Case 'Test Cases/PreCondition/Login Internal-TMS' successfully

2022-07-28 14:09:02 - [TEST_CASE][PASSED] - Test Cases/PreCondition/Login Internal-TMS: Test Cases/PreCondition/Login Internal-TMS

2022-07-28 14:09:02 - [TEST_STEP][PASSED] - openBrowser(""): Browser is opened with url: ''

2022-07-28 14:09:02 - [MESSAGE][INFO] - Starting 'Chrome' driver

2022-07-28 14:09:02 - [MESSAGE][INFO] - Action delay is set to 0 milliseconds

2022-07-28 14:09:04 - [MESSAGE][PASSED] - Browser is opened with url: ''

2022-07-28 14:09:04 - [TEST_STEP][PASSED] - navigateToUrl("https://console-dev.hzn.one/tms"): Navigate to 'https://console-dev.hzn.one/tms' successfully

2022-07-28 14:09:07 - [MESSAGE][PASSED] - Navigate to 'https://console-dev.hzn.one/tms' successfully

2022-07-28 14:09:07 - [TEST_STEP][PASSED] - setText(findTestObject("Login Internal TMS/Page_/Login_inputEmail"), "admin@hzn.one"): Text 'admin@hzn.one' is set on object 'Object Repository/Login Internal TMS/Page_/Login_inputEmail'

2022-07-28 14:09:09 - [MESSAGE][PASSED] - Text 'admin@hzn.one' is set on object 'Object Repository/Login Internal TMS/Page_/Login_inputEmail'

2022-07-28 14:09:09 - [TEST_STEP][PASSED] - setEncryptedText(findTestObject("Login Internal TMS/Page_/Login_inputPassword"), "MnsJkEeAVpEG2LE9uYr7zQ=="): Text ****** has been set on object 'Object Repository/Login Internal TMS/Page_/Login_inputPassword'

2022-07-28 14:09:09 - [MESSAGE][PASSED] - Text ****** has been set on object 'Object Repository/Login Internal TMS/Page_/Login_inputPassword'

2022-07-28 14:09:09 - [TEST_STEP][PASSED] - click(findTestObject("Object Repository/Login Internal TMS/Page_/button_Login")): Object: 'Object Repository/Login Internal TMS/Page_/button_Login' is clicked on

2022-07-28 14:09:10 - [MESSAGE][PASSED] - Object: 'Object Repository/Login Internal TMS/Page_/button_Login' is clicked on

2022-07-28 14:09:10 - [MESSAGE][PASSED] - Call Test Case 'Test Cases/PreCondition/Login Internal-TMS' successfully

2022-07-28 14:09:10 - [TEST_STEP][PASSED] - click(findTestObject("Get List Driver/Page_/UserManagement")): Object: 'Object Repository/Get List Driver/Page_/UserManagement' is clicked on

2022-07-28 14:09:14 - [MESSAGE][PASSED] - Object: 'Object Repository/Get List Driver/Page_/UserManagement' is clicked on

2022-07-28 14:09:14 - [TEST_STEP][PASSED] - click(findTestObject("Object Repository/Get List Driver/Page_/a_Driver")): Object: 'Object Repository/Get List Driver/Page_/a_Driver' is clicked on

2022-07-28 14:09:16 - [MESSAGE][PASSED] - Object: 'Object Repository/Get List Driver/Page_/a_Driver' is clicked on

2022-07-28 14:09:16 - [MESSAGE][PASSED] - Call Test Case 'Test Cases/PreCondition/Driver' successfully

2022-07-28 14:09:16 - [TEST_STEP][PASSED] - setText(findTestObject("Get List Driver/Page_/DRiver_FilterSearch"), validDriverData): Text 'Test' is set on object 'Object Repository/Get List Driver/Page_/DRiver_FilterSearch'

2022-07-28 14:09:19 - [MESSAGE][PASSED] - Text 'Test' is set on object 'Object Repository/Get List Driver/Page_/DRiver_FilterSearch'

2022-07-28 14:09:19 - [TEST_STEP][PASSED] - verifyElementPresent(findTestObject("Get List Driver/Page_/span_arrow_forward"), 0): Object 'Object Repository/Get List Driver/Page_/span_arrow_forward' is present

2022-07-28 14:09:19 - [MESSAGE][WARNING] - Timeout '0' is invalid. Using default page load timeout: '30'

2022-07-28 14:09:19 - [MESSAGE][PASSED] - Object 'Object Repository/Get List Driver/Page_/span_arrow_forward' is present

2022-07-28 14:09:19 - [TEST_STEP][PASSED] - closeBrowser(): Browser is closed

2022-07-28 14:09:20 - [MESSAGE][PASSED] - Browser is closed]]></system-out>
         <system-err><![CDATA[]]></system-err>
      </testcase>
      <testcase name="Test Cases/Driver - Internal TMS/Integrate Internal - Get List Driver/Get List Driver With Valid Data in Filter Search" time="16.428" classname="Test Cases/Driver - Internal TMS/Integrate Internal - Get List Driver/Get List Driver With Valid Data in Filter Search" status="PASSED">
         <system-out><![CDATA[2022-07-28 14:09:20 - [TEST_CASE][PASSED] - Test Cases/Driver - Internal TMS/Integrate Internal - Get List Driver/Get List Driver With Valid Data in Filter Search: Test Cases/Driver - Internal TMS/Integrate Internal - Get List Driver/Get List Driver With Valid Data in Filter Search

2022-07-28 14:09:20 - [TEST_STEP][PASSED] - callTestCase(findTestCase("PreCondition/Driver"), [:], STOP_ON_FAILURE): Call Test Case 'Test Cases/PreCondition/Driver' successfully

2022-07-28 14:09:20 - [TEST_CASE][PASSED] - Test Cases/PreCondition/Driver: Test Cases/PreCondition/Driver

2022-07-28 14:09:20 - [TEST_STEP][PASSED] - callTestCase(findTestCase("PreCondition/Login Internal-TMS"), [:], STOP_ON_FAILURE): Call Test Case 'Test Cases/PreCondition/Login Internal-TMS' successfully

2022-07-28 14:09:20 - [TEST_CASE][PASSED] - Test Cases/PreCondition/Login Internal-TMS: Test Cases/PreCondition/Login Internal-TMS

2022-07-28 14:09:20 - [TEST_STEP][PASSED] - openBrowser(""): Browser is opened with url: ''

2022-07-28 14:09:20 - [MESSAGE][INFO] - Starting 'Chrome' driver

2022-07-28 14:09:20 - [MESSAGE][INFO] - Action delay is set to 0 milliseconds

2022-07-28 14:09:22 - [MESSAGE][PASSED] - Browser is opened with url: ''

2022-07-28 14:09:22 - [TEST_STEP][PASSED] - navigateToUrl("https://console-dev.hzn.one/tms"): Navigate to 'https://console-dev.hzn.one/tms' successfully

2022-07-28 14:09:25 - [MESSAGE][PASSED] - Navigate to 'https://console-dev.hzn.one/tms' successfully

2022-07-28 14:09:25 - [TEST_STEP][PASSED] - setText(findTestObject("Login Internal TMS/Page_/Login_inputEmail"), "admin@hzn.one"): Text 'admin@hzn.one' is set on object 'Object Repository/Login Internal TMS/Page_/Login_inputEmail'

2022-07-28 14:09:27 - [MESSAGE][PASSED] - Text 'admin@hzn.one' is set on object 'Object Repository/Login Internal TMS/Page_/Login_inputEmail'

2022-07-28 14:09:27 - [TEST_STEP][PASSED] - setEncryptedText(findTestObject("Login Internal TMS/Page_/Login_inputPassword"), "MnsJkEeAVpEG2LE9uYr7zQ=="): Text ****** has been set on object 'Object Repository/Login Internal TMS/Page_/Login_inputPassword'

2022-07-28 14:09:28 - [MESSAGE][PASSED] - Text ****** has been set on object 'Object Repository/Login Internal TMS/Page_/Login_inputPassword'

2022-07-28 14:09:28 - [TEST_STEP][PASSED] - click(findTestObject("Object Repository/Login Internal TMS/Page_/button_Login")): Object: 'Object Repository/Login Internal TMS/Page_/button_Login' is clicked on

2022-07-28 14:09:28 - [MESSAGE][PASSED] - Object: 'Object Repository/Login Internal TMS/Page_/button_Login' is clicked on

2022-07-28 14:09:28 - [MESSAGE][PASSED] - Call Test Case 'Test Cases/PreCondition/Login Internal-TMS' successfully

2022-07-28 14:09:28 - [TEST_STEP][PASSED] - click(findTestObject("Get List Driver/Page_/UserManagement")): Object: 'Object Repository/Get List Driver/Page_/UserManagement' is clicked on

2022-07-28 14:09:32 - [MESSAGE][PASSED] - Object: 'Object Repository/Get List Driver/Page_/UserManagement' is clicked on

2022-07-28 14:09:32 - [TEST_STEP][PASSED] - click(findTestObject("Object Repository/Get List Driver/Page_/a_Driver")): Object: 'Object Repository/Get List Driver/Page_/a_Driver' is clicked on

2022-07-28 14:09:33 - [MESSAGE][PASSED] - Object: 'Object Repository/Get List Driver/Page_/a_Driver' is clicked on

2022-07-28 14:09:33 - [MESSAGE][PASSED] - Call Test Case 'Test Cases/PreCondition/Driver' successfully

2022-07-28 14:09:33 - [TEST_STEP][PASSED] - setText(findTestObject("Get List Driver/Page_/DRiver_FilterSearch"), validDriverData): Text '	0880802312312' is set on object 'Object Repository/Get List Driver/Page_/DRiver_FilterSearch'

2022-07-28 14:09:35 - [MESSAGE][PASSED] - Text '	0880802312312' is set on object 'Object Repository/Get List Driver/Page_/DRiver_FilterSearch'

2022-07-28 14:09:35 - [TEST_STEP][PASSED] - verifyElementPresent(findTestObject("Get List Driver/Page_/span_arrow_forward"), 0): Object 'Object Repository/Get List Driver/Page_/span_arrow_forward' is present

2022-07-28 14:09:35 - [MESSAGE][WARNING] - Timeout '0' is invalid. Using default page load timeout: '30'

2022-07-28 14:09:35 - [MESSAGE][PASSED] - Object 'Object Repository/Get List Driver/Page_/span_arrow_forward' is present

2022-07-28 14:09:35 - [TEST_STEP][PASSED] - closeBrowser(): Browser is closed

2022-07-28 14:09:36 - [MESSAGE][PASSED] - Browser is closed]]></system-out>
         <system-err><![CDATA[]]></system-err>
      </testcase>
      <system-out><![CDATA[2022-07-28 14:07:44 - [TEST_SUITE][PASSED] - Get List Driver: Test Cases/Driver - Internal TMS/Integrate Internal - Get List Driver/Get List Driver With Valid Data in Filter Search]]></system-out>
      <system-err><![CDATA[]]></system-err>
   </testsuite>
</testsuites>
