<?xml version="1.0" encoding="UTF-8"?>
<testsuites name="Get List SP" time="56.498" tests="3" failures="0" errors="0">
   <testsuite name="Get List SP" tests="3" failures="0" errors="0" time="56.498" skipped="0" timestamp="2022-07-26 21:04:44" hostname="User - LAPTOP-N3L575R3" id="Test Suites/Get List SP">
      <properties>
         <property name="deviceName" value=""/>
         <property name="devicePlatform" value=""/>
         <property name="logFolder" value="D:\\QA\\Automation Testing\\KATALON\\TMS-Internal Automation\\TMS\\Reports\\20220726_210413\\Get List SP\\20220726_210413"/>
         <property name="logFiles" value="D:\\QA\\Automation Testing\\KATALON\\TMS-Internal Automation\\TMS\\Reports\\20220726_210413\\Get List SP\\20220726_210413\\execution0.log"/>
         <property name="attachments" value=""/>
         <property name="hostName" value="User - LAPTOP-N3L575R3"/>
         <property name="os" value="Windows 10 64bit"/>
         <property name="katalonVersion" value="8.3.5.208"/>
         <property name="browser" value="Chrome 103.0.5060.134"/>
         <property name="hostAddress" value="192.168.56.1"/>
         <property name="sessionId" value="77f885425f1f06b7e18e9f5742571919"/>
         <property name="seleniumVersion" value="3.141.59"/>
         <property name="proxyInformation" value="ProxyInformation { proxyOption=NO_PROXY, proxyServerType=HTTP, username=, password=********, proxyServerAddress=, proxyServerPort=0, executionList=&quot;&quot;, isApplyToDesiredCapabilities=true }"/>
         <property name="platform" value="Windows 10"/>
      </properties>
      <testcase name="Test Cases/Service Provider -Internal TMS/Get List SP with Invalid city" time="20.081" classname="Test Cases/Service Provider -Internal TMS/Get List SP with Invalid city" status="PASSED">
         <system-out><![CDATA[2022-07-26 21:04:44 - [TEST_CASE][PASSED] - Test Cases/Service Provider -Internal TMS/Get List SP with Invalid city: Test Cases/Service Provider -Internal TMS/Get List SP with Invalid city

2022-07-26 21:04:45 - [TEST_STEP][PASSED] - callTestCase(findTestCase("Service Provider -Internal TMS/PreCondition/SP"), ["validData":""], STOP_ON_FAILURE): Call Test Case 'Test Cases/Service Provider -Internal TMS/PreCondition/SP' successfully

2022-07-26 21:04:45 - [TEST_CASE][PASSED] - Test Cases/Service Provider -Internal TMS/PreCondition/SP: Test Cases/Service Provider -Internal TMS/PreCondition/SP

2022-07-26 21:04:46 - [TEST_STEP][PASSED] - callTestCase(findTestCase("Service Provider -Internal TMS/PreCondition/Login Internal-TMS"), [:], STOP_ON_FAILURE): Call Test Case 'Test Cases/Service Provider -Internal TMS/PreCondition/Login Internal-TMS' successfully

2022-07-26 21:04:46 - [TEST_CASE][PASSED] - Test Cases/Service Provider -Internal TMS/PreCondition/Login Internal-TMS: Test Cases/Service Provider -Internal TMS/PreCondition/Login Internal-TMS

2022-07-26 21:04:46 - [TEST_STEP][PASSED] - openBrowser(""): Browser is opened with url: ''

2022-07-26 21:04:46 - [MESSAGE][INFO] - Starting 'Chrome' driver

2022-07-26 21:04:46 - [MESSAGE][INFO] - Action delay is set to 0 milliseconds

2022-07-26 21:04:49 - [MESSAGE][PASSED] - Browser is opened with url: ''

2022-07-26 21:04:49 - [TEST_STEP][PASSED] - navigateToUrl("https://console-dev.hzn.one/tms"): Navigate to 'https://console-dev.hzn.one/tms' successfully

2022-07-26 21:04:53 - [MESSAGE][PASSED] - Navigate to 'https://console-dev.hzn.one/tms' successfully

2022-07-26 21:04:53 - [TEST_STEP][PASSED] - setText(findTestObject("Object Repository/Login Internal TMS/Page_/input_Company Email_email"), "admin@hzn.one"): Text 'admin@hzn.one' is set on object 'Object Repository/Login Internal TMS/Page_/input_Company Email_email'

2022-07-26 21:04:54 - [MESSAGE][PASSED] - Text 'admin@hzn.one' is set on object 'Object Repository/Login Internal TMS/Page_/input_Company Email_email'

2022-07-26 21:04:54 - [TEST_STEP][PASSED] - setEncryptedText(findTestObject("Object Repository/Login Internal TMS/Page_/input_Password_password"), "MnsJkEeAVpEG2LE9uYr7zQ=="): Text ****** has been set on object 'Object Repository/Login Internal TMS/Page_/input_Password_password'

2022-07-26 21:04:54 - [MESSAGE][PASSED] - Text ****** has been set on object 'Object Repository/Login Internal TMS/Page_/input_Password_password'

2022-07-26 21:04:54 - [TEST_STEP][PASSED] - click(findTestObject("Object Repository/Login Internal TMS/Page_/button_Login")): Object: 'Object Repository/Login Internal TMS/Page_/button_Login' is clicked on

2022-07-26 21:04:55 - [MESSAGE][PASSED] - Object: 'Object Repository/Login Internal TMS/Page_/button_Login' is clicked on

2022-07-26 21:04:55 - [MESSAGE][PASSED] - Call Test Case 'Test Cases/Service Provider -Internal TMS/PreCondition/Login Internal-TMS' successfully

2022-07-26 21:04:55 - [TEST_STEP][PASSED] - maximizeWindow(): Current window maximized

2022-07-26 21:04:55 - [MESSAGE][PASSED] - Current window maximized

2022-07-26 21:04:55 - [TEST_STEP][PASSED] - click(findTestObject("Object Repository/Search List SP/Page_/Arrow Management")): Object: 'Object Repository/Search List SP/Page_/Arrow Management' is clicked on

2022-07-26 21:04:57 - [MESSAGE][PASSED] - Object: 'Object Repository/Search List SP/Page_/Arrow Management' is clicked on

2022-07-26 21:04:57 - [TEST_STEP][PASSED] - click(findTestObject("Object Repository/Search List SP/Page_/Service Provider")): Object: 'Object Repository/Search List SP/Page_/Service Provider' is clicked on

2022-07-26 21:04:59 - [MESSAGE][PASSED] - Object: 'Object Repository/Search List SP/Page_/Service Provider' is clicked on

2022-07-26 21:04:59 - [MESSAGE][PASSED] - Call Test Case 'Test Cases/Service Provider -Internal TMS/PreCondition/SP' successfully

2022-07-26 21:04:59 - [TEST_STEP][PASSED] - setText(findTestObject("Object Repository/Search-City/Page_/Field Choose City"), invalidCity): Text 'Medan' is set on object 'Object Repository/Search-City/Page_/Field Choose City'

2022-07-26 21:05:00 - [MESSAGE][PASSED] - Text 'Medan' is set on object 'Object Repository/Search-City/Page_/Field Choose City'

2022-07-26 21:05:00 - [TEST_STEP][PASSED] - click(findTestObject("Object Repository/Search-City/Page_/listCity")): Object: 'Object Repository/Search-City/Page_/listCity' is clicked on

2022-07-26 21:05:02 - [MESSAGE][PASSED] - Object: 'Object Repository/Search-City/Page_/listCity' is clicked on

2022-07-26 21:05:02 - [TEST_STEP][PASSED] - verifyElementPresent(findTestObject("Search-City/Page_/Page_/NoElement"), 0): Object 'Object Repository/Search-City/Page_/Page_/NoElement' is present

2022-07-26 21:05:02 - [MESSAGE][WARNING] - Timeout '0' is invalid. Using default page load timeout: '30'

2022-07-26 21:05:04 - [MESSAGE][PASSED] - Object 'Object Repository/Search-City/Page_/Page_/NoElement' is present

2022-07-26 21:05:04 - [TEST_STEP][PASSED] - closeBrowser(): Browser is closed

2022-07-26 21:05:04 - [MESSAGE][PASSED] - Browser is closed]]></system-out>
         <system-err><![CDATA[]]></system-err>
      </testcase>
      <testcase name="Test Cases/Service Provider -Internal TMS/Get List SP with Invalid city" time="19.278" classname="Test Cases/Service Provider -Internal TMS/Get List SP with Invalid city" status="PASSED">
         <system-out><![CDATA[2022-07-26 21:05:05 - [TEST_CASE][PASSED] - Test Cases/Service Provider -Internal TMS/Get List SP with Invalid city: Test Cases/Service Provider -Internal TMS/Get List SP with Invalid city

2022-07-26 21:05:05 - [TEST_STEP][PASSED] - callTestCase(findTestCase("Service Provider -Internal TMS/PreCondition/SP"), ["validData":""], STOP_ON_FAILURE): Call Test Case 'Test Cases/Service Provider -Internal TMS/PreCondition/SP' successfully

2022-07-26 21:05:05 - [TEST_CASE][PASSED] - Test Cases/Service Provider -Internal TMS/PreCondition/SP: Test Cases/Service Provider -Internal TMS/PreCondition/SP

2022-07-26 21:05:05 - [TEST_STEP][PASSED] - callTestCase(findTestCase("Service Provider -Internal TMS/PreCondition/Login Internal-TMS"), [:], STOP_ON_FAILURE): Call Test Case 'Test Cases/Service Provider -Internal TMS/PreCondition/Login Internal-TMS' successfully

2022-07-26 21:05:05 - [TEST_CASE][PASSED] - Test Cases/Service Provider -Internal TMS/PreCondition/Login Internal-TMS: Test Cases/Service Provider -Internal TMS/PreCondition/Login Internal-TMS

2022-07-26 21:05:05 - [TEST_STEP][PASSED] - openBrowser(""): Browser is opened with url: ''

2022-07-26 21:05:05 - [MESSAGE][INFO] - Starting 'Chrome' driver

2022-07-26 21:05:05 - [MESSAGE][INFO] - Action delay is set to 0 milliseconds

2022-07-26 21:05:07 - [MESSAGE][PASSED] - Browser is opened with url: ''

2022-07-26 21:05:07 - [TEST_STEP][PASSED] - navigateToUrl("https://console-dev.hzn.one/tms"): Navigate to 'https://console-dev.hzn.one/tms' successfully

2022-07-26 21:05:12 - [MESSAGE][PASSED] - Navigate to 'https://console-dev.hzn.one/tms' successfully

2022-07-26 21:05:12 - [TEST_STEP][PASSED] - setText(findTestObject("Object Repository/Login Internal TMS/Page_/input_Company Email_email"), "admin@hzn.one"): Text 'admin@hzn.one' is set on object 'Object Repository/Login Internal TMS/Page_/input_Company Email_email'

2022-07-26 21:05:13 - [MESSAGE][PASSED] - Text 'admin@hzn.one' is set on object 'Object Repository/Login Internal TMS/Page_/input_Company Email_email'

2022-07-26 21:05:13 - [TEST_STEP][PASSED] - setEncryptedText(findTestObject("Object Repository/Login Internal TMS/Page_/input_Password_password"), "MnsJkEeAVpEG2LE9uYr7zQ=="): Text ****** has been set on object 'Object Repository/Login Internal TMS/Page_/input_Password_password'

2022-07-26 21:05:13 - [MESSAGE][PASSED] - Text ****** has been set on object 'Object Repository/Login Internal TMS/Page_/input_Password_password'

2022-07-26 21:05:13 - [TEST_STEP][PASSED] - click(findTestObject("Object Repository/Login Internal TMS/Page_/button_Login")): Object: 'Object Repository/Login Internal TMS/Page_/button_Login' is clicked on

2022-07-26 21:05:14 - [MESSAGE][PASSED] - Object: 'Object Repository/Login Internal TMS/Page_/button_Login' is clicked on

2022-07-26 21:05:14 - [MESSAGE][PASSED] - Call Test Case 'Test Cases/Service Provider -Internal TMS/PreCondition/Login Internal-TMS' successfully

2022-07-26 21:05:14 - [TEST_STEP][PASSED] - maximizeWindow(): Current window maximized

2022-07-26 21:05:14 - [MESSAGE][PASSED] - Current window maximized

2022-07-26 21:05:14 - [TEST_STEP][PASSED] - click(findTestObject("Object Repository/Search List SP/Page_/Arrow Management")): Object: 'Object Repository/Search List SP/Page_/Arrow Management' is clicked on

2022-07-26 21:05:17 - [MESSAGE][PASSED] - Object: 'Object Repository/Search List SP/Page_/Arrow Management' is clicked on

2022-07-26 21:05:17 - [TEST_STEP][PASSED] - click(findTestObject("Object Repository/Search List SP/Page_/Service Provider")): Object: 'Object Repository/Search List SP/Page_/Service Provider' is clicked on

2022-07-26 21:05:18 - [MESSAGE][PASSED] - Object: 'Object Repository/Search List SP/Page_/Service Provider' is clicked on

2022-07-26 21:05:18 - [MESSAGE][PASSED] - Call Test Case 'Test Cases/Service Provider -Internal TMS/PreCondition/SP' successfully

2022-07-26 21:05:18 - [TEST_STEP][PASSED] - setText(findTestObject("Object Repository/Search-City/Page_/Field Choose City"), invalidCity): Text 'Balikpapan' is set on object 'Object Repository/Search-City/Page_/Field Choose City'

2022-07-26 21:05:20 - [MESSAGE][PASSED] - Text 'Balikpapan' is set on object 'Object Repository/Search-City/Page_/Field Choose City'

2022-07-26 21:05:20 - [TEST_STEP][PASSED] - click(findTestObject("Object Repository/Search-City/Page_/listCity")): Object: 'Object Repository/Search-City/Page_/listCity' is clicked on

2022-07-26 21:05:21 - [MESSAGE][PASSED] - Object: 'Object Repository/Search-City/Page_/listCity' is clicked on

2022-07-26 21:05:21 - [TEST_STEP][PASSED] - verifyElementPresent(findTestObject("Search-City/Page_/Page_/NoElement"), 0): Object 'Object Repository/Search-City/Page_/Page_/NoElement' is present

2022-07-26 21:05:22 - [MESSAGE][WARNING] - Timeout '0' is invalid. Using default page load timeout: '30'

2022-07-26 21:05:23 - [MESSAGE][PASSED] - Object 'Object Repository/Search-City/Page_/Page_/NoElement' is present

2022-07-26 21:05:23 - [TEST_STEP][PASSED] - closeBrowser(): Browser is closed

2022-07-26 21:05:24 - [MESSAGE][PASSED] - Browser is closed]]></system-out>
         <system-err><![CDATA[]]></system-err>
      </testcase>
      <testcase name="Test Cases/Service Provider -Internal TMS/Get List SP with Invalid city" time="16.523" classname="Test Cases/Service Provider -Internal TMS/Get List SP with Invalid city" status="PASSED">
         <system-out><![CDATA[2022-07-26 21:05:24 - [TEST_CASE][PASSED] - Test Cases/Service Provider -Internal TMS/Get List SP with Invalid city: Test Cases/Service Provider -Internal TMS/Get List SP with Invalid city

2022-07-26 21:05:24 - [TEST_STEP][PASSED] - callTestCase(findTestCase("Service Provider -Internal TMS/PreCondition/SP"), ["validData":""], STOP_ON_FAILURE): Call Test Case 'Test Cases/Service Provider -Internal TMS/PreCondition/SP' successfully

2022-07-26 21:05:24 - [TEST_CASE][PASSED] - Test Cases/Service Provider -Internal TMS/PreCondition/SP: Test Cases/Service Provider -Internal TMS/PreCondition/SP

2022-07-26 21:05:24 - [TEST_STEP][PASSED] - callTestCase(findTestCase("Service Provider -Internal TMS/PreCondition/Login Internal-TMS"), [:], STOP_ON_FAILURE): Call Test Case 'Test Cases/Service Provider -Internal TMS/PreCondition/Login Internal-TMS' successfully

2022-07-26 21:05:24 - [TEST_CASE][PASSED] - Test Cases/Service Provider -Internal TMS/PreCondition/Login Internal-TMS: Test Cases/Service Provider -Internal TMS/PreCondition/Login Internal-TMS

2022-07-26 21:05:24 - [TEST_STEP][PASSED] - openBrowser(""): Browser is opened with url: ''

2022-07-26 21:05:24 - [MESSAGE][INFO] - Starting 'Chrome' driver

2022-07-26 21:05:24 - [MESSAGE][INFO] - Action delay is set to 0 milliseconds

2022-07-26 21:05:26 - [MESSAGE][PASSED] - Browser is opened with url: ''

2022-07-26 21:05:26 - [TEST_STEP][PASSED] - navigateToUrl("https://console-dev.hzn.one/tms"): Navigate to 'https://console-dev.hzn.one/tms' successfully

2022-07-26 21:05:28 - [MESSAGE][PASSED] - Navigate to 'https://console-dev.hzn.one/tms' successfully

2022-07-26 21:05:28 - [TEST_STEP][PASSED] - setText(findTestObject("Object Repository/Login Internal TMS/Page_/input_Company Email_email"), "admin@hzn.one"): Text 'admin@hzn.one' is set on object 'Object Repository/Login Internal TMS/Page_/input_Company Email_email'

2022-07-26 21:05:29 - [MESSAGE][PASSED] - Text 'admin@hzn.one' is set on object 'Object Repository/Login Internal TMS/Page_/input_Company Email_email'

2022-07-26 21:05:29 - [TEST_STEP][PASSED] - setEncryptedText(findTestObject("Object Repository/Login Internal TMS/Page_/input_Password_password"), "MnsJkEeAVpEG2LE9uYr7zQ=="): Text ****** has been set on object 'Object Repository/Login Internal TMS/Page_/input_Password_password'

2022-07-26 21:05:29 - [MESSAGE][PASSED] - Text ****** has been set on object 'Object Repository/Login Internal TMS/Page_/input_Password_password'

2022-07-26 21:05:29 - [TEST_STEP][PASSED] - click(findTestObject("Object Repository/Login Internal TMS/Page_/button_Login")): Object: 'Object Repository/Login Internal TMS/Page_/button_Login' is clicked on

2022-07-26 21:05:30 - [MESSAGE][PASSED] - Object: 'Object Repository/Login Internal TMS/Page_/button_Login' is clicked on

2022-07-26 21:05:30 - [MESSAGE][PASSED] - Call Test Case 'Test Cases/Service Provider -Internal TMS/PreCondition/Login Internal-TMS' successfully

2022-07-26 21:05:30 - [TEST_STEP][PASSED] - maximizeWindow(): Current window maximized

2022-07-26 21:05:30 - [MESSAGE][PASSED] - Current window maximized

2022-07-26 21:05:30 - [TEST_STEP][PASSED] - click(findTestObject("Object Repository/Search List SP/Page_/Arrow Management")): Object: 'Object Repository/Search List SP/Page_/Arrow Management' is clicked on

2022-07-26 21:05:33 - [MESSAGE][PASSED] - Object: 'Object Repository/Search List SP/Page_/Arrow Management' is clicked on

2022-07-26 21:05:33 - [TEST_STEP][PASSED] - click(findTestObject("Object Repository/Search List SP/Page_/Service Provider")): Object: 'Object Repository/Search List SP/Page_/Service Provider' is clicked on

2022-07-26 21:05:34 - [MESSAGE][PASSED] - Object: 'Object Repository/Search List SP/Page_/Service Provider' is clicked on

2022-07-26 21:05:34 - [MESSAGE][PASSED] - Call Test Case 'Test Cases/Service Provider -Internal TMS/PreCondition/SP' successfully

2022-07-26 21:05:34 - [TEST_STEP][PASSED] - setText(findTestObject("Object Repository/Search-City/Page_/Field Choose City"), invalidCity): Text 'Jayapura Kabupaten' is set on object 'Object Repository/Search-City/Page_/Field Choose City'

2022-07-26 21:05:36 - [MESSAGE][PASSED] - Text 'Jayapura Kabupaten' is set on object 'Object Repository/Search-City/Page_/Field Choose City'

2022-07-26 21:05:36 - [TEST_STEP][PASSED] - click(findTestObject("Object Repository/Search-City/Page_/listCity")): Object: 'Object Repository/Search-City/Page_/listCity' is clicked on

2022-07-26 21:05:38 - [MESSAGE][PASSED] - Object: 'Object Repository/Search-City/Page_/listCity' is clicked on

2022-07-26 21:05:38 - [TEST_STEP][PASSED] - verifyElementPresent(findTestObject("Search-City/Page_/Page_/NoElement"), 0): Object 'Object Repository/Search-City/Page_/Page_/NoElement' is present

2022-07-26 21:05:38 - [MESSAGE][WARNING] - Timeout '0' is invalid. Using default page load timeout: '30'

2022-07-26 21:05:40 - [MESSAGE][PASSED] - Object 'Object Repository/Search-City/Page_/Page_/NoElement' is present

2022-07-26 21:05:40 - [TEST_STEP][PASSED] - closeBrowser(): Browser is closed

2022-07-26 21:05:40 - [MESSAGE][PASSED] - Browser is closed]]></system-out>
         <system-err><![CDATA[]]></system-err>
      </testcase>
      <system-out><![CDATA[2022-07-26 21:04:44 - [TEST_SUITE][PASSED] - Get List SP: Test Cases/Service Provider -Internal TMS/Get List SP with Invalid city]]></system-out>
      <system-err><![CDATA[]]></system-err>
   </testsuite>
</testsuites>
