<?xml version="1.0" encoding="UTF-8"?>
<testsuites name="Get Detail Driver" time="259.312" tests="10" failures="0" errors="0">
   <testsuite name="Get Detail Driver" tests="10" failures="0" errors="0" time="259.312" skipped="0" timestamp="2022-07-28 16:03:14" hostname="User - LAPTOP-N3L575R3" id="Test Suites/Get Detail Driver - Data Driven/Get Detail Driver">
      <properties>
         <property name="deviceName" value=""/>
         <property name="devicePlatform" value=""/>
         <property name="logFolder" value="D:\\QA\\Automation Testing\\KATALON\\TMS-Internal Automation\\TMS\\Reports\\20220728_160241\\Get Detail Driver - Data Driven\\Get Detail Driver\\20220728_160241"/>
         <property name="logFiles" value="D:\\QA\\Automation Testing\\KATALON\\TMS-Internal Automation\\TMS\\Reports\\20220728_160241\\Get Detail Driver - Data Driven\\Get Detail Driver\\20220728_160241\\execution0.log"/>
         <property name="attachments" value=""/>
         <property name="hostName" value="User - LAPTOP-N3L575R3"/>
         <property name="os" value="Windows 10 64bit"/>
         <property name="katalonVersion" value="8.3.5.208"/>
         <property name="browser" value="Chrome 103.0.5060.134"/>
         <property name="hostAddress" value="192.168.56.1"/>
         <property name="sessionId" value="b812d562def8957aada7f5b574f1eef3"/>
         <property name="seleniumVersion" value="3.141.59"/>
         <property name="proxyInformation" value="ProxyInformation { proxyOption=NO_PROXY, proxyServerType=HTTP, username=, password=********, proxyServerAddress=, proxyServerPort=0, executionList=&quot;&quot;, isApplyToDesiredCapabilities=true }"/>
         <property name="platform" value="Windows 10"/>
      </properties>
      <testcase name="Test Cases/Driver - Internal TMS/Integrate Internal - Get Detail Driver/Get Detail Driver" time="31.196" classname="Test Cases/Driver - Internal TMS/Integrate Internal - Get Detail Driver/Get Detail Driver" status="PASSED">
         <system-out><![CDATA[2022-07-28 16:03:15 - [TEST_CASE][PASSED] - Test Cases/Driver - Internal TMS/Integrate Internal - Get Detail Driver/Get Detail Driver: Test Cases/Driver - Internal TMS/Integrate Internal - Get Detail Driver/Get Detail Driver

2022-07-28 16:03:16 - [TEST_STEP][PASSED] - callTestCase(findTestCase("PreCondition/Driver"), [:], STOP_ON_FAILURE): Call Test Case 'Test Cases/PreCondition/Driver' successfully

2022-07-28 16:03:16 - [TEST_CASE][PASSED] - Test Cases/PreCondition/Driver: Test Cases/PreCondition/Driver

2022-07-28 16:03:17 - [TEST_STEP][PASSED] - callTestCase(findTestCase("PreCondition/Login Internal-TMS"), [:], STOP_ON_FAILURE): Call Test Case 'Test Cases/PreCondition/Login Internal-TMS' successfully

2022-07-28 16:03:17 - [TEST_CASE][PASSED] - Test Cases/PreCondition/Login Internal-TMS: Test Cases/PreCondition/Login Internal-TMS

2022-07-28 16:03:17 - [TEST_STEP][PASSED] - openBrowser(""): Browser is opened with url: ''

2022-07-28 16:03:18 - [MESSAGE][INFO] - Starting 'Chrome' driver

2022-07-28 16:03:18 - [MESSAGE][INFO] - Action delay is set to 0 milliseconds

2022-07-28 16:03:23 - [MESSAGE][PASSED] - Browser is opened with url: ''

2022-07-28 16:03:23 - [TEST_STEP][PASSED] - navigateToUrl("https://console-dev.hzn.one/tms"): Navigate to 'https://console-dev.hzn.one/tms' successfully

2022-07-28 16:03:25 - [MESSAGE][PASSED] - Navigate to 'https://console-dev.hzn.one/tms' successfully

2022-07-28 16:03:25 - [TEST_STEP][PASSED] - setText(findTestObject("Login Internal TMS/Page_/Login_inputEmail"), "admin@hzn.one"): Text 'admin@hzn.one' is set on object 'Object Repository/Login Internal TMS/Page_/Login_inputEmail'

2022-07-28 16:03:27 - [MESSAGE][PASSED] - Text 'admin@hzn.one' is set on object 'Object Repository/Login Internal TMS/Page_/Login_inputEmail'

2022-07-28 16:03:27 - [TEST_STEP][PASSED] - setEncryptedText(findTestObject("Login Internal TMS/Page_/Login_inputPassword"), "MnsJkEeAVpEG2LE9uYr7zQ=="): Text ****** has been set on object 'Object Repository/Login Internal TMS/Page_/Login_inputPassword'

2022-07-28 16:03:28 - [MESSAGE][PASSED] - Text ****** has been set on object 'Object Repository/Login Internal TMS/Page_/Login_inputPassword'

2022-07-28 16:03:28 - [TEST_STEP][PASSED] - click(findTestObject("Object Repository/Login Internal TMS/Page_/button_Login")): Object: 'Object Repository/Login Internal TMS/Page_/button_Login' is clicked on

2022-07-28 16:03:28 - [MESSAGE][PASSED] - Object: 'Object Repository/Login Internal TMS/Page_/button_Login' is clicked on

2022-07-28 16:03:28 - [MESSAGE][PASSED] - Call Test Case 'Test Cases/PreCondition/Login Internal-TMS' successfully

2022-07-28 16:03:28 - [TEST_STEP][PASSED] - click(findTestObject("Get List Driver/Page_/UserManagement")): Object: 'Object Repository/Get List Driver/Page_/UserManagement' is clicked on

2022-07-28 16:03:31 - [MESSAGE][PASSED] - Object: 'Object Repository/Get List Driver/Page_/UserManagement' is clicked on

2022-07-28 16:03:31 - [TEST_STEP][PASSED] - click(findTestObject("Object Repository/Get List Driver/Page_/a_Driver")): Object: 'Object Repository/Get List Driver/Page_/a_Driver' is clicked on

2022-07-28 16:03:33 - [MESSAGE][PASSED] - Object: 'Object Repository/Get List Driver/Page_/a_Driver' is clicked on

2022-07-28 16:03:33 - [MESSAGE][PASSED] - Call Test Case 'Test Cases/PreCondition/Driver' successfully

2022-07-28 16:03:33 - [TEST_STEP][PASSED] - setText(findTestObject("Get List Driver/Page_/DRiver_FilterSearch"), validDriverID): Text 'IDN0003-WKR011152' is set on object 'Object Repository/Get List Driver/Page_/DRiver_FilterSearch'

2022-07-28 16:03:36 - [MESSAGE][PASSED] - Text 'IDN0003-WKR011152' is set on object 'Object Repository/Get List Driver/Page_/DRiver_FilterSearch'

2022-07-28 16:03:36 - [TEST_STEP][PASSED] - verifyElementPresent(findTestObject("Get List Driver/Page_/span_arrow_forward"), 0): Object 'Object Repository/Get List Driver/Page_/span_arrow_forward' is present

2022-07-28 16:03:36 - [MESSAGE][WARNING] - Timeout '0' is invalid. Using default page load timeout: '30'

2022-07-28 16:03:36 - [MESSAGE][PASSED] - Object 'Object Repository/Get List Driver/Page_/span_arrow_forward' is present

2022-07-28 16:03:36 - [TEST_STEP][PASSED] - click(findTestObject("Get List Driver/Page_/span_arrow_forward")): Object: 'Object Repository/Get List Driver/Page_/span_arrow_forward' is clicked on

2022-07-28 16:03:38 - [MESSAGE][PASSED] - Object: 'Object Repository/Get List Driver/Page_/span_arrow_forward' is clicked on

2022-07-28 16:03:38 - [TEST_STEP][PASSED] - verifyElementPresent(findTestObject("Detail Driver/BodyDetailDriver"), 0): Object 'Object Repository/Detail Driver/BodyDetailDriver' is present

2022-07-28 16:03:38 - [MESSAGE][WARNING] - Timeout '0' is invalid. Using default page load timeout: '30'

2022-07-28 16:03:44 - [MESSAGE][PASSED] - Object 'Object Repository/Detail Driver/BodyDetailDriver' is present

2022-07-28 16:03:44 - [TEST_STEP][PASSED] - verifyElementClickable(findTestObject("Detail Driver/BackButton")): Object 'Object Repository/Detail Driver/BackButton' is clickable

2022-07-28 16:03:44 - [MESSAGE][PASSED] - Object 'Object Repository/Detail Driver/BackButton' is clickable

2022-07-28 16:03:44 - [TEST_STEP][PASSED] - click(findTestObject("Detail Driver/BackButton")): Object: 'Object Repository/Detail Driver/BackButton' is clicked on

2022-07-28 16:03:45 - [MESSAGE][PASSED] - Object: 'Object Repository/Detail Driver/BackButton' is clicked on

2022-07-28 16:03:45 - [TEST_STEP][PASSED] - closeBrowser(): Browser is closed

2022-07-28 16:03:46 - [MESSAGE][PASSED] - Browser is closed]]></system-out>
         <system-err><![CDATA[]]></system-err>
      </testcase>
      <testcase name="Test Cases/Driver - Internal TMS/Integrate Internal - Get Detail Driver/Get Detail Driver" time="39.01" classname="Test Cases/Driver - Internal TMS/Integrate Internal - Get Detail Driver/Get Detail Driver" status="PASSED">
         <system-out><![CDATA[2022-07-28 16:03:46 - [TEST_CASE][PASSED] - Test Cases/Driver - Internal TMS/Integrate Internal - Get Detail Driver/Get Detail Driver: Test Cases/Driver - Internal TMS/Integrate Internal - Get Detail Driver/Get Detail Driver

2022-07-28 16:03:46 - [TEST_STEP][PASSED] - callTestCase(findTestCase("PreCondition/Driver"), [:], STOP_ON_FAILURE): Call Test Case 'Test Cases/PreCondition/Driver' successfully

2022-07-28 16:03:46 - [TEST_CASE][PASSED] - Test Cases/PreCondition/Driver: Test Cases/PreCondition/Driver

2022-07-28 16:03:46 - [TEST_STEP][PASSED] - callTestCase(findTestCase("PreCondition/Login Internal-TMS"), [:], STOP_ON_FAILURE): Call Test Case 'Test Cases/PreCondition/Login Internal-TMS' successfully

2022-07-28 16:03:46 - [TEST_CASE][PASSED] - Test Cases/PreCondition/Login Internal-TMS: Test Cases/PreCondition/Login Internal-TMS

2022-07-28 16:03:46 - [TEST_STEP][PASSED] - openBrowser(""): Browser is opened with url: ''

2022-07-28 16:03:46 - [MESSAGE][INFO] - Starting 'Chrome' driver

2022-07-28 16:03:46 - [MESSAGE][INFO] - Action delay is set to 0 milliseconds

2022-07-28 16:03:49 - [MESSAGE][PASSED] - Browser is opened with url: ''

2022-07-28 16:03:49 - [TEST_STEP][PASSED] - navigateToUrl("https://console-dev.hzn.one/tms"): Navigate to 'https://console-dev.hzn.one/tms' successfully

2022-07-28 16:04:04 - [MESSAGE][PASSED] - Navigate to 'https://console-dev.hzn.one/tms' successfully

2022-07-28 16:04:04 - [TEST_STEP][PASSED] - setText(findTestObject("Login Internal TMS/Page_/Login_inputEmail"), "admin@hzn.one"): Text 'admin@hzn.one' is set on object 'Object Repository/Login Internal TMS/Page_/Login_inputEmail'

2022-07-28 16:04:06 - [MESSAGE][PASSED] - Text 'admin@hzn.one' is set on object 'Object Repository/Login Internal TMS/Page_/Login_inputEmail'

2022-07-28 16:04:06 - [TEST_STEP][PASSED] - setEncryptedText(findTestObject("Login Internal TMS/Page_/Login_inputPassword"), "MnsJkEeAVpEG2LE9uYr7zQ=="): Text ****** has been set on object 'Object Repository/Login Internal TMS/Page_/Login_inputPassword'

2022-07-28 16:04:07 - [MESSAGE][PASSED] - Text ****** has been set on object 'Object Repository/Login Internal TMS/Page_/Login_inputPassword'

2022-07-28 16:04:07 - [TEST_STEP][PASSED] - click(findTestObject("Object Repository/Login Internal TMS/Page_/button_Login")): Object: 'Object Repository/Login Internal TMS/Page_/button_Login' is clicked on

2022-07-28 16:04:08 - [MESSAGE][PASSED] - Object: 'Object Repository/Login Internal TMS/Page_/button_Login' is clicked on

2022-07-28 16:04:08 - [MESSAGE][PASSED] - Call Test Case 'Test Cases/PreCondition/Login Internal-TMS' successfully

2022-07-28 16:04:08 - [TEST_STEP][PASSED] - click(findTestObject("Get List Driver/Page_/UserManagement")): Object: 'Object Repository/Get List Driver/Page_/UserManagement' is clicked on

2022-07-28 16:04:12 - [MESSAGE][PASSED] - Object: 'Object Repository/Get List Driver/Page_/UserManagement' is clicked on

2022-07-28 16:04:12 - [TEST_STEP][PASSED] - click(findTestObject("Object Repository/Get List Driver/Page_/a_Driver")): Object: 'Object Repository/Get List Driver/Page_/a_Driver' is clicked on

2022-07-28 16:04:14 - [MESSAGE][PASSED] - Object: 'Object Repository/Get List Driver/Page_/a_Driver' is clicked on

2022-07-28 16:04:14 - [MESSAGE][PASSED] - Call Test Case 'Test Cases/PreCondition/Driver' successfully

2022-07-28 16:04:14 - [TEST_STEP][PASSED] - setText(findTestObject("Get List Driver/Page_/DRiver_FilterSearch"), validDriverID): Text 'IDN0003-WKR011151' is set on object 'Object Repository/Get List Driver/Page_/DRiver_FilterSearch'

2022-07-28 16:04:19 - [MESSAGE][PASSED] - Text 'IDN0003-WKR011151' is set on object 'Object Repository/Get List Driver/Page_/DRiver_FilterSearch'

2022-07-28 16:04:19 - [TEST_STEP][PASSED] - verifyElementPresent(findTestObject("Get List Driver/Page_/span_arrow_forward"), 0): Object 'Object Repository/Get List Driver/Page_/span_arrow_forward' is present

2022-07-28 16:04:19 - [MESSAGE][WARNING] - Timeout '0' is invalid. Using default page load timeout: '30'

2022-07-28 16:04:19 - [MESSAGE][PASSED] - Object 'Object Repository/Get List Driver/Page_/span_arrow_forward' is present

2022-07-28 16:04:19 - [TEST_STEP][PASSED] - click(findTestObject("Get List Driver/Page_/span_arrow_forward")): Object: 'Object Repository/Get List Driver/Page_/span_arrow_forward' is clicked on

2022-07-28 16:04:21 - [MESSAGE][PASSED] - Object: 'Object Repository/Get List Driver/Page_/span_arrow_forward' is clicked on

2022-07-28 16:04:21 - [TEST_STEP][PASSED] - verifyElementPresent(findTestObject("Detail Driver/BodyDetailDriver"), 0): Object 'Object Repository/Detail Driver/BodyDetailDriver' is present

2022-07-28 16:04:21 - [MESSAGE][WARNING] - Timeout '0' is invalid. Using default page load timeout: '30'

2022-07-28 16:04:23 - [MESSAGE][PASSED] - Object 'Object Repository/Detail Driver/BodyDetailDriver' is present

2022-07-28 16:04:23 - [TEST_STEP][PASSED] - verifyElementClickable(findTestObject("Detail Driver/BackButton")): Object 'Object Repository/Detail Driver/BackButton' is clickable

2022-07-28 16:04:23 - [MESSAGE][PASSED] - Object 'Object Repository/Detail Driver/BackButton' is clickable

2022-07-28 16:04:23 - [TEST_STEP][PASSED] - click(findTestObject("Detail Driver/BackButton")): Object: 'Object Repository/Detail Driver/BackButton' is clicked on

2022-07-28 16:04:24 - [MESSAGE][PASSED] - Object: 'Object Repository/Detail Driver/BackButton' is clicked on

2022-07-28 16:04:24 - [TEST_STEP][PASSED] - closeBrowser(): Browser is closed

2022-07-28 16:04:25 - [MESSAGE][PASSED] - Browser is closed]]></system-out>
         <system-err><![CDATA[]]></system-err>
      </testcase>
      <testcase name="Test Cases/Driver - Internal TMS/Integrate Internal - Get Detail Driver/Get Detail Driver" time="24.065" classname="Test Cases/Driver - Internal TMS/Integrate Internal - Get Detail Driver/Get Detail Driver" status="PASSED">
         <system-out><![CDATA[2022-07-28 16:04:25 - [TEST_CASE][PASSED] - Test Cases/Driver - Internal TMS/Integrate Internal - Get Detail Driver/Get Detail Driver: Test Cases/Driver - Internal TMS/Integrate Internal - Get Detail Driver/Get Detail Driver

2022-07-28 16:04:25 - [TEST_STEP][PASSED] - callTestCase(findTestCase("PreCondition/Driver"), [:], STOP_ON_FAILURE): Call Test Case 'Test Cases/PreCondition/Driver' successfully

2022-07-28 16:04:25 - [TEST_CASE][PASSED] - Test Cases/PreCondition/Driver: Test Cases/PreCondition/Driver

2022-07-28 16:04:25 - [TEST_STEP][PASSED] - callTestCase(findTestCase("PreCondition/Login Internal-TMS"), [:], STOP_ON_FAILURE): Call Test Case 'Test Cases/PreCondition/Login Internal-TMS' successfully

2022-07-28 16:04:25 - [TEST_CASE][PASSED] - Test Cases/PreCondition/Login Internal-TMS: Test Cases/PreCondition/Login Internal-TMS

2022-07-28 16:04:25 - [TEST_STEP][PASSED] - openBrowser(""): Browser is opened with url: ''

2022-07-28 16:04:25 - [MESSAGE][INFO] - Starting 'Chrome' driver

2022-07-28 16:04:25 - [MESSAGE][INFO] - Action delay is set to 0 milliseconds

2022-07-28 16:04:28 - [MESSAGE][PASSED] - Browser is opened with url: ''

2022-07-28 16:04:28 - [TEST_STEP][PASSED] - navigateToUrl("https://console-dev.hzn.one/tms"): Navigate to 'https://console-dev.hzn.one/tms' successfully

2022-07-28 16:04:30 - [MESSAGE][PASSED] - Navigate to 'https://console-dev.hzn.one/tms' successfully

2022-07-28 16:04:30 - [TEST_STEP][PASSED] - setText(findTestObject("Login Internal TMS/Page_/Login_inputEmail"), "admin@hzn.one"): Text 'admin@hzn.one' is set on object 'Object Repository/Login Internal TMS/Page_/Login_inputEmail'

2022-07-28 16:04:32 - [MESSAGE][PASSED] - Text 'admin@hzn.one' is set on object 'Object Repository/Login Internal TMS/Page_/Login_inputEmail'

2022-07-28 16:04:32 - [TEST_STEP][PASSED] - setEncryptedText(findTestObject("Login Internal TMS/Page_/Login_inputPassword"), "MnsJkEeAVpEG2LE9uYr7zQ=="): Text ****** has been set on object 'Object Repository/Login Internal TMS/Page_/Login_inputPassword'

2022-07-28 16:04:33 - [MESSAGE][PASSED] - Text ****** has been set on object 'Object Repository/Login Internal TMS/Page_/Login_inputPassword'

2022-07-28 16:04:33 - [TEST_STEP][PASSED] - click(findTestObject("Object Repository/Login Internal TMS/Page_/button_Login")): Object: 'Object Repository/Login Internal TMS/Page_/button_Login' is clicked on

2022-07-28 16:04:34 - [MESSAGE][PASSED] - Object: 'Object Repository/Login Internal TMS/Page_/button_Login' is clicked on

2022-07-28 16:04:34 - [MESSAGE][PASSED] - Call Test Case 'Test Cases/PreCondition/Login Internal-TMS' successfully

2022-07-28 16:04:34 - [TEST_STEP][PASSED] - click(findTestObject("Get List Driver/Page_/UserManagement")): Object: 'Object Repository/Get List Driver/Page_/UserManagement' is clicked on

2022-07-28 16:04:38 - [MESSAGE][PASSED] - Object: 'Object Repository/Get List Driver/Page_/UserManagement' is clicked on

2022-07-28 16:04:38 - [TEST_STEP][PASSED] - click(findTestObject("Object Repository/Get List Driver/Page_/a_Driver")): Object: 'Object Repository/Get List Driver/Page_/a_Driver' is clicked on

2022-07-28 16:04:39 - [MESSAGE][PASSED] - Object: 'Object Repository/Get List Driver/Page_/a_Driver' is clicked on

2022-07-28 16:04:39 - [MESSAGE][PASSED] - Call Test Case 'Test Cases/PreCondition/Driver' successfully

2022-07-28 16:04:39 - [TEST_STEP][PASSED] - setText(findTestObject("Get List Driver/Page_/DRiver_FilterSearch"), validDriverID): Text 'IDN0003-WKR011150' is set on object 'Object Repository/Get List Driver/Page_/DRiver_FilterSearch'

2022-07-28 16:04:43 - [MESSAGE][PASSED] - Text 'IDN0003-WKR011150' is set on object 'Object Repository/Get List Driver/Page_/DRiver_FilterSearch'

2022-07-28 16:04:43 - [TEST_STEP][PASSED] - verifyElementPresent(findTestObject("Get List Driver/Page_/span_arrow_forward"), 0): Object 'Object Repository/Get List Driver/Page_/span_arrow_forward' is present

2022-07-28 16:04:43 - [MESSAGE][WARNING] - Timeout '0' is invalid. Using default page load timeout: '30'

2022-07-28 16:04:45 - [MESSAGE][PASSED] - Object 'Object Repository/Get List Driver/Page_/span_arrow_forward' is present

2022-07-28 16:04:45 - [TEST_STEP][PASSED] - click(findTestObject("Get List Driver/Page_/span_arrow_forward")): Object: 'Object Repository/Get List Driver/Page_/span_arrow_forward' is clicked on

2022-07-28 16:04:45 - [MESSAGE][PASSED] - Object: 'Object Repository/Get List Driver/Page_/span_arrow_forward' is clicked on

2022-07-28 16:04:45 - [TEST_STEP][PASSED] - verifyElementPresent(findTestObject("Detail Driver/BodyDetailDriver"), 0): Object 'Object Repository/Detail Driver/BodyDetailDriver' is present

2022-07-28 16:04:45 - [MESSAGE][WARNING] - Timeout '0' is invalid. Using default page load timeout: '30'

2022-07-28 16:04:47 - [MESSAGE][PASSED] - Object 'Object Repository/Detail Driver/BodyDetailDriver' is present

2022-07-28 16:04:47 - [TEST_STEP][PASSED] - verifyElementClickable(findTestObject("Detail Driver/BackButton")): Object 'Object Repository/Detail Driver/BackButton' is clickable

2022-07-28 16:04:47 - [MESSAGE][PASSED] - Object 'Object Repository/Detail Driver/BackButton' is clickable

2022-07-28 16:04:47 - [TEST_STEP][PASSED] - click(findTestObject("Detail Driver/BackButton")): Object: 'Object Repository/Detail Driver/BackButton' is clicked on

2022-07-28 16:04:48 - [MESSAGE][PASSED] - Object: 'Object Repository/Detail Driver/BackButton' is clicked on

2022-07-28 16:04:48 - [TEST_STEP][PASSED] - closeBrowser(): Browser is closed

2022-07-28 16:04:49 - [MESSAGE][PASSED] - Browser is closed]]></system-out>
         <system-err><![CDATA[]]></system-err>
      </testcase>
      <testcase name="Test Cases/Driver - Internal TMS/Integrate Internal - Get Detail Driver/Get Detail Driver" time="22.232" classname="Test Cases/Driver - Internal TMS/Integrate Internal - Get Detail Driver/Get Detail Driver" status="PASSED">
         <system-out><![CDATA[2022-07-28 16:04:49 - [TEST_CASE][PASSED] - Test Cases/Driver - Internal TMS/Integrate Internal - Get Detail Driver/Get Detail Driver: Test Cases/Driver - Internal TMS/Integrate Internal - Get Detail Driver/Get Detail Driver

2022-07-28 16:04:49 - [TEST_STEP][PASSED] - callTestCase(findTestCase("PreCondition/Driver"), [:], STOP_ON_FAILURE): Call Test Case 'Test Cases/PreCondition/Driver' successfully

2022-07-28 16:04:49 - [TEST_CASE][PASSED] - Test Cases/PreCondition/Driver: Test Cases/PreCondition/Driver

2022-07-28 16:04:49 - [TEST_STEP][PASSED] - callTestCase(findTestCase("PreCondition/Login Internal-TMS"), [:], STOP_ON_FAILURE): Call Test Case 'Test Cases/PreCondition/Login Internal-TMS' successfully

2022-07-28 16:04:49 - [TEST_CASE][PASSED] - Test Cases/PreCondition/Login Internal-TMS: Test Cases/PreCondition/Login Internal-TMS

2022-07-28 16:04:49 - [TEST_STEP][PASSED] - openBrowser(""): Browser is opened with url: ''

2022-07-28 16:04:49 - [MESSAGE][INFO] - Starting 'Chrome' driver

2022-07-28 16:04:49 - [MESSAGE][INFO] - Action delay is set to 0 milliseconds

2022-07-28 16:04:52 - [MESSAGE][PASSED] - Browser is opened with url: ''

2022-07-28 16:04:52 - [TEST_STEP][PASSED] - navigateToUrl("https://console-dev.hzn.one/tms"): Navigate to 'https://console-dev.hzn.one/tms' successfully

2022-07-28 16:04:54 - [MESSAGE][PASSED] - Navigate to 'https://console-dev.hzn.one/tms' successfully

2022-07-28 16:04:54 - [TEST_STEP][PASSED] - setText(findTestObject("Login Internal TMS/Page_/Login_inputEmail"), "admin@hzn.one"): Text 'admin@hzn.one' is set on object 'Object Repository/Login Internal TMS/Page_/Login_inputEmail'

2022-07-28 16:04:56 - [MESSAGE][PASSED] - Text 'admin@hzn.one' is set on object 'Object Repository/Login Internal TMS/Page_/Login_inputEmail'

2022-07-28 16:04:56 - [TEST_STEP][PASSED] - setEncryptedText(findTestObject("Login Internal TMS/Page_/Login_inputPassword"), "MnsJkEeAVpEG2LE9uYr7zQ=="): Text ****** has been set on object 'Object Repository/Login Internal TMS/Page_/Login_inputPassword'

2022-07-28 16:04:57 - [MESSAGE][PASSED] - Text ****** has been set on object 'Object Repository/Login Internal TMS/Page_/Login_inputPassword'

2022-07-28 16:04:57 - [TEST_STEP][PASSED] - click(findTestObject("Object Repository/Login Internal TMS/Page_/button_Login")): Object: 'Object Repository/Login Internal TMS/Page_/button_Login' is clicked on

2022-07-28 16:04:58 - [MESSAGE][PASSED] - Object: 'Object Repository/Login Internal TMS/Page_/button_Login' is clicked on

2022-07-28 16:04:58 - [MESSAGE][PASSED] - Call Test Case 'Test Cases/PreCondition/Login Internal-TMS' successfully

2022-07-28 16:04:58 - [TEST_STEP][PASSED] - click(findTestObject("Get List Driver/Page_/UserManagement")): Object: 'Object Repository/Get List Driver/Page_/UserManagement' is clicked on

2022-07-28 16:05:02 - [MESSAGE][PASSED] - Object: 'Object Repository/Get List Driver/Page_/UserManagement' is clicked on

2022-07-28 16:05:02 - [TEST_STEP][PASSED] - click(findTestObject("Object Repository/Get List Driver/Page_/a_Driver")): Object: 'Object Repository/Get List Driver/Page_/a_Driver' is clicked on

2022-07-28 16:05:03 - [MESSAGE][PASSED] - Object: 'Object Repository/Get List Driver/Page_/a_Driver' is clicked on

2022-07-28 16:05:03 - [MESSAGE][PASSED] - Call Test Case 'Test Cases/PreCondition/Driver' successfully

2022-07-28 16:05:03 - [TEST_STEP][PASSED] - setText(findTestObject("Get List Driver/Page_/DRiver_FilterSearch"), validDriverID): Text 'IDN0003-ADMC000009-WKR000001' is set on object 'Object Repository/Get List Driver/Page_/DRiver_FilterSearch'

2022-07-28 16:05:06 - [MESSAGE][PASSED] - Text 'IDN0003-ADMC000009-WKR000001' is set on object 'Object Repository/Get List Driver/Page_/DRiver_FilterSearch'

2022-07-28 16:05:06 - [TEST_STEP][PASSED] - verifyElementPresent(findTestObject("Get List Driver/Page_/span_arrow_forward"), 0): Object 'Object Repository/Get List Driver/Page_/span_arrow_forward' is present

2022-07-28 16:05:06 - [MESSAGE][WARNING] - Timeout '0' is invalid. Using default page load timeout: '30'

2022-07-28 16:05:07 - [MESSAGE][PASSED] - Object 'Object Repository/Get List Driver/Page_/span_arrow_forward' is present

2022-07-28 16:05:07 - [TEST_STEP][PASSED] - click(findTestObject("Get List Driver/Page_/span_arrow_forward")): Object: 'Object Repository/Get List Driver/Page_/span_arrow_forward' is clicked on

2022-07-28 16:05:08 - [MESSAGE][PASSED] - Object: 'Object Repository/Get List Driver/Page_/span_arrow_forward' is clicked on

2022-07-28 16:05:08 - [TEST_STEP][PASSED] - verifyElementPresent(findTestObject("Detail Driver/BodyDetailDriver"), 0): Object 'Object Repository/Detail Driver/BodyDetailDriver' is present

2022-07-28 16:05:08 - [MESSAGE][WARNING] - Timeout '0' is invalid. Using default page load timeout: '30'

2022-07-28 16:05:10 - [MESSAGE][PASSED] - Object 'Object Repository/Detail Driver/BodyDetailDriver' is present

2022-07-28 16:05:10 - [TEST_STEP][PASSED] - verifyElementClickable(findTestObject("Detail Driver/BackButton")): Object 'Object Repository/Detail Driver/BackButton' is clickable

2022-07-28 16:05:10 - [MESSAGE][PASSED] - Object 'Object Repository/Detail Driver/BackButton' is clickable

2022-07-28 16:05:10 - [TEST_STEP][PASSED] - click(findTestObject("Detail Driver/BackButton")): Object: 'Object Repository/Detail Driver/BackButton' is clicked on

2022-07-28 16:05:11 - [MESSAGE][PASSED] - Object: 'Object Repository/Detail Driver/BackButton' is clicked on

2022-07-28 16:05:11 - [TEST_STEP][PASSED] - closeBrowser(): Browser is closed

2022-07-28 16:05:11 - [MESSAGE][PASSED] - Browser is closed]]></system-out>
         <system-err><![CDATA[]]></system-err>
      </testcase>
      <testcase name="Test Cases/Driver - Internal TMS/Integrate Internal - Get Detail Driver/Get Detail Driver" time="53.506" classname="Test Cases/Driver - Internal TMS/Integrate Internal - Get Detail Driver/Get Detail Driver" status="PASSED">
         <system-out><![CDATA[2022-07-28 16:05:12 - [TEST_CASE][PASSED] - Test Cases/Driver - Internal TMS/Integrate Internal - Get Detail Driver/Get Detail Driver: Test Cases/Driver - Internal TMS/Integrate Internal - Get Detail Driver/Get Detail Driver

2022-07-28 16:05:12 - [TEST_STEP][PASSED] - callTestCase(findTestCase("PreCondition/Driver"), [:], STOP_ON_FAILURE): Call Test Case 'Test Cases/PreCondition/Driver' successfully

2022-07-28 16:05:12 - [TEST_CASE][PASSED] - Test Cases/PreCondition/Driver: Test Cases/PreCondition/Driver

2022-07-28 16:05:12 - [TEST_STEP][PASSED] - callTestCase(findTestCase("PreCondition/Login Internal-TMS"), [:], STOP_ON_FAILURE): Call Test Case 'Test Cases/PreCondition/Login Internal-TMS' successfully

2022-07-28 16:05:12 - [TEST_CASE][PASSED] - Test Cases/PreCondition/Login Internal-TMS: Test Cases/PreCondition/Login Internal-TMS

2022-07-28 16:05:12 - [TEST_STEP][PASSED] - openBrowser(""): Browser is opened with url: ''

2022-07-28 16:05:12 - [MESSAGE][INFO] - Starting 'Chrome' driver

2022-07-28 16:05:12 - [MESSAGE][INFO] - Action delay is set to 0 milliseconds

2022-07-28 16:05:14 - [MESSAGE][PASSED] - Browser is opened with url: ''

2022-07-28 16:05:14 - [TEST_STEP][PASSED] - navigateToUrl("https://console-dev.hzn.one/tms"): Navigate to 'https://console-dev.hzn.one/tms' successfully

2022-07-28 16:05:46 - [MESSAGE][PASSED] - Navigate to 'https://console-dev.hzn.one/tms' successfully

2022-07-28 16:05:46 - [TEST_STEP][PASSED] - setText(findTestObject("Login Internal TMS/Page_/Login_inputEmail"), "admin@hzn.one"): Text 'admin@hzn.one' is set on object 'Object Repository/Login Internal TMS/Page_/Login_inputEmail'

2022-07-28 16:05:47 - [MESSAGE][PASSED] - Text 'admin@hzn.one' is set on object 'Object Repository/Login Internal TMS/Page_/Login_inputEmail'

2022-07-28 16:05:47 - [TEST_STEP][PASSED] - setEncryptedText(findTestObject("Login Internal TMS/Page_/Login_inputPassword"), "MnsJkEeAVpEG2LE9uYr7zQ=="): Text ****** has been set on object 'Object Repository/Login Internal TMS/Page_/Login_inputPassword'

2022-07-28 16:05:48 - [MESSAGE][PASSED] - Text ****** has been set on object 'Object Repository/Login Internal TMS/Page_/Login_inputPassword'

2022-07-28 16:05:48 - [TEST_STEP][PASSED] - click(findTestObject("Object Repository/Login Internal TMS/Page_/button_Login")): Object: 'Object Repository/Login Internal TMS/Page_/button_Login' is clicked on

2022-07-28 16:05:49 - [MESSAGE][PASSED] - Object: 'Object Repository/Login Internal TMS/Page_/button_Login' is clicked on

2022-07-28 16:05:49 - [MESSAGE][PASSED] - Call Test Case 'Test Cases/PreCondition/Login Internal-TMS' successfully

2022-07-28 16:05:49 - [TEST_STEP][PASSED] - click(findTestObject("Get List Driver/Page_/UserManagement")): Object: 'Object Repository/Get List Driver/Page_/UserManagement' is clicked on

2022-07-28 16:05:52 - [MESSAGE][PASSED] - Object: 'Object Repository/Get List Driver/Page_/UserManagement' is clicked on

2022-07-28 16:05:52 - [TEST_STEP][PASSED] - click(findTestObject("Object Repository/Get List Driver/Page_/a_Driver")): Object: 'Object Repository/Get List Driver/Page_/a_Driver' is clicked on

2022-07-28 16:05:54 - [MESSAGE][PASSED] - Object: 'Object Repository/Get List Driver/Page_/a_Driver' is clicked on

2022-07-28 16:05:54 - [MESSAGE][PASSED] - Call Test Case 'Test Cases/PreCondition/Driver' successfully

2022-07-28 16:05:54 - [TEST_STEP][PASSED] - setText(findTestObject("Get List Driver/Page_/DRiver_FilterSearch"), validDriverID): Text 'IDN0003-ADMC000009-WKR000002' is set on object 'Object Repository/Get List Driver/Page_/DRiver_FilterSearch'

2022-07-28 16:05:57 - [MESSAGE][PASSED] - Text 'IDN0003-ADMC000009-WKR000002' is set on object 'Object Repository/Get List Driver/Page_/DRiver_FilterSearch'

2022-07-28 16:05:57 - [TEST_STEP][PASSED] - verifyElementPresent(findTestObject("Get List Driver/Page_/span_arrow_forward"), 0): Object 'Object Repository/Get List Driver/Page_/span_arrow_forward' is present

2022-07-28 16:05:57 - [MESSAGE][WARNING] - Timeout '0' is invalid. Using default page load timeout: '30'

2022-07-28 16:05:59 - [MESSAGE][PASSED] - Object 'Object Repository/Get List Driver/Page_/span_arrow_forward' is present

2022-07-28 16:05:59 - [TEST_STEP][PASSED] - click(findTestObject("Get List Driver/Page_/span_arrow_forward")): Object: 'Object Repository/Get List Driver/Page_/span_arrow_forward' is clicked on

2022-07-28 16:06:00 - [MESSAGE][PASSED] - Object: 'Object Repository/Get List Driver/Page_/span_arrow_forward' is clicked on

2022-07-28 16:06:00 - [TEST_STEP][PASSED] - verifyElementPresent(findTestObject("Detail Driver/BodyDetailDriver"), 0): Object 'Object Repository/Detail Driver/BodyDetailDriver' is present

2022-07-28 16:06:00 - [MESSAGE][WARNING] - Timeout '0' is invalid. Using default page load timeout: '30'

2022-07-28 16:06:02 - [MESSAGE][PASSED] - Object 'Object Repository/Detail Driver/BodyDetailDriver' is present

2022-07-28 16:06:02 - [TEST_STEP][PASSED] - verifyElementClickable(findTestObject("Detail Driver/BackButton")): Object 'Object Repository/Detail Driver/BackButton' is clickable

2022-07-28 16:06:03 - [MESSAGE][PASSED] - Object 'Object Repository/Detail Driver/BackButton' is clickable

2022-07-28 16:06:03 - [TEST_STEP][PASSED] - click(findTestObject("Detail Driver/BackButton")): Object: 'Object Repository/Detail Driver/BackButton' is clicked on

2022-07-28 16:06:04 - [MESSAGE][PASSED] - Object: 'Object Repository/Detail Driver/BackButton' is clicked on

2022-07-28 16:06:04 - [TEST_STEP][PASSED] - closeBrowser(): Browser is closed

2022-07-28 16:06:05 - [MESSAGE][PASSED] - Browser is closed]]></system-out>
         <system-err><![CDATA[]]></system-err>
      </testcase>
      <testcase name="Test Cases/Driver - Internal TMS/Integrate Internal - Get Detail Driver/Get Detail Driver" time="21.497" classname="Test Cases/Driver - Internal TMS/Integrate Internal - Get Detail Driver/Get Detail Driver" status="PASSED">
         <system-out><![CDATA[2022-07-28 16:06:05 - [TEST_CASE][PASSED] - Test Cases/Driver - Internal TMS/Integrate Internal - Get Detail Driver/Get Detail Driver: Test Cases/Driver - Internal TMS/Integrate Internal - Get Detail Driver/Get Detail Driver

2022-07-28 16:06:05 - [TEST_STEP][PASSED] - callTestCase(findTestCase("PreCondition/Driver"), [:], STOP_ON_FAILURE): Call Test Case 'Test Cases/PreCondition/Driver' successfully

2022-07-28 16:06:05 - [TEST_CASE][PASSED] - Test Cases/PreCondition/Driver: Test Cases/PreCondition/Driver

2022-07-28 16:06:05 - [TEST_STEP][PASSED] - callTestCase(findTestCase("PreCondition/Login Internal-TMS"), [:], STOP_ON_FAILURE): Call Test Case 'Test Cases/PreCondition/Login Internal-TMS' successfully

2022-07-28 16:06:05 - [TEST_CASE][PASSED] - Test Cases/PreCondition/Login Internal-TMS: Test Cases/PreCondition/Login Internal-TMS

2022-07-28 16:06:05 - [TEST_STEP][PASSED] - openBrowser(""): Browser is opened with url: ''

2022-07-28 16:06:05 - [MESSAGE][INFO] - Starting 'Chrome' driver

2022-07-28 16:06:05 - [MESSAGE][INFO] - Action delay is set to 0 milliseconds

2022-07-28 16:06:08 - [MESSAGE][PASSED] - Browser is opened with url: ''

2022-07-28 16:06:08 - [TEST_STEP][PASSED] - navigateToUrl("https://console-dev.hzn.one/tms"): Navigate to 'https://console-dev.hzn.one/tms' successfully

2022-07-28 16:06:10 - [MESSAGE][PASSED] - Navigate to 'https://console-dev.hzn.one/tms' successfully

2022-07-28 16:06:10 - [TEST_STEP][PASSED] - setText(findTestObject("Login Internal TMS/Page_/Login_inputEmail"), "admin@hzn.one"): Text 'admin@hzn.one' is set on object 'Object Repository/Login Internal TMS/Page_/Login_inputEmail'

2022-07-28 16:06:12 - [MESSAGE][PASSED] - Text 'admin@hzn.one' is set on object 'Object Repository/Login Internal TMS/Page_/Login_inputEmail'

2022-07-28 16:06:12 - [TEST_STEP][PASSED] - setEncryptedText(findTestObject("Login Internal TMS/Page_/Login_inputPassword"), "MnsJkEeAVpEG2LE9uYr7zQ=="): Text ****** has been set on object 'Object Repository/Login Internal TMS/Page_/Login_inputPassword'

2022-07-28 16:06:13 - [MESSAGE][PASSED] - Text ****** has been set on object 'Object Repository/Login Internal TMS/Page_/Login_inputPassword'

2022-07-28 16:06:13 - [TEST_STEP][PASSED] - click(findTestObject("Object Repository/Login Internal TMS/Page_/button_Login")): Object: 'Object Repository/Login Internal TMS/Page_/button_Login' is clicked on

2022-07-28 16:06:14 - [MESSAGE][PASSED] - Object: 'Object Repository/Login Internal TMS/Page_/button_Login' is clicked on

2022-07-28 16:06:14 - [MESSAGE][PASSED] - Call Test Case 'Test Cases/PreCondition/Login Internal-TMS' successfully

2022-07-28 16:06:14 - [TEST_STEP][PASSED] - click(findTestObject("Get List Driver/Page_/UserManagement")): Object: 'Object Repository/Get List Driver/Page_/UserManagement' is clicked on

2022-07-28 16:06:17 - [MESSAGE][PASSED] - Object: 'Object Repository/Get List Driver/Page_/UserManagement' is clicked on

2022-07-28 16:06:17 - [TEST_STEP][PASSED] - click(findTestObject("Object Repository/Get List Driver/Page_/a_Driver")): Object: 'Object Repository/Get List Driver/Page_/a_Driver' is clicked on

2022-07-28 16:06:20 - [MESSAGE][PASSED] - Object: 'Object Repository/Get List Driver/Page_/a_Driver' is clicked on

2022-07-28 16:06:20 - [MESSAGE][PASSED] - Call Test Case 'Test Cases/PreCondition/Driver' successfully

2022-07-28 16:06:20 - [TEST_STEP][PASSED] - setText(findTestObject("Get List Driver/Page_/DRiver_FilterSearch"), validDriverID): Text 'IDN0003-WKR011149' is set on object 'Object Repository/Get List Driver/Page_/DRiver_FilterSearch'

2022-07-28 16:06:22 - [MESSAGE][PASSED] - Text 'IDN0003-WKR011149' is set on object 'Object Repository/Get List Driver/Page_/DRiver_FilterSearch'

2022-07-28 16:06:22 - [TEST_STEP][PASSED] - verifyElementPresent(findTestObject("Get List Driver/Page_/span_arrow_forward"), 0): Object 'Object Repository/Get List Driver/Page_/span_arrow_forward' is present

2022-07-28 16:06:22 - [MESSAGE][WARNING] - Timeout '0' is invalid. Using default page load timeout: '30'

2022-07-28 16:06:22 - [MESSAGE][PASSED] - Object 'Object Repository/Get List Driver/Page_/span_arrow_forward' is present

2022-07-28 16:06:22 - [TEST_STEP][PASSED] - click(findTestObject("Get List Driver/Page_/span_arrow_forward")): Object: 'Object Repository/Get List Driver/Page_/span_arrow_forward' is clicked on

2022-07-28 16:06:23 - [MESSAGE][PASSED] - Object: 'Object Repository/Get List Driver/Page_/span_arrow_forward' is clicked on

2022-07-28 16:06:23 - [TEST_STEP][PASSED] - verifyElementPresent(findTestObject("Detail Driver/BodyDetailDriver"), 0): Object 'Object Repository/Detail Driver/BodyDetailDriver' is present

2022-07-28 16:06:23 - [MESSAGE][WARNING] - Timeout '0' is invalid. Using default page load timeout: '30'

2022-07-28 16:06:25 - [MESSAGE][PASSED] - Object 'Object Repository/Detail Driver/BodyDetailDriver' is present

2022-07-28 16:06:25 - [TEST_STEP][PASSED] - verifyElementClickable(findTestObject("Detail Driver/BackButton")): Object 'Object Repository/Detail Driver/BackButton' is clickable

2022-07-28 16:06:25 - [MESSAGE][PASSED] - Object 'Object Repository/Detail Driver/BackButton' is clickable

2022-07-28 16:06:25 - [TEST_STEP][PASSED] - click(findTestObject("Detail Driver/BackButton")): Object: 'Object Repository/Detail Driver/BackButton' is clicked on

2022-07-28 16:06:26 - [MESSAGE][PASSED] - Object: 'Object Repository/Detail Driver/BackButton' is clicked on

2022-07-28 16:06:26 - [TEST_STEP][PASSED] - closeBrowser(): Browser is closed

2022-07-28 16:06:27 - [MESSAGE][PASSED] - Browser is closed]]></system-out>
         <system-err><![CDATA[]]></system-err>
      </testcase>
      <testcase name="Test Cases/Driver - Internal TMS/Integrate Internal - Get Detail Driver/Get Detail Driver" time="18.14" classname="Test Cases/Driver - Internal TMS/Integrate Internal - Get Detail Driver/Get Detail Driver" status="PASSED">
         <system-out><![CDATA[2022-07-28 16:06:27 - [TEST_CASE][PASSED] - Test Cases/Driver - Internal TMS/Integrate Internal - Get Detail Driver/Get Detail Driver: Test Cases/Driver - Internal TMS/Integrate Internal - Get Detail Driver/Get Detail Driver

2022-07-28 16:06:27 - [TEST_STEP][PASSED] - callTestCase(findTestCase("PreCondition/Driver"), [:], STOP_ON_FAILURE): Call Test Case 'Test Cases/PreCondition/Driver' successfully

2022-07-28 16:06:27 - [TEST_CASE][PASSED] - Test Cases/PreCondition/Driver: Test Cases/PreCondition/Driver

2022-07-28 16:06:27 - [TEST_STEP][PASSED] - callTestCase(findTestCase("PreCondition/Login Internal-TMS"), [:], STOP_ON_FAILURE): Call Test Case 'Test Cases/PreCondition/Login Internal-TMS' successfully

2022-07-28 16:06:27 - [TEST_CASE][PASSED] - Test Cases/PreCondition/Login Internal-TMS: Test Cases/PreCondition/Login Internal-TMS

2022-07-28 16:06:27 - [TEST_STEP][PASSED] - openBrowser(""): Browser is opened with url: ''

2022-07-28 16:06:27 - [MESSAGE][INFO] - Starting 'Chrome' driver

2022-07-28 16:06:27 - [MESSAGE][INFO] - Action delay is set to 0 milliseconds

2022-07-28 16:06:28 - [MESSAGE][PASSED] - Browser is opened with url: ''

2022-07-28 16:06:28 - [TEST_STEP][PASSED] - navigateToUrl("https://console-dev.hzn.one/tms"): Navigate to 'https://console-dev.hzn.one/tms' successfully

2022-07-28 16:06:31 - [MESSAGE][PASSED] - Navigate to 'https://console-dev.hzn.one/tms' successfully

2022-07-28 16:06:31 - [TEST_STEP][PASSED] - setText(findTestObject("Login Internal TMS/Page_/Login_inputEmail"), "admin@hzn.one"): Text 'admin@hzn.one' is set on object 'Object Repository/Login Internal TMS/Page_/Login_inputEmail'

2022-07-28 16:06:32 - [MESSAGE][PASSED] - Text 'admin@hzn.one' is set on object 'Object Repository/Login Internal TMS/Page_/Login_inputEmail'

2022-07-28 16:06:32 - [TEST_STEP][PASSED] - setEncryptedText(findTestObject("Login Internal TMS/Page_/Login_inputPassword"), "MnsJkEeAVpEG2LE9uYr7zQ=="): Text ****** has been set on object 'Object Repository/Login Internal TMS/Page_/Login_inputPassword'

2022-07-28 16:06:32 - [MESSAGE][PASSED] - Text ****** has been set on object 'Object Repository/Login Internal TMS/Page_/Login_inputPassword'

2022-07-28 16:06:32 - [TEST_STEP][PASSED] - click(findTestObject("Object Repository/Login Internal TMS/Page_/button_Login")): Object: 'Object Repository/Login Internal TMS/Page_/button_Login' is clicked on

2022-07-28 16:06:33 - [MESSAGE][PASSED] - Object: 'Object Repository/Login Internal TMS/Page_/button_Login' is clicked on

2022-07-28 16:06:33 - [MESSAGE][PASSED] - Call Test Case 'Test Cases/PreCondition/Login Internal-TMS' successfully

2022-07-28 16:06:33 - [TEST_STEP][PASSED] - click(findTestObject("Get List Driver/Page_/UserManagement")): Object: 'Object Repository/Get List Driver/Page_/UserManagement' is clicked on

2022-07-28 16:06:35 - [MESSAGE][PASSED] - Object: 'Object Repository/Get List Driver/Page_/UserManagement' is clicked on

2022-07-28 16:06:35 - [TEST_STEP][PASSED] - click(findTestObject("Object Repository/Get List Driver/Page_/a_Driver")): Object: 'Object Repository/Get List Driver/Page_/a_Driver' is clicked on

2022-07-28 16:06:37 - [MESSAGE][PASSED] - Object: 'Object Repository/Get List Driver/Page_/a_Driver' is clicked on

2022-07-28 16:06:37 - [MESSAGE][PASSED] - Call Test Case 'Test Cases/PreCondition/Driver' successfully

2022-07-28 16:06:37 - [TEST_STEP][PASSED] - setText(findTestObject("Get List Driver/Page_/DRiver_FilterSearch"), validDriverID): Text 'IDN0083-WKR000001' is set on object 'Object Repository/Get List Driver/Page_/DRiver_FilterSearch'

2022-07-28 16:06:39 - [MESSAGE][PASSED] - Text 'IDN0083-WKR000001' is set on object 'Object Repository/Get List Driver/Page_/DRiver_FilterSearch'

2022-07-28 16:06:39 - [TEST_STEP][PASSED] - verifyElementPresent(findTestObject("Get List Driver/Page_/span_arrow_forward"), 0): Object 'Object Repository/Get List Driver/Page_/span_arrow_forward' is present

2022-07-28 16:06:39 - [MESSAGE][WARNING] - Timeout '0' is invalid. Using default page load timeout: '30'

2022-07-28 16:06:39 - [MESSAGE][PASSED] - Object 'Object Repository/Get List Driver/Page_/span_arrow_forward' is present

2022-07-28 16:06:39 - [TEST_STEP][PASSED] - click(findTestObject("Get List Driver/Page_/span_arrow_forward")): Object: 'Object Repository/Get List Driver/Page_/span_arrow_forward' is clicked on

2022-07-28 16:06:41 - [MESSAGE][PASSED] - Object: 'Object Repository/Get List Driver/Page_/span_arrow_forward' is clicked on

2022-07-28 16:06:41 - [TEST_STEP][PASSED] - verifyElementPresent(findTestObject("Detail Driver/BodyDetailDriver"), 0): Object 'Object Repository/Detail Driver/BodyDetailDriver' is present

2022-07-28 16:06:41 - [MESSAGE][WARNING] - Timeout '0' is invalid. Using default page load timeout: '30'

2022-07-28 16:06:43 - [MESSAGE][PASSED] - Object 'Object Repository/Detail Driver/BodyDetailDriver' is present

2022-07-28 16:06:43 - [TEST_STEP][PASSED] - verifyElementClickable(findTestObject("Detail Driver/BackButton")): Object 'Object Repository/Detail Driver/BackButton' is clickable

2022-07-28 16:06:44 - [MESSAGE][PASSED] - Object 'Object Repository/Detail Driver/BackButton' is clickable

2022-07-28 16:06:44 - [TEST_STEP][PASSED] - click(findTestObject("Detail Driver/BackButton")): Object: 'Object Repository/Detail Driver/BackButton' is clicked on

2022-07-28 16:06:44 - [MESSAGE][PASSED] - Object: 'Object Repository/Detail Driver/BackButton' is clicked on

2022-07-28 16:06:44 - [TEST_STEP][PASSED] - closeBrowser(): Browser is closed

2022-07-28 16:06:45 - [MESSAGE][PASSED] - Browser is closed]]></system-out>
         <system-err><![CDATA[]]></system-err>
      </testcase>
      <testcase name="Test Cases/Driver - Internal TMS/Integrate Internal - Get Detail Driver/Get Detail Driver" time="16.58" classname="Test Cases/Driver - Internal TMS/Integrate Internal - Get Detail Driver/Get Detail Driver" status="PASSED">
         <system-out><![CDATA[2022-07-28 16:06:45 - [TEST_CASE][PASSED] - Test Cases/Driver - Internal TMS/Integrate Internal - Get Detail Driver/Get Detail Driver: Test Cases/Driver - Internal TMS/Integrate Internal - Get Detail Driver/Get Detail Driver

2022-07-28 16:06:45 - [TEST_STEP][PASSED] - callTestCase(findTestCase("PreCondition/Driver"), [:], STOP_ON_FAILURE): Call Test Case 'Test Cases/PreCondition/Driver' successfully

2022-07-28 16:06:45 - [TEST_CASE][PASSED] - Test Cases/PreCondition/Driver: Test Cases/PreCondition/Driver

2022-07-28 16:06:45 - [TEST_STEP][PASSED] - callTestCase(findTestCase("PreCondition/Login Internal-TMS"), [:], STOP_ON_FAILURE): Call Test Case 'Test Cases/PreCondition/Login Internal-TMS' successfully

2022-07-28 16:06:45 - [TEST_CASE][PASSED] - Test Cases/PreCondition/Login Internal-TMS: Test Cases/PreCondition/Login Internal-TMS

2022-07-28 16:06:45 - [TEST_STEP][PASSED] - openBrowser(""): Browser is opened with url: ''

2022-07-28 16:06:45 - [MESSAGE][INFO] - Starting 'Chrome' driver

2022-07-28 16:06:45 - [MESSAGE][INFO] - Action delay is set to 0 milliseconds

2022-07-28 16:06:47 - [MESSAGE][PASSED] - Browser is opened with url: ''

2022-07-28 16:06:47 - [TEST_STEP][PASSED] - navigateToUrl("https://console-dev.hzn.one/tms"): Navigate to 'https://console-dev.hzn.one/tms' successfully

2022-07-28 16:06:48 - [MESSAGE][PASSED] - Navigate to 'https://console-dev.hzn.one/tms' successfully

2022-07-28 16:06:48 - [TEST_STEP][PASSED] - setText(findTestObject("Login Internal TMS/Page_/Login_inputEmail"), "admin@hzn.one"): Text 'admin@hzn.one' is set on object 'Object Repository/Login Internal TMS/Page_/Login_inputEmail'

2022-07-28 16:06:50 - [MESSAGE][PASSED] - Text 'admin@hzn.one' is set on object 'Object Repository/Login Internal TMS/Page_/Login_inputEmail'

2022-07-28 16:06:50 - [TEST_STEP][PASSED] - setEncryptedText(findTestObject("Login Internal TMS/Page_/Login_inputPassword"), "MnsJkEeAVpEG2LE9uYr7zQ=="): Text ****** has been set on object 'Object Repository/Login Internal TMS/Page_/Login_inputPassword'

2022-07-28 16:06:50 - [MESSAGE][PASSED] - Text ****** has been set on object 'Object Repository/Login Internal TMS/Page_/Login_inputPassword'

2022-07-28 16:06:50 - [TEST_STEP][PASSED] - click(findTestObject("Object Repository/Login Internal TMS/Page_/button_Login")): Object: 'Object Repository/Login Internal TMS/Page_/button_Login' is clicked on

2022-07-28 16:06:50 - [MESSAGE][PASSED] - Object: 'Object Repository/Login Internal TMS/Page_/button_Login' is clicked on

2022-07-28 16:06:50 - [MESSAGE][PASSED] - Call Test Case 'Test Cases/PreCondition/Login Internal-TMS' successfully

2022-07-28 16:06:50 - [TEST_STEP][PASSED] - click(findTestObject("Get List Driver/Page_/UserManagement")): Object: 'Object Repository/Get List Driver/Page_/UserManagement' is clicked on

2022-07-28 16:06:53 - [MESSAGE][PASSED] - Object: 'Object Repository/Get List Driver/Page_/UserManagement' is clicked on

2022-07-28 16:06:53 - [TEST_STEP][PASSED] - click(findTestObject("Object Repository/Get List Driver/Page_/a_Driver")): Object: 'Object Repository/Get List Driver/Page_/a_Driver' is clicked on

2022-07-28 16:06:55 - [MESSAGE][PASSED] - Object: 'Object Repository/Get List Driver/Page_/a_Driver' is clicked on

2022-07-28 16:06:55 - [MESSAGE][PASSED] - Call Test Case 'Test Cases/PreCondition/Driver' successfully

2022-07-28 16:06:55 - [TEST_STEP][PASSED] - setText(findTestObject("Get List Driver/Page_/DRiver_FilterSearch"), validDriverID): Text 'IDN0003-WKR000009' is set on object 'Object Repository/Get List Driver/Page_/DRiver_FilterSearch'

2022-07-28 16:06:56 - [MESSAGE][PASSED] - Text 'IDN0003-WKR000009' is set on object 'Object Repository/Get List Driver/Page_/DRiver_FilterSearch'

2022-07-28 16:06:56 - [TEST_STEP][PASSED] - verifyElementPresent(findTestObject("Get List Driver/Page_/span_arrow_forward"), 0): Object 'Object Repository/Get List Driver/Page_/span_arrow_forward' is present

2022-07-28 16:06:57 - [MESSAGE][WARNING] - Timeout '0' is invalid. Using default page load timeout: '30'

2022-07-28 16:06:57 - [MESSAGE][PASSED] - Object 'Object Repository/Get List Driver/Page_/span_arrow_forward' is present

2022-07-28 16:06:57 - [TEST_STEP][PASSED] - click(findTestObject("Get List Driver/Page_/span_arrow_forward")): Object: 'Object Repository/Get List Driver/Page_/span_arrow_forward' is clicked on

2022-07-28 16:06:58 - [MESSAGE][PASSED] - Object: 'Object Repository/Get List Driver/Page_/span_arrow_forward' is clicked on

2022-07-28 16:06:58 - [TEST_STEP][PASSED] - verifyElementPresent(findTestObject("Detail Driver/BodyDetailDriver"), 0): Object 'Object Repository/Detail Driver/BodyDetailDriver' is present

2022-07-28 16:06:58 - [MESSAGE][WARNING] - Timeout '0' is invalid. Using default page load timeout: '30'

2022-07-28 16:07:00 - [MESSAGE][PASSED] - Object 'Object Repository/Detail Driver/BodyDetailDriver' is present

2022-07-28 16:07:00 - [TEST_STEP][PASSED] - verifyElementClickable(findTestObject("Detail Driver/BackButton")): Object 'Object Repository/Detail Driver/BackButton' is clickable

2022-07-28 16:07:00 - [MESSAGE][PASSED] - Object 'Object Repository/Detail Driver/BackButton' is clickable

2022-07-28 16:07:00 - [TEST_STEP][PASSED] - click(findTestObject("Detail Driver/BackButton")): Object: 'Object Repository/Detail Driver/BackButton' is clicked on

2022-07-28 16:07:01 - [MESSAGE][PASSED] - Object: 'Object Repository/Detail Driver/BackButton' is clicked on

2022-07-28 16:07:01 - [TEST_STEP][PASSED] - closeBrowser(): Browser is closed

2022-07-28 16:07:01 - [MESSAGE][PASSED] - Browser is closed]]></system-out>
         <system-err><![CDATA[]]></system-err>
      </testcase>
      <testcase name="Test Cases/Driver - Internal TMS/Integrate Internal - Get Detail Driver/Get Detail Driver" time="15.847" classname="Test Cases/Driver - Internal TMS/Integrate Internal - Get Detail Driver/Get Detail Driver" status="PASSED">
         <system-out><![CDATA[2022-07-28 16:07:01 - [TEST_CASE][PASSED] - Test Cases/Driver - Internal TMS/Integrate Internal - Get Detail Driver/Get Detail Driver: Test Cases/Driver - Internal TMS/Integrate Internal - Get Detail Driver/Get Detail Driver

2022-07-28 16:07:01 - [TEST_STEP][PASSED] - callTestCase(findTestCase("PreCondition/Driver"), [:], STOP_ON_FAILURE): Call Test Case 'Test Cases/PreCondition/Driver' successfully

2022-07-28 16:07:02 - [TEST_CASE][PASSED] - Test Cases/PreCondition/Driver: Test Cases/PreCondition/Driver

2022-07-28 16:07:02 - [TEST_STEP][PASSED] - callTestCase(findTestCase("PreCondition/Login Internal-TMS"), [:], STOP_ON_FAILURE): Call Test Case 'Test Cases/PreCondition/Login Internal-TMS' successfully

2022-07-28 16:07:02 - [TEST_CASE][PASSED] - Test Cases/PreCondition/Login Internal-TMS: Test Cases/PreCondition/Login Internal-TMS

2022-07-28 16:07:02 - [TEST_STEP][PASSED] - openBrowser(""): Browser is opened with url: ''

2022-07-28 16:07:02 - [MESSAGE][INFO] - Starting 'Chrome' driver

2022-07-28 16:07:02 - [MESSAGE][INFO] - Action delay is set to 0 milliseconds

2022-07-28 16:07:03 - [MESSAGE][PASSED] - Browser is opened with url: ''

2022-07-28 16:07:03 - [TEST_STEP][PASSED] - navigateToUrl("https://console-dev.hzn.one/tms"): Navigate to 'https://console-dev.hzn.one/tms' successfully

2022-07-28 16:07:05 - [MESSAGE][PASSED] - Navigate to 'https://console-dev.hzn.one/tms' successfully

2022-07-28 16:07:05 - [TEST_STEP][PASSED] - setText(findTestObject("Login Internal TMS/Page_/Login_inputEmail"), "admin@hzn.one"): Text 'admin@hzn.one' is set on object 'Object Repository/Login Internal TMS/Page_/Login_inputEmail'

2022-07-28 16:07:06 - [MESSAGE][PASSED] - Text 'admin@hzn.one' is set on object 'Object Repository/Login Internal TMS/Page_/Login_inputEmail'

2022-07-28 16:07:06 - [TEST_STEP][PASSED] - setEncryptedText(findTestObject("Login Internal TMS/Page_/Login_inputPassword"), "MnsJkEeAVpEG2LE9uYr7zQ=="): Text ****** has been set on object 'Object Repository/Login Internal TMS/Page_/Login_inputPassword'

2022-07-28 16:07:06 - [MESSAGE][PASSED] - Text ****** has been set on object 'Object Repository/Login Internal TMS/Page_/Login_inputPassword'

2022-07-28 16:07:06 - [TEST_STEP][PASSED] - click(findTestObject("Object Repository/Login Internal TMS/Page_/button_Login")): Object: 'Object Repository/Login Internal TMS/Page_/button_Login' is clicked on

2022-07-28 16:07:07 - [MESSAGE][PASSED] - Object: 'Object Repository/Login Internal TMS/Page_/button_Login' is clicked on

2022-07-28 16:07:07 - [MESSAGE][PASSED] - Call Test Case 'Test Cases/PreCondition/Login Internal-TMS' successfully

2022-07-28 16:07:07 - [TEST_STEP][PASSED] - click(findTestObject("Get List Driver/Page_/UserManagement")): Object: 'Object Repository/Get List Driver/Page_/UserManagement' is clicked on

2022-07-28 16:07:09 - [MESSAGE][PASSED] - Object: 'Object Repository/Get List Driver/Page_/UserManagement' is clicked on

2022-07-28 16:07:09 - [TEST_STEP][PASSED] - click(findTestObject("Object Repository/Get List Driver/Page_/a_Driver")): Object: 'Object Repository/Get List Driver/Page_/a_Driver' is clicked on

2022-07-28 16:07:10 - [MESSAGE][PASSED] - Object: 'Object Repository/Get List Driver/Page_/a_Driver' is clicked on

2022-07-28 16:07:10 - [MESSAGE][PASSED] - Call Test Case 'Test Cases/PreCondition/Driver' successfully

2022-07-28 16:07:10 - [TEST_STEP][PASSED] - setText(findTestObject("Get List Driver/Page_/DRiver_FilterSearch"), validDriverID): Text 'IDN0069-WKR000001' is set on object 'Object Repository/Get List Driver/Page_/DRiver_FilterSearch'

2022-07-28 16:07:12 - [MESSAGE][PASSED] - Text 'IDN0069-WKR000001' is set on object 'Object Repository/Get List Driver/Page_/DRiver_FilterSearch'

2022-07-28 16:07:12 - [TEST_STEP][PASSED] - verifyElementPresent(findTestObject("Get List Driver/Page_/span_arrow_forward"), 0): Object 'Object Repository/Get List Driver/Page_/span_arrow_forward' is present

2022-07-28 16:07:12 - [MESSAGE][WARNING] - Timeout '0' is invalid. Using default page load timeout: '30'

2022-07-28 16:07:13 - [MESSAGE][PASSED] - Object 'Object Repository/Get List Driver/Page_/span_arrow_forward' is present

2022-07-28 16:07:13 - [TEST_STEP][PASSED] - click(findTestObject("Get List Driver/Page_/span_arrow_forward")): Object: 'Object Repository/Get List Driver/Page_/span_arrow_forward' is clicked on

2022-07-28 16:07:14 - [MESSAGE][PASSED] - Object: 'Object Repository/Get List Driver/Page_/span_arrow_forward' is clicked on

2022-07-28 16:07:14 - [TEST_STEP][PASSED] - verifyElementPresent(findTestObject("Detail Driver/BodyDetailDriver"), 0): Object 'Object Repository/Detail Driver/BodyDetailDriver' is present

2022-07-28 16:07:14 - [MESSAGE][WARNING] - Timeout '0' is invalid. Using default page load timeout: '30'

2022-07-28 16:07:16 - [MESSAGE][PASSED] - Object 'Object Repository/Detail Driver/BodyDetailDriver' is present

2022-07-28 16:07:16 - [TEST_STEP][PASSED] - verifyElementClickable(findTestObject("Detail Driver/BackButton")): Object 'Object Repository/Detail Driver/BackButton' is clickable

2022-07-28 16:07:16 - [MESSAGE][PASSED] - Object 'Object Repository/Detail Driver/BackButton' is clickable

2022-07-28 16:07:16 - [TEST_STEP][PASSED] - click(findTestObject("Detail Driver/BackButton")): Object: 'Object Repository/Detail Driver/BackButton' is clicked on

2022-07-28 16:07:16 - [MESSAGE][PASSED] - Object: 'Object Repository/Detail Driver/BackButton' is clicked on

2022-07-28 16:07:16 - [TEST_STEP][PASSED] - closeBrowser(): Browser is closed

2022-07-28 16:07:17 - [MESSAGE][PASSED] - Browser is closed]]></system-out>
         <system-err><![CDATA[]]></system-err>
      </testcase>
      <testcase name="Test Cases/Driver - Internal TMS/Integrate Internal - Get Detail Driver/Get Detail Driver" time="15.755" classname="Test Cases/Driver - Internal TMS/Integrate Internal - Get Detail Driver/Get Detail Driver" status="PASSED">
         <system-out><![CDATA[2022-07-28 16:07:17 - [TEST_CASE][PASSED] - Test Cases/Driver - Internal TMS/Integrate Internal - Get Detail Driver/Get Detail Driver: Test Cases/Driver - Internal TMS/Integrate Internal - Get Detail Driver/Get Detail Driver

2022-07-28 16:07:17 - [TEST_STEP][PASSED] - callTestCase(findTestCase("PreCondition/Driver"), [:], STOP_ON_FAILURE): Call Test Case 'Test Cases/PreCondition/Driver' successfully

2022-07-28 16:07:17 - [TEST_CASE][PASSED] - Test Cases/PreCondition/Driver: Test Cases/PreCondition/Driver

2022-07-28 16:07:17 - [TEST_STEP][PASSED] - callTestCase(findTestCase("PreCondition/Login Internal-TMS"), [:], STOP_ON_FAILURE): Call Test Case 'Test Cases/PreCondition/Login Internal-TMS' successfully

2022-07-28 16:07:17 - [TEST_CASE][PASSED] - Test Cases/PreCondition/Login Internal-TMS: Test Cases/PreCondition/Login Internal-TMS

2022-07-28 16:07:17 - [TEST_STEP][PASSED] - openBrowser(""): Browser is opened with url: ''

2022-07-28 16:07:17 - [MESSAGE][INFO] - Starting 'Chrome' driver

2022-07-28 16:07:17 - [MESSAGE][INFO] - Action delay is set to 0 milliseconds

2022-07-28 16:07:19 - [MESSAGE][PASSED] - Browser is opened with url: ''

2022-07-28 16:07:19 - [TEST_STEP][PASSED] - navigateToUrl("https://console-dev.hzn.one/tms"): Navigate to 'https://console-dev.hzn.one/tms' successfully

2022-07-28 16:07:20 - [MESSAGE][PASSED] - Navigate to 'https://console-dev.hzn.one/tms' successfully

2022-07-28 16:07:20 - [TEST_STEP][PASSED] - setText(findTestObject("Login Internal TMS/Page_/Login_inputEmail"), "admin@hzn.one"): Text 'admin@hzn.one' is set on object 'Object Repository/Login Internal TMS/Page_/Login_inputEmail'

2022-07-28 16:07:21 - [MESSAGE][PASSED] - Text 'admin@hzn.one' is set on object 'Object Repository/Login Internal TMS/Page_/Login_inputEmail'

2022-07-28 16:07:21 - [TEST_STEP][PASSED] - setEncryptedText(findTestObject("Login Internal TMS/Page_/Login_inputPassword"), "MnsJkEeAVpEG2LE9uYr7zQ=="): Text ****** has been set on object 'Object Repository/Login Internal TMS/Page_/Login_inputPassword'

2022-07-28 16:07:22 - [MESSAGE][PASSED] - Text ****** has been set on object 'Object Repository/Login Internal TMS/Page_/Login_inputPassword'

2022-07-28 16:07:22 - [TEST_STEP][PASSED] - click(findTestObject("Object Repository/Login Internal TMS/Page_/button_Login")): Object: 'Object Repository/Login Internal TMS/Page_/button_Login' is clicked on

2022-07-28 16:07:22 - [MESSAGE][PASSED] - Object: 'Object Repository/Login Internal TMS/Page_/button_Login' is clicked on

2022-07-28 16:07:22 - [MESSAGE][PASSED] - Call Test Case 'Test Cases/PreCondition/Login Internal-TMS' successfully

2022-07-28 16:07:22 - [TEST_STEP][PASSED] - click(findTestObject("Get List Driver/Page_/UserManagement")): Object: 'Object Repository/Get List Driver/Page_/UserManagement' is clicked on

2022-07-28 16:07:25 - [MESSAGE][PASSED] - Object: 'Object Repository/Get List Driver/Page_/UserManagement' is clicked on

2022-07-28 16:07:25 - [TEST_STEP][PASSED] - click(findTestObject("Object Repository/Get List Driver/Page_/a_Driver")): Object: 'Object Repository/Get List Driver/Page_/a_Driver' is clicked on

2022-07-28 16:07:26 - [MESSAGE][PASSED] - Object: 'Object Repository/Get List Driver/Page_/a_Driver' is clicked on

2022-07-28 16:07:26 - [MESSAGE][PASSED] - Call Test Case 'Test Cases/PreCondition/Driver' successfully

2022-07-28 16:07:26 - [TEST_STEP][PASSED] - setText(findTestObject("Get List Driver/Page_/DRiver_FilterSearch"), validDriverID): Text 'IDN0003-WKR011145' is set on object 'Object Repository/Get List Driver/Page_/DRiver_FilterSearch'

2022-07-28 16:07:28 - [MESSAGE][PASSED] - Text 'IDN0003-WKR011145' is set on object 'Object Repository/Get List Driver/Page_/DRiver_FilterSearch'

2022-07-28 16:07:28 - [TEST_STEP][PASSED] - verifyElementPresent(findTestObject("Get List Driver/Page_/span_arrow_forward"), 0): Object 'Object Repository/Get List Driver/Page_/span_arrow_forward' is present

2022-07-28 16:07:28 - [MESSAGE][WARNING] - Timeout '0' is invalid. Using default page load timeout: '30'

2022-07-28 16:07:29 - [MESSAGE][PASSED] - Object 'Object Repository/Get List Driver/Page_/span_arrow_forward' is present

2022-07-28 16:07:29 - [TEST_STEP][PASSED] - click(findTestObject("Get List Driver/Page_/span_arrow_forward")): Object: 'Object Repository/Get List Driver/Page_/span_arrow_forward' is clicked on

2022-07-28 16:07:30 - [MESSAGE][PASSED] - Object: 'Object Repository/Get List Driver/Page_/span_arrow_forward' is clicked on

2022-07-28 16:07:30 - [TEST_STEP][PASSED] - verifyElementPresent(findTestObject("Detail Driver/BodyDetailDriver"), 0): Object 'Object Repository/Detail Driver/BodyDetailDriver' is present

2022-07-28 16:07:30 - [MESSAGE][WARNING] - Timeout '0' is invalid. Using default page load timeout: '30'

2022-07-28 16:07:32 - [MESSAGE][PASSED] - Object 'Object Repository/Detail Driver/BodyDetailDriver' is present

2022-07-28 16:07:32 - [TEST_STEP][PASSED] - verifyElementClickable(findTestObject("Detail Driver/BackButton")): Object 'Object Repository/Detail Driver/BackButton' is clickable

2022-07-28 16:07:32 - [MESSAGE][PASSED] - Object 'Object Repository/Detail Driver/BackButton' is clickable

2022-07-28 16:07:32 - [TEST_STEP][PASSED] - click(findTestObject("Detail Driver/BackButton")): Object: 'Object Repository/Detail Driver/BackButton' is clicked on

2022-07-28 16:07:32 - [MESSAGE][PASSED] - Object: 'Object Repository/Detail Driver/BackButton' is clicked on

2022-07-28 16:07:32 - [TEST_STEP][PASSED] - closeBrowser(): Browser is closed

2022-07-28 16:07:33 - [MESSAGE][PASSED] - Browser is closed]]></system-out>
         <system-err><![CDATA[]]></system-err>
      </testcase>
      <system-out><![CDATA[2022-07-28 16:03:14 - [TEST_SUITE][PASSED] - Get Detail Driver: Test Cases/Driver - Internal TMS/Integrate Internal - Get Detail Driver/Get Detail Driver]]></system-out>
      <system-err><![CDATA[]]></system-err>
   </testsuite>
</testsuites>
