<?xml version="1.0" encoding="UTF-8"?>
<testsuites name="AddNewSP" time="121.086" tests="4" failures="0" errors="0">
   <testsuite name="AddNewSP" tests="4" failures="0" errors="0" time="121.086" skipped="0" timestamp="2022-07-28 10:22:38" hostname="User - LAPTOP-N3L575R3" id="Test Suites/AddNewSP_Data-driven/AddNewSP">
      <properties>
         <property name="deviceName" value=""/>
         <property name="devicePlatform" value=""/>
         <property name="logFolder" value="D:\\QA\\Automation Testing\\KATALON\\TMS-Internal Automation\\TMS\\Reports\\20220728_102203\\AddNewSP_Data-driven\\AddNewSP\\20220728_102203"/>
         <property name="logFiles" value="D:\\QA\\Automation Testing\\KATALON\\TMS-Internal Automation\\TMS\\Reports\\20220728_102203\\AddNewSP_Data-driven\\AddNewSP\\20220728_102203\\execution0.log"/>
         <property name="attachments" value=""/>
         <property name="hostName" value="User - LAPTOP-N3L575R3"/>
         <property name="os" value="Windows 10 64bit"/>
         <property name="katalonVersion" value="8.3.5.208"/>
         <property name="browser" value="Chrome 103.0.5060.134"/>
         <property name="hostAddress" value="192.168.56.1"/>
         <property name="sessionId" value="661ca71db814c109277169d44703a6ae"/>
         <property name="seleniumVersion" value="3.141.59"/>
         <property name="proxyInformation" value="ProxyInformation { proxyOption=NO_PROXY, proxyServerType=HTTP, username=, password=********, proxyServerAddress=, proxyServerPort=0, executionList=&quot;&quot;, isApplyToDesiredCapabilities=true }"/>
         <property name="platform" value="Windows 10"/>
      </properties>
      <testcase name="Test Cases/Service Provider -Internal TMS/Integrate Internal - Add New Service Provider/Add New SP with valid data" time="32.524" classname="Test Cases/Service Provider -Internal TMS/Integrate Internal - Add New Service Provider/Add New SP with valid data" status="PASSED">
         <system-out><![CDATA[2022-07-28 10:22:38 - [TEST_CASE][PASSED] - Test Cases/Service Provider -Internal TMS/Integrate Internal - Add New Service Provider/Add New SP with valid data: Test Cases/Service Provider -Internal TMS/Integrate Internal - Add New Service Provider/Add New SP with valid data

2022-07-28 10:22:39 - [TEST_STEP][PASSED] - callTestCase(findTestCase("Service Provider -Internal TMS/PreCondition/SP"), ["validData":""], STOP_ON_FAILURE): Call Test Case 'Test Cases/Service Provider -Internal TMS/PreCondition/SP' successfully

2022-07-28 10:22:39 - [TEST_CASE][PASSED] - Test Cases/Service Provider -Internal TMS/PreCondition/SP: Test Cases/Service Provider -Internal TMS/PreCondition/SP

2022-07-28 10:22:40 - [TEST_STEP][PASSED] - callTestCase(findTestCase("Service Provider -Internal TMS/PreCondition/Login Internal-TMS"), [:], STOP_ON_FAILURE): Call Test Case 'Test Cases/Service Provider -Internal TMS/PreCondition/Login Internal-TMS' successfully

2022-07-28 10:22:40 - [TEST_CASE][PASSED] - Test Cases/Service Provider -Internal TMS/PreCondition/Login Internal-TMS: Test Cases/Service Provider -Internal TMS/PreCondition/Login Internal-TMS

2022-07-28 10:22:40 - [TEST_STEP][PASSED] - openBrowser(""): Browser is opened with url: ''

2022-07-28 10:22:40 - [MESSAGE][INFO] - Starting 'Chrome' driver

2022-07-28 10:22:40 - [MESSAGE][INFO] - Action delay is set to 0 milliseconds

2022-07-28 10:22:44 - [MESSAGE][PASSED] - Browser is opened with url: ''

2022-07-28 10:22:44 - [TEST_STEP][PASSED] - navigateToUrl("https://console-dev.hzn.one/tms"): Navigate to 'https://console-dev.hzn.one/tms' successfully

2022-07-28 10:22:46 - [MESSAGE][PASSED] - Navigate to 'https://console-dev.hzn.one/tms' successfully

2022-07-28 10:22:46 - [TEST_STEP][PASSED] - setText(findTestObject("Login Internal TMS/Page_/Login_inputEmail"), "admin@hzn.one"): Text 'admin@hzn.one' is set on object 'Object Repository/Login Internal TMS/Page_/Login_inputEmail'

2022-07-28 10:22:47 - [MESSAGE][PASSED] - Text 'admin@hzn.one' is set on object 'Object Repository/Login Internal TMS/Page_/Login_inputEmail'

2022-07-28 10:22:47 - [TEST_STEP][PASSED] - setEncryptedText(findTestObject("Login Internal TMS/Page_/Login_inputPassword"), "MnsJkEeAVpEG2LE9uYr7zQ=="): Text ****** has been set on object 'Object Repository/Login Internal TMS/Page_/Login_inputPassword'

2022-07-28 10:22:48 - [MESSAGE][PASSED] - Text ****** has been set on object 'Object Repository/Login Internal TMS/Page_/Login_inputPassword'

2022-07-28 10:22:48 - [TEST_STEP][PASSED] - click(findTestObject("Object Repository/Login Internal TMS/Page_/button_Login")): Object: 'Object Repository/Login Internal TMS/Page_/button_Login' is clicked on

2022-07-28 10:22:48 - [MESSAGE][PASSED] - Object: 'Object Repository/Login Internal TMS/Page_/button_Login' is clicked on

2022-07-28 10:22:48 - [MESSAGE][PASSED] - Call Test Case 'Test Cases/Service Provider -Internal TMS/PreCondition/Login Internal-TMS' successfully

2022-07-28 10:22:48 - [TEST_STEP][PASSED] - maximizeWindow(): Current window maximized

2022-07-28 10:22:48 - [MESSAGE][PASSED] - Current window maximized

2022-07-28 10:22:48 - [TEST_STEP][PASSED] - click(findTestObject("Search List SP/Page_/Page_/span_User Management")): Object: 'Object Repository/Search List SP/Page_/Page_/span_User Management' is clicked on

2022-07-28 10:22:51 - [MESSAGE][PASSED] - Object: 'Object Repository/Search List SP/Page_/Page_/span_User Management' is clicked on

2022-07-28 10:22:51 - [TEST_STEP][PASSED] - click(findTestObject("Object Repository/Search List SP/Page_/Service Provider")): Object: 'Object Repository/Search List SP/Page_/Service Provider' is clicked on

2022-07-28 10:22:52 - [MESSAGE][PASSED] - Object: 'Object Repository/Search List SP/Page_/Service Provider' is clicked on

2022-07-28 10:22:52 - [MESSAGE][PASSED] - Call Test Case 'Test Cases/Service Provider -Internal TMS/PreCondition/SP' successfully

2022-07-28 10:22:52 - [TEST_STEP][PASSED] - click(findTestObject("Add SP with valid data/Page_/FirstButton_addSP")): Object: 'Object Repository/Add SP with valid data/Page_/FirstButton_addSP' is clicked on

2022-07-28 10:22:53 - [MESSAGE][PASSED] - Object: 'Object Repository/Add SP with valid data/Page_/FirstButton_addSP' is clicked on

2022-07-28 10:22:53 - [TEST_STEP][PASSED] - setText(findTestObject("Add SP with valid data/Page_/AddSP_Input company name"), companyNameSP): Text 'data1_TestingPT_Aut_SP' is set on object 'Object Repository/Add SP with valid data/Page_/AddSP_Input company name'

2022-07-28 10:22:54 - [MESSAGE][PASSED] - Text 'data1_TestingPT_Aut_SP' is set on object 'Object Repository/Add SP with valid data/Page_/AddSP_Input company name'

2022-07-28 10:22:54 - [TEST_STEP][PASSED] - setText(findTestObject("Object Repository/Add SP with valid data/Page_/addSP_input Email"), companyEmailSP): Text 'emailtesaut_1@gmail.com' is set on object 'Object Repository/Add SP with valid data/Page_/addSP_input Email'

2022-07-28 10:22:55 - [MESSAGE][PASSED] - Text 'emailtesaut_1@gmail.com' is set on object 'Object Repository/Add SP with valid data/Page_/addSP_input Email'

2022-07-28 10:22:55 - [TEST_STEP][PASSED] - setText(findTestObject("Object Repository/Add SP with valid data/Page_/AddSP_companyPhone"), companyPhoneSP): Text '0852324526311' is set on object 'Object Repository/Add SP with valid data/Page_/AddSP_companyPhone'

2022-07-28 10:22:56 - [MESSAGE][PASSED] - Text '0852324526311' is set on object 'Object Repository/Add SP with valid data/Page_/AddSP_companyPhone'

2022-07-28 10:22:56 - [TEST_STEP][PASSED] - click(findTestObject("Object Repository/Add SP with valid data/Page_/choose country")): Object: 'Object Repository/Add SP with valid data/Page_/choose country' is clicked on

2022-07-28 10:22:57 - [MESSAGE][PASSED] - Object: 'Object Repository/Add SP with valid data/Page_/choose country' is clicked on

2022-07-28 10:22:57 - [TEST_STEP][PASSED] - click(findTestObject("Object Repository/Add SP with valid data/Page_/li_Indonesia")): Object: 'Object Repository/Add SP with valid data/Page_/li_Indonesia' is clicked on

2022-07-28 10:22:57 - [MESSAGE][PASSED] - Object: 'Object Repository/Add SP with valid data/Page_/li_Indonesia' is clicked on

2022-07-28 10:22:57 - [TEST_STEP][PASSED] - click(findTestObject("Object Repository/Add SP with valid data/Page_/choose province")): Object: 'Object Repository/Add SP with valid data/Page_/choose province' is clicked on

2022-07-28 10:22:58 - [MESSAGE][PASSED] - Object: 'Object Repository/Add SP with valid data/Page_/choose province' is clicked on

2022-07-28 10:22:58 - [TEST_STEP][PASSED] - click(findTestObject("Object Repository/Add SP with valid data/Page_/li_SUMATERA UTARA")): Object: 'Object Repository/Add SP with valid data/Page_/li_SUMATERA UTARA' is clicked on

2022-07-28 10:22:59 - [MESSAGE][PASSED] - Object: 'Object Repository/Add SP with valid data/Page_/li_SUMATERA UTARA' is clicked on

2022-07-28 10:22:59 - [TEST_STEP][PASSED] - click(findTestObject("Object Repository/Add SP with valid data/Page_/choose city")): Object: 'Object Repository/Add SP with valid data/Page_/choose city' is clicked on

2022-07-28 10:23:00 - [MESSAGE][PASSED] - Object: 'Object Repository/Add SP with valid data/Page_/choose city' is clicked on

2022-07-28 10:23:00 - [TEST_STEP][PASSED] - click(findTestObject("Object Repository/Add SP with valid data/Page_/li_MEDAN")): Object: 'Object Repository/Add SP with valid data/Page_/li_MEDAN' is clicked on

2022-07-28 10:23:01 - [MESSAGE][PASSED] - Object: 'Object Repository/Add SP with valid data/Page_/li_MEDAN' is clicked on

2022-07-28 10:23:01 - [TEST_STEP][PASSED] - setText(findTestObject("Object Repository/Add SP with valid data/Page_/Add SP_input_SIUP_businessLicense"), siupBusinessLicenseSP): Text '74242738448211' is set on object 'Object Repository/Add SP with valid data/Page_/Add SP_input_SIUP_businessLicense'

2022-07-28 10:23:02 - [MESSAGE][PASSED] - Text '74242738448211' is set on object 'Object Repository/Add SP with valid data/Page_/Add SP_input_SIUP_businessLicense'

2022-07-28 10:23:02 - [TEST_STEP][PASSED] - setText(findTestObject("Object Repository/Add SP with valid data/Page_/AddSP_input_NPWP_taxId"), NPWP_SP): Text '313213121211' is set on object 'Object Repository/Add SP with valid data/Page_/AddSP_input_NPWP_taxId'

2022-07-28 10:23:02 - [MESSAGE][PASSED] - Text '313213121211' is set on object 'Object Repository/Add SP with valid data/Page_/AddSP_input_NPWP_taxId'

2022-07-28 10:23:02 - [TEST_STEP][PASSED] - click(findTestObject("Object Repository/Add SP with valid data/Page_/span_PKP")): Object: 'Object Repository/Add SP with valid data/Page_/span_PKP' is clicked on

2022-07-28 10:23:03 - [MESSAGE][PASSED] - Object: 'Object Repository/Add SP with valid data/Page_/span_PKP' is clicked on

2022-07-28 10:23:03 - [TEST_STEP][PASSED] - click(findTestObject("Object Repository/Add SP with valid data/Page_/input_Type Of Service_PrivateSwitchBase-inp_a246e6")): Object: 'Object Repository/Add SP with valid data/Page_/input_Type Of Service_PrivateSwitchBase-inp_a246e6' is clicked on

2022-07-28 10:23:03 - [MESSAGE][PASSED] - Object: 'Object Repository/Add SP with valid data/Page_/input_Type Of Service_PrivateSwitchBase-inp_a246e6' is clicked on

2022-07-28 10:23:03 - [TEST_STEP][PASSED] - uploadFile(findTestObject("Add SP with valid data/Page_/inputPhoto"), lokasiFIle): File 'C:\Users\User\Downloads\logo.png' sent to object: 'Object Repository/Add SP with valid data/Page_/inputPhoto'

2022-07-28 10:23:04 - [MESSAGE][PASSED] - File 'C:\Users\User\Downloads\logo.png' sent to object: 'Object Repository/Add SP with valid data/Page_/inputPhoto'

2022-07-28 10:23:04 - [TEST_STEP][PASSED] - click(findTestObject("Add SP with valid data/Page_/div_Contact Personarrow_drop_down")): Object: 'Object Repository/Add SP with valid data/Page_/div_Contact Personarrow_drop_down' is clicked on

2022-07-28 10:23:04 - [MESSAGE][PASSED] - Object: 'Object Repository/Add SP with valid data/Page_/div_Contact Personarrow_drop_down' is clicked on

2022-07-28 10:23:04 - [TEST_STEP][PASSED] - setText(findTestObject("Object Repository/Add SP with valid data/Page_/AddSP_CP_input name"), NamaCP): Text 'cptestAut11' is set on object 'Object Repository/Add SP with valid data/Page_/AddSP_CP_input name'

2022-07-28 10:23:05 - [MESSAGE][PASSED] - Text 'cptestAut11' is set on object 'Object Repository/Add SP with valid data/Page_/AddSP_CP_input name'

2022-07-28 10:23:05 - [TEST_STEP][PASSED] - setText(findTestObject("Object Repository/Add SP with valid data/Page_/AddSp_CP_input Email"), EmailCP): Text 'cptestAut11@gmail.com' is set on object 'Object Repository/Add SP with valid data/Page_/AddSp_CP_input Email'

2022-07-28 10:23:06 - [MESSAGE][PASSED] - Text 'cptestAut11@gmail.com' is set on object 'Object Repository/Add SP with valid data/Page_/AddSp_CP_input Email'

2022-07-28 10:23:06 - [TEST_STEP][PASSED] - setText(findTestObject("Object Repository/Add SP with valid data/Page_/AddSP_CP_input_Phone Number"), PhoneNumberCP): Text '082345321511' is set on object 'Object Repository/Add SP with valid data/Page_/AddSP_CP_input_Phone Number'

2022-07-28 10:23:07 - [MESSAGE][PASSED] - Text '082345321511' is set on object 'Object Repository/Add SP with valid data/Page_/AddSP_CP_input_Phone Number'

2022-07-28 10:23:07 - [TEST_STEP][PASSED] - click(findTestObject("Add SP with valid data/Page_/div_Company dropdown password")): Object: 'Object Repository/Add SP with valid data/Page_/div_Company dropdown password' is clicked on

2022-07-28 10:23:07 - [MESSAGE][PASSED] - Object: 'Object Repository/Add SP with valid data/Page_/div_Company dropdown password' is clicked on

2022-07-28 10:23:07 - [TEST_STEP][PASSED] - setEncryptedText(findTestObject("Object Repository/Add SP with valid data/Page_/AddSP_input_Password"), passwordSP): Text ****** has been set on object 'Object Repository/Add SP with valid data/Page_/AddSP_input_Password'

2022-07-28 10:23:08 - [MESSAGE][PASSED] - Text ****** has been set on object 'Object Repository/Add SP with valid data/Page_/AddSP_input_Password'

2022-07-28 10:23:08 - [TEST_STEP][PASSED] - setEncryptedText(findTestObject("Object Repository/Add SP with valid data/Page_/AddSP_input_Confirmation Password"), confirmationPasswordSP): Text ****** has been set on object 'Object Repository/Add SP with valid data/Page_/AddSP_input_Confirmation Password'

2022-07-28 10:23:08 - [MESSAGE][PASSED] - Text ****** has been set on object 'Object Repository/Add SP with valid data/Page_/AddSP_input_Confirmation Password'

2022-07-28 10:23:08 - [TEST_STEP][PASSED] - click(findTestObject("Object Repository/Add SP with valid data/Page_/last button_add SP")): Object: 'Object Repository/Add SP with valid data/Page_/last button_add SP' is clicked on

2022-07-28 10:23:09 - [MESSAGE][PASSED] - Object: 'Object Repository/Add SP with valid data/Page_/last button_add SP' is clicked on

2022-07-28 10:23:09 - [TEST_STEP][PASSED] - verifyElementPresent(findTestObject("Object Repository/Add SP with valid data/Page_/main_addAdd Service ProvidersearchCityCityS_3f5b59"), 0): Object 'Object Repository/Add SP with valid data/Page_/main_addAdd Service ProvidersearchCityCityS_3f5b59' is present

2022-07-28 10:23:09 - [MESSAGE][WARNING] - Timeout '0' is invalid. Using default page load timeout: '30'

2022-07-28 10:23:11 - [MESSAGE][PASSED] - Object 'Object Repository/Add SP with valid data/Page_/main_addAdd Service ProvidersearchCityCityS_3f5b59' is present]]></system-out>
         <system-err><![CDATA[]]></system-err>
      </testcase>
      <testcase name="Test Cases/Service Provider -Internal TMS/Integrate Internal - Add New Service Provider/Add New SP with valid data" time="29.433" classname="Test Cases/Service Provider -Internal TMS/Integrate Internal - Add New Service Provider/Add New SP with valid data" status="PASSED">
         <system-out><![CDATA[2022-07-28 10:23:11 - [TEST_CASE][PASSED] - Test Cases/Service Provider -Internal TMS/Integrate Internal - Add New Service Provider/Add New SP with valid data: Test Cases/Service Provider -Internal TMS/Integrate Internal - Add New Service Provider/Add New SP with valid data

2022-07-28 10:23:11 - [TEST_STEP][PASSED] - callTestCase(findTestCase("Service Provider -Internal TMS/PreCondition/SP"), ["validData":""], STOP_ON_FAILURE): Call Test Case 'Test Cases/Service Provider -Internal TMS/PreCondition/SP' successfully

2022-07-28 10:23:11 - [TEST_CASE][PASSED] - Test Cases/Service Provider -Internal TMS/PreCondition/SP: Test Cases/Service Provider -Internal TMS/PreCondition/SP

2022-07-28 10:23:11 - [TEST_STEP][PASSED] - callTestCase(findTestCase("Service Provider -Internal TMS/PreCondition/Login Internal-TMS"), [:], STOP_ON_FAILURE): Call Test Case 'Test Cases/Service Provider -Internal TMS/PreCondition/Login Internal-TMS' successfully

2022-07-28 10:23:11 - [TEST_CASE][PASSED] - Test Cases/Service Provider -Internal TMS/PreCondition/Login Internal-TMS: Test Cases/Service Provider -Internal TMS/PreCondition/Login Internal-TMS

2022-07-28 10:23:11 - [TEST_STEP][PASSED] - openBrowser(""): Browser is opened with url: ''

2022-07-28 10:23:11 - [MESSAGE][WARNING] - A browser is already opened. Closing browser and opening a new one

2022-07-28 10:23:12 - [MESSAGE][INFO] - Starting 'Chrome' driver

2022-07-28 10:23:12 - [MESSAGE][INFO] - Action delay is set to 0 milliseconds

2022-07-28 10:23:14 - [MESSAGE][PASSED] - Browser is opened with url: ''

2022-07-28 10:23:14 - [TEST_STEP][PASSED] - navigateToUrl("https://console-dev.hzn.one/tms"): Navigate to 'https://console-dev.hzn.one/tms' successfully

2022-07-28 10:23:16 - [MESSAGE][PASSED] - Navigate to 'https://console-dev.hzn.one/tms' successfully

2022-07-28 10:23:16 - [TEST_STEP][PASSED] - setText(findTestObject("Login Internal TMS/Page_/Login_inputEmail"), "admin@hzn.one"): Text 'admin@hzn.one' is set on object 'Object Repository/Login Internal TMS/Page_/Login_inputEmail'

2022-07-28 10:23:17 - [MESSAGE][PASSED] - Text 'admin@hzn.one' is set on object 'Object Repository/Login Internal TMS/Page_/Login_inputEmail'

2022-07-28 10:23:17 - [TEST_STEP][PASSED] - setEncryptedText(findTestObject("Login Internal TMS/Page_/Login_inputPassword"), "MnsJkEeAVpEG2LE9uYr7zQ=="): Text ****** has been set on object 'Object Repository/Login Internal TMS/Page_/Login_inputPassword'

2022-07-28 10:23:17 - [MESSAGE][PASSED] - Text ****** has been set on object 'Object Repository/Login Internal TMS/Page_/Login_inputPassword'

2022-07-28 10:23:17 - [TEST_STEP][PASSED] - click(findTestObject("Object Repository/Login Internal TMS/Page_/button_Login")): Object: 'Object Repository/Login Internal TMS/Page_/button_Login' is clicked on

2022-07-28 10:23:18 - [MESSAGE][PASSED] - Object: 'Object Repository/Login Internal TMS/Page_/button_Login' is clicked on

2022-07-28 10:23:18 - [MESSAGE][PASSED] - Call Test Case 'Test Cases/Service Provider -Internal TMS/PreCondition/Login Internal-TMS' successfully

2022-07-28 10:23:18 - [TEST_STEP][PASSED] - maximizeWindow(): Current window maximized

2022-07-28 10:23:18 - [MESSAGE][PASSED] - Current window maximized

2022-07-28 10:23:18 - [TEST_STEP][PASSED] - click(findTestObject("Search List SP/Page_/Page_/span_User Management")): Object: 'Object Repository/Search List SP/Page_/Page_/span_User Management' is clicked on

2022-07-28 10:23:21 - [MESSAGE][PASSED] - Object: 'Object Repository/Search List SP/Page_/Page_/span_User Management' is clicked on

2022-07-28 10:23:21 - [TEST_STEP][PASSED] - click(findTestObject("Object Repository/Search List SP/Page_/Service Provider")): Object: 'Object Repository/Search List SP/Page_/Service Provider' is clicked on

2022-07-28 10:23:22 - [MESSAGE][PASSED] - Object: 'Object Repository/Search List SP/Page_/Service Provider' is clicked on

2022-07-28 10:23:22 - [MESSAGE][PASSED] - Call Test Case 'Test Cases/Service Provider -Internal TMS/PreCondition/SP' successfully

2022-07-28 10:23:22 - [TEST_STEP][PASSED] - click(findTestObject("Add SP with valid data/Page_/FirstButton_addSP")): Object: 'Object Repository/Add SP with valid data/Page_/FirstButton_addSP' is clicked on

2022-07-28 10:23:23 - [MESSAGE][PASSED] - Object: 'Object Repository/Add SP with valid data/Page_/FirstButton_addSP' is clicked on

2022-07-28 10:23:23 - [TEST_STEP][PASSED] - setText(findTestObject("Add SP with valid data/Page_/AddSP_Input company name"), companyNameSP): Text 'data2_TestingPT_Aut_SP' is set on object 'Object Repository/Add SP with valid data/Page_/AddSP_Input company name'

2022-07-28 10:23:24 - [MESSAGE][PASSED] - Text 'data2_TestingPT_Aut_SP' is set on object 'Object Repository/Add SP with valid data/Page_/AddSP_Input company name'

2022-07-28 10:23:24 - [TEST_STEP][PASSED] - setText(findTestObject("Object Repository/Add SP with valid data/Page_/addSP_input Email"), companyEmailSP): Text 'emailtesaut_2@gmail.com' is set on object 'Object Repository/Add SP with valid data/Page_/addSP_input Email'

2022-07-28 10:23:25 - [MESSAGE][PASSED] - Text 'emailtesaut_2@gmail.com' is set on object 'Object Repository/Add SP with valid data/Page_/addSP_input Email'

2022-07-28 10:23:25 - [TEST_STEP][PASSED] - setText(findTestObject("Object Repository/Add SP with valid data/Page_/AddSP_companyPhone"), companyPhoneSP): Text '0852324526312' is set on object 'Object Repository/Add SP with valid data/Page_/AddSP_companyPhone'

2022-07-28 10:23:26 - [MESSAGE][PASSED] - Text '0852324526312' is set on object 'Object Repository/Add SP with valid data/Page_/AddSP_companyPhone'

2022-07-28 10:23:26 - [TEST_STEP][PASSED] - click(findTestObject("Object Repository/Add SP with valid data/Page_/choose country")): Object: 'Object Repository/Add SP with valid data/Page_/choose country' is clicked on

2022-07-28 10:23:26 - [MESSAGE][PASSED] - Object: 'Object Repository/Add SP with valid data/Page_/choose country' is clicked on

2022-07-28 10:23:26 - [TEST_STEP][PASSED] - click(findTestObject("Object Repository/Add SP with valid data/Page_/li_Indonesia")): Object: 'Object Repository/Add SP with valid data/Page_/li_Indonesia' is clicked on

2022-07-28 10:23:27 - [MESSAGE][PASSED] - Object: 'Object Repository/Add SP with valid data/Page_/li_Indonesia' is clicked on

2022-07-28 10:23:27 - [TEST_STEP][PASSED] - click(findTestObject("Object Repository/Add SP with valid data/Page_/choose province")): Object: 'Object Repository/Add SP with valid data/Page_/choose province' is clicked on

2022-07-28 10:23:28 - [MESSAGE][PASSED] - Object: 'Object Repository/Add SP with valid data/Page_/choose province' is clicked on

2022-07-28 10:23:28 - [TEST_STEP][PASSED] - click(findTestObject("Object Repository/Add SP with valid data/Page_/li_SUMATERA UTARA")): Object: 'Object Repository/Add SP with valid data/Page_/li_SUMATERA UTARA' is clicked on

2022-07-28 10:23:29 - [MESSAGE][PASSED] - Object: 'Object Repository/Add SP with valid data/Page_/li_SUMATERA UTARA' is clicked on

2022-07-28 10:23:29 - [TEST_STEP][PASSED] - click(findTestObject("Object Repository/Add SP with valid data/Page_/choose city")): Object: 'Object Repository/Add SP with valid data/Page_/choose city' is clicked on

2022-07-28 10:23:30 - [MESSAGE][PASSED] - Object: 'Object Repository/Add SP with valid data/Page_/choose city' is clicked on

2022-07-28 10:23:30 - [TEST_STEP][PASSED] - click(findTestObject("Object Repository/Add SP with valid data/Page_/li_MEDAN")): Object: 'Object Repository/Add SP with valid data/Page_/li_MEDAN' is clicked on

2022-07-28 10:23:30 - [MESSAGE][PASSED] - Object: 'Object Repository/Add SP with valid data/Page_/li_MEDAN' is clicked on

2022-07-28 10:23:30 - [TEST_STEP][PASSED] - setText(findTestObject("Object Repository/Add SP with valid data/Page_/Add SP_input_SIUP_businessLicense"), siupBusinessLicenseSP): Text '74242738448212' is set on object 'Object Repository/Add SP with valid data/Page_/Add SP_input_SIUP_businessLicense'

2022-07-28 10:23:31 - [MESSAGE][PASSED] - Text '74242738448212' is set on object 'Object Repository/Add SP with valid data/Page_/Add SP_input_SIUP_businessLicense'

2022-07-28 10:23:31 - [TEST_STEP][PASSED] - setText(findTestObject("Object Repository/Add SP with valid data/Page_/AddSP_input_NPWP_taxId"), NPWP_SP): Text '313213121212' is set on object 'Object Repository/Add SP with valid data/Page_/AddSP_input_NPWP_taxId'

2022-07-28 10:23:32 - [MESSAGE][PASSED] - Text '313213121212' is set on object 'Object Repository/Add SP with valid data/Page_/AddSP_input_NPWP_taxId'

2022-07-28 10:23:32 - [TEST_STEP][PASSED] - click(findTestObject("Object Repository/Add SP with valid data/Page_/span_PKP")): Object: 'Object Repository/Add SP with valid data/Page_/span_PKP' is clicked on

2022-07-28 10:23:33 - [MESSAGE][PASSED] - Object: 'Object Repository/Add SP with valid data/Page_/span_PKP' is clicked on

2022-07-28 10:23:33 - [TEST_STEP][PASSED] - click(findTestObject("Object Repository/Add SP with valid data/Page_/input_Type Of Service_PrivateSwitchBase-inp_a246e6")): Object: 'Object Repository/Add SP with valid data/Page_/input_Type Of Service_PrivateSwitchBase-inp_a246e6' is clicked on

2022-07-28 10:23:33 - [MESSAGE][PASSED] - Object: 'Object Repository/Add SP with valid data/Page_/input_Type Of Service_PrivateSwitchBase-inp_a246e6' is clicked on

2022-07-28 10:23:33 - [TEST_STEP][PASSED] - uploadFile(findTestObject("Add SP with valid data/Page_/inputPhoto"), lokasiFIle): File 'C:\Users\User\Downloads\logo.png' sent to object: 'Object Repository/Add SP with valid data/Page_/inputPhoto'

2022-07-28 10:23:34 - [MESSAGE][PASSED] - File 'C:\Users\User\Downloads\logo.png' sent to object: 'Object Repository/Add SP with valid data/Page_/inputPhoto'

2022-07-28 10:23:34 - [TEST_STEP][PASSED] - click(findTestObject("Add SP with valid data/Page_/div_Contact Personarrow_drop_down")): Object: 'Object Repository/Add SP with valid data/Page_/div_Contact Personarrow_drop_down' is clicked on

2022-07-28 10:23:34 - [MESSAGE][PASSED] - Object: 'Object Repository/Add SP with valid data/Page_/div_Contact Personarrow_drop_down' is clicked on

2022-07-28 10:23:34 - [TEST_STEP][PASSED] - setText(findTestObject("Object Repository/Add SP with valid data/Page_/AddSP_CP_input name"), NamaCP): Text 'cptestAut12' is set on object 'Object Repository/Add SP with valid data/Page_/AddSP_CP_input name'

2022-07-28 10:23:35 - [MESSAGE][PASSED] - Text 'cptestAut12' is set on object 'Object Repository/Add SP with valid data/Page_/AddSP_CP_input name'

2022-07-28 10:23:35 - [TEST_STEP][PASSED] - setText(findTestObject("Object Repository/Add SP with valid data/Page_/AddSp_CP_input Email"), EmailCP): Text 'cptestAut12@gmail.com' is set on object 'Object Repository/Add SP with valid data/Page_/AddSp_CP_input Email'

2022-07-28 10:23:36 - [MESSAGE][PASSED] - Text 'cptestAut12@gmail.com' is set on object 'Object Repository/Add SP with valid data/Page_/AddSp_CP_input Email'

2022-07-28 10:23:36 - [TEST_STEP][PASSED] - setText(findTestObject("Object Repository/Add SP with valid data/Page_/AddSP_CP_input_Phone Number"), PhoneNumberCP): Text '082345321512' is set on object 'Object Repository/Add SP with valid data/Page_/AddSP_CP_input_Phone Number'

2022-07-28 10:23:36 - [MESSAGE][PASSED] - Text '082345321512' is set on object 'Object Repository/Add SP with valid data/Page_/AddSP_CP_input_Phone Number'

2022-07-28 10:23:36 - [TEST_STEP][PASSED] - click(findTestObject("Add SP with valid data/Page_/div_Company dropdown password")): Object: 'Object Repository/Add SP with valid data/Page_/div_Company dropdown password' is clicked on

2022-07-28 10:23:37 - [MESSAGE][PASSED] - Object: 'Object Repository/Add SP with valid data/Page_/div_Company dropdown password' is clicked on

2022-07-28 10:23:37 - [TEST_STEP][PASSED] - setEncryptedText(findTestObject("Object Repository/Add SP with valid data/Page_/AddSP_input_Password"), passwordSP): Text ****** has been set on object 'Object Repository/Add SP with valid data/Page_/AddSP_input_Password'

2022-07-28 10:23:37 - [MESSAGE][PASSED] - Text ****** has been set on object 'Object Repository/Add SP with valid data/Page_/AddSP_input_Password'

2022-07-28 10:23:37 - [TEST_STEP][PASSED] - setEncryptedText(findTestObject("Object Repository/Add SP with valid data/Page_/AddSP_input_Confirmation Password"), confirmationPasswordSP): Text ****** has been set on object 'Object Repository/Add SP with valid data/Page_/AddSP_input_Confirmation Password'

2022-07-28 10:23:38 - [MESSAGE][PASSED] - Text ****** has been set on object 'Object Repository/Add SP with valid data/Page_/AddSP_input_Confirmation Password'

2022-07-28 10:23:38 - [TEST_STEP][PASSED] - click(findTestObject("Object Repository/Add SP with valid data/Page_/last button_add SP")): Object: 'Object Repository/Add SP with valid data/Page_/last button_add SP' is clicked on

2022-07-28 10:23:38 - [MESSAGE][PASSED] - Object: 'Object Repository/Add SP with valid data/Page_/last button_add SP' is clicked on

2022-07-28 10:23:38 - [TEST_STEP][PASSED] - verifyElementPresent(findTestObject("Object Repository/Add SP with valid data/Page_/main_addAdd Service ProvidersearchCityCityS_3f5b59"), 0): Object 'Object Repository/Add SP with valid data/Page_/main_addAdd Service ProvidersearchCityCityS_3f5b59' is present

2022-07-28 10:23:38 - [MESSAGE][WARNING] - Timeout '0' is invalid. Using default page load timeout: '30'

2022-07-28 10:23:40 - [MESSAGE][PASSED] - Object 'Object Repository/Add SP with valid data/Page_/main_addAdd Service ProvidersearchCityCityS_3f5b59' is present]]></system-out>
         <system-err><![CDATA[]]></system-err>
      </testcase>
      <testcase name="Test Cases/Service Provider -Internal TMS/Integrate Internal - Add New Service Provider/Add New SP with valid data" time="28.901" classname="Test Cases/Service Provider -Internal TMS/Integrate Internal - Add New Service Provider/Add New SP with valid data" status="PASSED">
         <system-out><![CDATA[2022-07-28 10:23:41 - [TEST_CASE][PASSED] - Test Cases/Service Provider -Internal TMS/Integrate Internal - Add New Service Provider/Add New SP with valid data: Test Cases/Service Provider -Internal TMS/Integrate Internal - Add New Service Provider/Add New SP with valid data

2022-07-28 10:23:41 - [TEST_STEP][PASSED] - callTestCase(findTestCase("Service Provider -Internal TMS/PreCondition/SP"), ["validData":""], STOP_ON_FAILURE): Call Test Case 'Test Cases/Service Provider -Internal TMS/PreCondition/SP' successfully

2022-07-28 10:23:41 - [TEST_CASE][PASSED] - Test Cases/Service Provider -Internal TMS/PreCondition/SP: Test Cases/Service Provider -Internal TMS/PreCondition/SP

2022-07-28 10:23:41 - [TEST_STEP][PASSED] - callTestCase(findTestCase("Service Provider -Internal TMS/PreCondition/Login Internal-TMS"), [:], STOP_ON_FAILURE): Call Test Case 'Test Cases/Service Provider -Internal TMS/PreCondition/Login Internal-TMS' successfully

2022-07-28 10:23:41 - [TEST_CASE][PASSED] - Test Cases/Service Provider -Internal TMS/PreCondition/Login Internal-TMS: Test Cases/Service Provider -Internal TMS/PreCondition/Login Internal-TMS

2022-07-28 10:23:41 - [TEST_STEP][PASSED] - openBrowser(""): Browser is opened with url: ''

2022-07-28 10:23:41 - [MESSAGE][WARNING] - A browser is already opened. Closing browser and opening a new one

2022-07-28 10:23:41 - [MESSAGE][INFO] - Starting 'Chrome' driver

2022-07-28 10:23:41 - [MESSAGE][INFO] - Action delay is set to 0 milliseconds

2022-07-28 10:23:43 - [MESSAGE][PASSED] - Browser is opened with url: ''

2022-07-28 10:23:43 - [TEST_STEP][PASSED] - navigateToUrl("https://console-dev.hzn.one/tms"): Navigate to 'https://console-dev.hzn.one/tms' successfully

2022-07-28 10:23:45 - [MESSAGE][PASSED] - Navigate to 'https://console-dev.hzn.one/tms' successfully

2022-07-28 10:23:45 - [TEST_STEP][PASSED] - setText(findTestObject("Login Internal TMS/Page_/Login_inputEmail"), "admin@hzn.one"): Text 'admin@hzn.one' is set on object 'Object Repository/Login Internal TMS/Page_/Login_inputEmail'

2022-07-28 10:23:46 - [MESSAGE][PASSED] - Text 'admin@hzn.one' is set on object 'Object Repository/Login Internal TMS/Page_/Login_inputEmail'

2022-07-28 10:23:46 - [TEST_STEP][PASSED] - setEncryptedText(findTestObject("Login Internal TMS/Page_/Login_inputPassword"), "MnsJkEeAVpEG2LE9uYr7zQ=="): Text ****** has been set on object 'Object Repository/Login Internal TMS/Page_/Login_inputPassword'

2022-07-28 10:23:47 - [MESSAGE][PASSED] - Text ****** has been set on object 'Object Repository/Login Internal TMS/Page_/Login_inputPassword'

2022-07-28 10:23:47 - [TEST_STEP][PASSED] - click(findTestObject("Object Repository/Login Internal TMS/Page_/button_Login")): Object: 'Object Repository/Login Internal TMS/Page_/button_Login' is clicked on

2022-07-28 10:23:47 - [MESSAGE][PASSED] - Object: 'Object Repository/Login Internal TMS/Page_/button_Login' is clicked on

2022-07-28 10:23:47 - [MESSAGE][PASSED] - Call Test Case 'Test Cases/Service Provider -Internal TMS/PreCondition/Login Internal-TMS' successfully

2022-07-28 10:23:47 - [TEST_STEP][PASSED] - maximizeWindow(): Current window maximized

2022-07-28 10:23:47 - [MESSAGE][PASSED] - Current window maximized

2022-07-28 10:23:47 - [TEST_STEP][PASSED] - click(findTestObject("Search List SP/Page_/Page_/span_User Management")): Object: 'Object Repository/Search List SP/Page_/Page_/span_User Management' is clicked on

2022-07-28 10:23:50 - [MESSAGE][PASSED] - Object: 'Object Repository/Search List SP/Page_/Page_/span_User Management' is clicked on

2022-07-28 10:23:50 - [TEST_STEP][PASSED] - click(findTestObject("Object Repository/Search List SP/Page_/Service Provider")): Object: 'Object Repository/Search List SP/Page_/Service Provider' is clicked on

2022-07-28 10:23:51 - [MESSAGE][PASSED] - Object: 'Object Repository/Search List SP/Page_/Service Provider' is clicked on

2022-07-28 10:23:51 - [MESSAGE][PASSED] - Call Test Case 'Test Cases/Service Provider -Internal TMS/PreCondition/SP' successfully

2022-07-28 10:23:51 - [TEST_STEP][PASSED] - click(findTestObject("Add SP with valid data/Page_/FirstButton_addSP")): Object: 'Object Repository/Add SP with valid data/Page_/FirstButton_addSP' is clicked on

2022-07-28 10:23:52 - [MESSAGE][PASSED] - Object: 'Object Repository/Add SP with valid data/Page_/FirstButton_addSP' is clicked on

2022-07-28 10:23:52 - [TEST_STEP][PASSED] - setText(findTestObject("Add SP with valid data/Page_/AddSP_Input company name"), companyNameSP): Text 'data3_TestingPT_Aut_SP' is set on object 'Object Repository/Add SP with valid data/Page_/AddSP_Input company name'

2022-07-28 10:23:53 - [MESSAGE][PASSED] - Text 'data3_TestingPT_Aut_SP' is set on object 'Object Repository/Add SP with valid data/Page_/AddSP_Input company name'

2022-07-28 10:23:53 - [TEST_STEP][PASSED] - setText(findTestObject("Object Repository/Add SP with valid data/Page_/addSP_input Email"), companyEmailSP): Text 'emailtesaut_3@gmail.com' is set on object 'Object Repository/Add SP with valid data/Page_/addSP_input Email'

2022-07-28 10:23:54 - [MESSAGE][PASSED] - Text 'emailtesaut_3@gmail.com' is set on object 'Object Repository/Add SP with valid data/Page_/addSP_input Email'

2022-07-28 10:23:54 - [TEST_STEP][PASSED] - setText(findTestObject("Object Repository/Add SP with valid data/Page_/AddSP_companyPhone"), companyPhoneSP): Text '085232452613' is set on object 'Object Repository/Add SP with valid data/Page_/AddSP_companyPhone'

2022-07-28 10:23:55 - [MESSAGE][PASSED] - Text '085232452613' is set on object 'Object Repository/Add SP with valid data/Page_/AddSP_companyPhone'

2022-07-28 10:23:55 - [TEST_STEP][PASSED] - click(findTestObject("Object Repository/Add SP with valid data/Page_/choose country")): Object: 'Object Repository/Add SP with valid data/Page_/choose country' is clicked on

2022-07-28 10:23:55 - [MESSAGE][PASSED] - Object: 'Object Repository/Add SP with valid data/Page_/choose country' is clicked on

2022-07-28 10:23:55 - [TEST_STEP][PASSED] - click(findTestObject("Object Repository/Add SP with valid data/Page_/li_Indonesia")): Object: 'Object Repository/Add SP with valid data/Page_/li_Indonesia' is clicked on

2022-07-28 10:23:56 - [MESSAGE][PASSED] - Object: 'Object Repository/Add SP with valid data/Page_/li_Indonesia' is clicked on

2022-07-28 10:23:56 - [TEST_STEP][PASSED] - click(findTestObject("Object Repository/Add SP with valid data/Page_/choose province")): Object: 'Object Repository/Add SP with valid data/Page_/choose province' is clicked on

2022-07-28 10:23:57 - [MESSAGE][PASSED] - Object: 'Object Repository/Add SP with valid data/Page_/choose province' is clicked on

2022-07-28 10:23:57 - [TEST_STEP][PASSED] - click(findTestObject("Object Repository/Add SP with valid data/Page_/li_SUMATERA UTARA")): Object: 'Object Repository/Add SP with valid data/Page_/li_SUMATERA UTARA' is clicked on

2022-07-28 10:23:58 - [MESSAGE][PASSED] - Object: 'Object Repository/Add SP with valid data/Page_/li_SUMATERA UTARA' is clicked on

2022-07-28 10:23:58 - [TEST_STEP][PASSED] - click(findTestObject("Object Repository/Add SP with valid data/Page_/choose city")): Object: 'Object Repository/Add SP with valid data/Page_/choose city' is clicked on

2022-07-28 10:23:59 - [MESSAGE][PASSED] - Object: 'Object Repository/Add SP with valid data/Page_/choose city' is clicked on

2022-07-28 10:23:59 - [TEST_STEP][PASSED] - click(findTestObject("Object Repository/Add SP with valid data/Page_/li_MEDAN")): Object: 'Object Repository/Add SP with valid data/Page_/li_MEDAN' is clicked on

2022-07-28 10:24:00 - [MESSAGE][PASSED] - Object: 'Object Repository/Add SP with valid data/Page_/li_MEDAN' is clicked on

2022-07-28 10:24:00 - [TEST_STEP][PASSED] - setText(findTestObject("Object Repository/Add SP with valid data/Page_/Add SP_input_SIUP_businessLicense"), siupBusinessLicenseSP): Text '74242738448213' is set on object 'Object Repository/Add SP with valid data/Page_/Add SP_input_SIUP_businessLicense'

2022-07-28 10:24:01 - [MESSAGE][PASSED] - Text '74242738448213' is set on object 'Object Repository/Add SP with valid data/Page_/Add SP_input_SIUP_businessLicense'

2022-07-28 10:24:01 - [TEST_STEP][PASSED] - setText(findTestObject("Object Repository/Add SP with valid data/Page_/AddSP_input_NPWP_taxId"), NPWP_SP): Text '313213121213' is set on object 'Object Repository/Add SP with valid data/Page_/AddSP_input_NPWP_taxId'

2022-07-28 10:24:02 - [MESSAGE][PASSED] - Text '313213121213' is set on object 'Object Repository/Add SP with valid data/Page_/AddSP_input_NPWP_taxId'

2022-07-28 10:24:02 - [TEST_STEP][PASSED] - click(findTestObject("Object Repository/Add SP with valid data/Page_/span_PKP")): Object: 'Object Repository/Add SP with valid data/Page_/span_PKP' is clicked on

2022-07-28 10:24:02 - [MESSAGE][PASSED] - Object: 'Object Repository/Add SP with valid data/Page_/span_PKP' is clicked on

2022-07-28 10:24:02 - [TEST_STEP][PASSED] - click(findTestObject("Object Repository/Add SP with valid data/Page_/input_Type Of Service_PrivateSwitchBase-inp_a246e6")): Object: 'Object Repository/Add SP with valid data/Page_/input_Type Of Service_PrivateSwitchBase-inp_a246e6' is clicked on

2022-07-28 10:24:02 - [MESSAGE][PASSED] - Object: 'Object Repository/Add SP with valid data/Page_/input_Type Of Service_PrivateSwitchBase-inp_a246e6' is clicked on

2022-07-28 10:24:02 - [TEST_STEP][PASSED] - uploadFile(findTestObject("Add SP with valid data/Page_/inputPhoto"), lokasiFIle): File 'C:\Users\User\Downloads\logo.png' sent to object: 'Object Repository/Add SP with valid data/Page_/inputPhoto'

2022-07-28 10:24:03 - [MESSAGE][PASSED] - File 'C:\Users\User\Downloads\logo.png' sent to object: 'Object Repository/Add SP with valid data/Page_/inputPhoto'

2022-07-28 10:24:03 - [TEST_STEP][PASSED] - click(findTestObject("Add SP with valid data/Page_/div_Contact Personarrow_drop_down")): Object: 'Object Repository/Add SP with valid data/Page_/div_Contact Personarrow_drop_down' is clicked on

2022-07-28 10:24:03 - [MESSAGE][PASSED] - Object: 'Object Repository/Add SP with valid data/Page_/div_Contact Personarrow_drop_down' is clicked on

2022-07-28 10:24:03 - [TEST_STEP][PASSED] - setText(findTestObject("Object Repository/Add SP with valid data/Page_/AddSP_CP_input name"), NamaCP): Text 'cptestAut13' is set on object 'Object Repository/Add SP with valid data/Page_/AddSP_CP_input name'

2022-07-28 10:24:04 - [MESSAGE][PASSED] - Text 'cptestAut13' is set on object 'Object Repository/Add SP with valid data/Page_/AddSP_CP_input name'

2022-07-28 10:24:04 - [TEST_STEP][PASSED] - setText(findTestObject("Object Repository/Add SP with valid data/Page_/AddSp_CP_input Email"), EmailCP): Text 'cptestAut13@gmail.com' is set on object 'Object Repository/Add SP with valid data/Page_/AddSp_CP_input Email'

2022-07-28 10:24:05 - [MESSAGE][PASSED] - Text 'cptestAut13@gmail.com' is set on object 'Object Repository/Add SP with valid data/Page_/AddSp_CP_input Email'

2022-07-28 10:24:05 - [TEST_STEP][PASSED] - setText(findTestObject("Object Repository/Add SP with valid data/Page_/AddSP_CP_input_Phone Number"), PhoneNumberCP): Text '082345321513' is set on object 'Object Repository/Add SP with valid data/Page_/AddSP_CP_input_Phone Number'

2022-07-28 10:24:06 - [MESSAGE][PASSED] - Text '082345321513' is set on object 'Object Repository/Add SP with valid data/Page_/AddSP_CP_input_Phone Number'

2022-07-28 10:24:06 - [TEST_STEP][PASSED] - click(findTestObject("Add SP with valid data/Page_/div_Company dropdown password")): Object: 'Object Repository/Add SP with valid data/Page_/div_Company dropdown password' is clicked on

2022-07-28 10:24:06 - [MESSAGE][PASSED] - Object: 'Object Repository/Add SP with valid data/Page_/div_Company dropdown password' is clicked on

2022-07-28 10:24:06 - [TEST_STEP][PASSED] - setEncryptedText(findTestObject("Object Repository/Add SP with valid data/Page_/AddSP_input_Password"), passwordSP): Text ****** has been set on object 'Object Repository/Add SP with valid data/Page_/AddSP_input_Password'

2022-07-28 10:24:06 - [MESSAGE][PASSED] - Text ****** has been set on object 'Object Repository/Add SP with valid data/Page_/AddSP_input_Password'

2022-07-28 10:24:06 - [TEST_STEP][PASSED] - setEncryptedText(findTestObject("Object Repository/Add SP with valid data/Page_/AddSP_input_Confirmation Password"), confirmationPasswordSP): Text ****** has been set on object 'Object Repository/Add SP with valid data/Page_/AddSP_input_Confirmation Password'

2022-07-28 10:24:07 - [MESSAGE][PASSED] - Text ****** has been set on object 'Object Repository/Add SP with valid data/Page_/AddSP_input_Confirmation Password'

2022-07-28 10:24:07 - [TEST_STEP][PASSED] - click(findTestObject("Object Repository/Add SP with valid data/Page_/last button_add SP")): Object: 'Object Repository/Add SP with valid data/Page_/last button_add SP' is clicked on

2022-07-28 10:24:07 - [MESSAGE][PASSED] - Object: 'Object Repository/Add SP with valid data/Page_/last button_add SP' is clicked on

2022-07-28 10:24:07 - [TEST_STEP][PASSED] - verifyElementPresent(findTestObject("Object Repository/Add SP with valid data/Page_/main_addAdd Service ProvidersearchCityCityS_3f5b59"), 0): Object 'Object Repository/Add SP with valid data/Page_/main_addAdd Service ProvidersearchCityCityS_3f5b59' is present

2022-07-28 10:24:07 - [MESSAGE][WARNING] - Timeout '0' is invalid. Using default page load timeout: '30'

2022-07-28 10:24:09 - [MESSAGE][PASSED] - Object 'Object Repository/Add SP with valid data/Page_/main_addAdd Service ProvidersearchCityCityS_3f5b59' is present]]></system-out>
         <system-err><![CDATA[]]></system-err>
      </testcase>
      <testcase name="Test Cases/Service Provider -Internal TMS/Integrate Internal - Add New Service Provider/Add New SP with valid data" time="29.165" classname="Test Cases/Service Provider -Internal TMS/Integrate Internal - Add New Service Provider/Add New SP with valid data" status="PASSED">
         <system-out><![CDATA[2022-07-28 10:24:10 - [TEST_CASE][PASSED] - Test Cases/Service Provider -Internal TMS/Integrate Internal - Add New Service Provider/Add New SP with valid data: Test Cases/Service Provider -Internal TMS/Integrate Internal - Add New Service Provider/Add New SP with valid data

2022-07-28 10:24:10 - [TEST_STEP][PASSED] - callTestCase(findTestCase("Service Provider -Internal TMS/PreCondition/SP"), ["validData":""], STOP_ON_FAILURE): Call Test Case 'Test Cases/Service Provider -Internal TMS/PreCondition/SP' successfully

2022-07-28 10:24:10 - [TEST_CASE][PASSED] - Test Cases/Service Provider -Internal TMS/PreCondition/SP: Test Cases/Service Provider -Internal TMS/PreCondition/SP

2022-07-28 10:24:10 - [TEST_STEP][PASSED] - callTestCase(findTestCase("Service Provider -Internal TMS/PreCondition/Login Internal-TMS"), [:], STOP_ON_FAILURE): Call Test Case 'Test Cases/Service Provider -Internal TMS/PreCondition/Login Internal-TMS' successfully

2022-07-28 10:24:10 - [TEST_CASE][PASSED] - Test Cases/Service Provider -Internal TMS/PreCondition/Login Internal-TMS: Test Cases/Service Provider -Internal TMS/PreCondition/Login Internal-TMS

2022-07-28 10:24:10 - [TEST_STEP][PASSED] - openBrowser(""): Browser is opened with url: ''

2022-07-28 10:24:10 - [MESSAGE][WARNING] - A browser is already opened. Closing browser and opening a new one

2022-07-28 10:24:10 - [MESSAGE][INFO] - Starting 'Chrome' driver

2022-07-28 10:24:10 - [MESSAGE][INFO] - Action delay is set to 0 milliseconds

2022-07-28 10:24:12 - [MESSAGE][PASSED] - Browser is opened with url: ''

2022-07-28 10:24:12 - [TEST_STEP][PASSED] - navigateToUrl("https://console-dev.hzn.one/tms"): Navigate to 'https://console-dev.hzn.one/tms' successfully

2022-07-28 10:24:14 - [MESSAGE][PASSED] - Navigate to 'https://console-dev.hzn.one/tms' successfully

2022-07-28 10:24:14 - [TEST_STEP][PASSED] - setText(findTestObject("Login Internal TMS/Page_/Login_inputEmail"), "admin@hzn.one"): Text 'admin@hzn.one' is set on object 'Object Repository/Login Internal TMS/Page_/Login_inputEmail'

2022-07-28 10:24:15 - [MESSAGE][PASSED] - Text 'admin@hzn.one' is set on object 'Object Repository/Login Internal TMS/Page_/Login_inputEmail'

2022-07-28 10:24:15 - [TEST_STEP][PASSED] - setEncryptedText(findTestObject("Login Internal TMS/Page_/Login_inputPassword"), "MnsJkEeAVpEG2LE9uYr7zQ=="): Text ****** has been set on object 'Object Repository/Login Internal TMS/Page_/Login_inputPassword'

2022-07-28 10:24:15 - [MESSAGE][PASSED] - Text ****** has been set on object 'Object Repository/Login Internal TMS/Page_/Login_inputPassword'

2022-07-28 10:24:15 - [TEST_STEP][PASSED] - click(findTestObject("Object Repository/Login Internal TMS/Page_/button_Login")): Object: 'Object Repository/Login Internal TMS/Page_/button_Login' is clicked on

2022-07-28 10:24:16 - [MESSAGE][PASSED] - Object: 'Object Repository/Login Internal TMS/Page_/button_Login' is clicked on

2022-07-28 10:24:16 - [MESSAGE][PASSED] - Call Test Case 'Test Cases/Service Provider -Internal TMS/PreCondition/Login Internal-TMS' successfully

2022-07-28 10:24:16 - [TEST_STEP][PASSED] - maximizeWindow(): Current window maximized

2022-07-28 10:24:16 - [MESSAGE][PASSED] - Current window maximized

2022-07-28 10:24:16 - [TEST_STEP][PASSED] - click(findTestObject("Search List SP/Page_/Page_/span_User Management")): Object: 'Object Repository/Search List SP/Page_/Page_/span_User Management' is clicked on

2022-07-28 10:24:19 - [MESSAGE][PASSED] - Object: 'Object Repository/Search List SP/Page_/Page_/span_User Management' is clicked on

2022-07-28 10:24:19 - [TEST_STEP][PASSED] - click(findTestObject("Object Repository/Search List SP/Page_/Service Provider")): Object: 'Object Repository/Search List SP/Page_/Service Provider' is clicked on

2022-07-28 10:24:20 - [MESSAGE][PASSED] - Object: 'Object Repository/Search List SP/Page_/Service Provider' is clicked on

2022-07-28 10:24:20 - [MESSAGE][PASSED] - Call Test Case 'Test Cases/Service Provider -Internal TMS/PreCondition/SP' successfully

2022-07-28 10:24:20 - [TEST_STEP][PASSED] - click(findTestObject("Add SP with valid data/Page_/FirstButton_addSP")): Object: 'Object Repository/Add SP with valid data/Page_/FirstButton_addSP' is clicked on

2022-07-28 10:24:22 - [MESSAGE][PASSED] - Object: 'Object Repository/Add SP with valid data/Page_/FirstButton_addSP' is clicked on

2022-07-28 10:24:22 - [TEST_STEP][PASSED] - setText(findTestObject("Add SP with valid data/Page_/AddSP_Input company name"), companyNameSP): Text 'data4_TestingPT_Aut_SP' is set on object 'Object Repository/Add SP with valid data/Page_/AddSP_Input company name'

2022-07-28 10:24:23 - [MESSAGE][PASSED] - Text 'data4_TestingPT_Aut_SP' is set on object 'Object Repository/Add SP with valid data/Page_/AddSP_Input company name'

2022-07-28 10:24:23 - [TEST_STEP][PASSED] - setText(findTestObject("Object Repository/Add SP with valid data/Page_/addSP_input Email"), companyEmailSP): Text 'emailtesaut_4@gmail.com' is set on object 'Object Repository/Add SP with valid data/Page_/addSP_input Email'

2022-07-28 10:24:24 - [MESSAGE][PASSED] - Text 'emailtesaut_4@gmail.com' is set on object 'Object Repository/Add SP with valid data/Page_/addSP_input Email'

2022-07-28 10:24:24 - [TEST_STEP][PASSED] - setText(findTestObject("Object Repository/Add SP with valid data/Page_/AddSP_companyPhone"), companyPhoneSP): Text '085232452614' is set on object 'Object Repository/Add SP with valid data/Page_/AddSP_companyPhone'

2022-07-28 10:24:24 - [MESSAGE][PASSED] - Text '085232452614' is set on object 'Object Repository/Add SP with valid data/Page_/AddSP_companyPhone'

2022-07-28 10:24:24 - [TEST_STEP][PASSED] - click(findTestObject("Object Repository/Add SP with valid data/Page_/choose country")): Object: 'Object Repository/Add SP with valid data/Page_/choose country' is clicked on

2022-07-28 10:24:25 - [MESSAGE][PASSED] - Object: 'Object Repository/Add SP with valid data/Page_/choose country' is clicked on

2022-07-28 10:24:25 - [TEST_STEP][PASSED] - click(findTestObject("Object Repository/Add SP with valid data/Page_/li_Indonesia")): Object: 'Object Repository/Add SP with valid data/Page_/li_Indonesia' is clicked on

2022-07-28 10:24:26 - [MESSAGE][PASSED] - Object: 'Object Repository/Add SP with valid data/Page_/li_Indonesia' is clicked on

2022-07-28 10:24:26 - [TEST_STEP][PASSED] - click(findTestObject("Object Repository/Add SP with valid data/Page_/choose province")): Object: 'Object Repository/Add SP with valid data/Page_/choose province' is clicked on

2022-07-28 10:24:27 - [MESSAGE][PASSED] - Object: 'Object Repository/Add SP with valid data/Page_/choose province' is clicked on

2022-07-28 10:24:27 - [TEST_STEP][PASSED] - click(findTestObject("Object Repository/Add SP with valid data/Page_/li_SUMATERA UTARA")): Object: 'Object Repository/Add SP with valid data/Page_/li_SUMATERA UTARA' is clicked on

2022-07-28 10:24:27 - [MESSAGE][PASSED] - Object: 'Object Repository/Add SP with valid data/Page_/li_SUMATERA UTARA' is clicked on

2022-07-28 10:24:27 - [TEST_STEP][PASSED] - click(findTestObject("Object Repository/Add SP with valid data/Page_/choose city")): Object: 'Object Repository/Add SP with valid data/Page_/choose city' is clicked on

2022-07-28 10:24:28 - [MESSAGE][PASSED] - Object: 'Object Repository/Add SP with valid data/Page_/choose city' is clicked on

2022-07-28 10:24:28 - [TEST_STEP][PASSED] - click(findTestObject("Object Repository/Add SP with valid data/Page_/li_MEDAN")): Object: 'Object Repository/Add SP with valid data/Page_/li_MEDAN' is clicked on

2022-07-28 10:24:29 - [MESSAGE][PASSED] - Object: 'Object Repository/Add SP with valid data/Page_/li_MEDAN' is clicked on

2022-07-28 10:24:29 - [TEST_STEP][PASSED] - setText(findTestObject("Object Repository/Add SP with valid data/Page_/Add SP_input_SIUP_businessLicense"), siupBusinessLicenseSP): Text '74242738448214' is set on object 'Object Repository/Add SP with valid data/Page_/Add SP_input_SIUP_businessLicense'

2022-07-28 10:24:30 - [MESSAGE][PASSED] - Text '74242738448214' is set on object 'Object Repository/Add SP with valid data/Page_/Add SP_input_SIUP_businessLicense'

2022-07-28 10:24:30 - [TEST_STEP][PASSED] - setText(findTestObject("Object Repository/Add SP with valid data/Page_/AddSP_input_NPWP_taxId"), NPWP_SP): Text '313213121214' is set on object 'Object Repository/Add SP with valid data/Page_/AddSP_input_NPWP_taxId'

2022-07-28 10:24:31 - [MESSAGE][PASSED] - Text '313213121214' is set on object 'Object Repository/Add SP with valid data/Page_/AddSP_input_NPWP_taxId'

2022-07-28 10:24:31 - [TEST_STEP][PASSED] - click(findTestObject("Object Repository/Add SP with valid data/Page_/span_PKP")): Object: 'Object Repository/Add SP with valid data/Page_/span_PKP' is clicked on

2022-07-28 10:24:31 - [MESSAGE][PASSED] - Object: 'Object Repository/Add SP with valid data/Page_/span_PKP' is clicked on

2022-07-28 10:24:31 - [TEST_STEP][PASSED] - click(findTestObject("Object Repository/Add SP with valid data/Page_/input_Type Of Service_PrivateSwitchBase-inp_a246e6")): Object: 'Object Repository/Add SP with valid data/Page_/input_Type Of Service_PrivateSwitchBase-inp_a246e6' is clicked on

2022-07-28 10:24:32 - [MESSAGE][PASSED] - Object: 'Object Repository/Add SP with valid data/Page_/input_Type Of Service_PrivateSwitchBase-inp_a246e6' is clicked on

2022-07-28 10:24:32 - [TEST_STEP][PASSED] - uploadFile(findTestObject("Add SP with valid data/Page_/inputPhoto"), lokasiFIle): File 'C:\Users\User\Downloads\logo.png' sent to object: 'Object Repository/Add SP with valid data/Page_/inputPhoto'

2022-07-28 10:24:32 - [MESSAGE][PASSED] - File 'C:\Users\User\Downloads\logo.png' sent to object: 'Object Repository/Add SP with valid data/Page_/inputPhoto'

2022-07-28 10:24:32 - [TEST_STEP][PASSED] - click(findTestObject("Add SP with valid data/Page_/div_Contact Personarrow_drop_down")): Object: 'Object Repository/Add SP with valid data/Page_/div_Contact Personarrow_drop_down' is clicked on

2022-07-28 10:24:33 - [MESSAGE][PASSED] - Object: 'Object Repository/Add SP with valid data/Page_/div_Contact Personarrow_drop_down' is clicked on

2022-07-28 10:24:33 - [TEST_STEP][PASSED] - setText(findTestObject("Object Repository/Add SP with valid data/Page_/AddSP_CP_input name"), NamaCP): Text 'cptestAut14' is set on object 'Object Repository/Add SP with valid data/Page_/AddSP_CP_input name'

2022-07-28 10:24:33 - [MESSAGE][PASSED] - Text 'cptestAut14' is set on object 'Object Repository/Add SP with valid data/Page_/AddSP_CP_input name'

2022-07-28 10:24:33 - [TEST_STEP][PASSED] - setText(findTestObject("Object Repository/Add SP with valid data/Page_/AddSp_CP_input Email"), EmailCP): Text 'cptestAut14@gmail.com' is set on object 'Object Repository/Add SP with valid data/Page_/AddSp_CP_input Email'

2022-07-28 10:24:34 - [MESSAGE][PASSED] - Text 'cptestAut14@gmail.com' is set on object 'Object Repository/Add SP with valid data/Page_/AddSp_CP_input Email'

2022-07-28 10:24:34 - [TEST_STEP][PASSED] - setText(findTestObject("Object Repository/Add SP with valid data/Page_/AddSP_CP_input_Phone Number"), PhoneNumberCP): Text '082345321514' is set on object 'Object Repository/Add SP with valid data/Page_/AddSP_CP_input_Phone Number'

2022-07-28 10:24:35 - [MESSAGE][PASSED] - Text '082345321514' is set on object 'Object Repository/Add SP with valid data/Page_/AddSP_CP_input_Phone Number'

2022-07-28 10:24:35 - [TEST_STEP][PASSED] - click(findTestObject("Add SP with valid data/Page_/div_Company dropdown password")): Object: 'Object Repository/Add SP with valid data/Page_/div_Company dropdown password' is clicked on

2022-07-28 10:24:35 - [MESSAGE][PASSED] - Object: 'Object Repository/Add SP with valid data/Page_/div_Company dropdown password' is clicked on

2022-07-28 10:24:35 - [TEST_STEP][PASSED] - setEncryptedText(findTestObject("Object Repository/Add SP with valid data/Page_/AddSP_input_Password"), passwordSP): Text ****** has been set on object 'Object Repository/Add SP with valid data/Page_/AddSP_input_Password'

2022-07-28 10:24:36 - [MESSAGE][PASSED] - Text ****** has been set on object 'Object Repository/Add SP with valid data/Page_/AddSP_input_Password'

2022-07-28 10:24:36 - [TEST_STEP][PASSED] - setEncryptedText(findTestObject("Object Repository/Add SP with valid data/Page_/AddSP_input_Confirmation Password"), confirmationPasswordSP): Text ****** has been set on object 'Object Repository/Add SP with valid data/Page_/AddSP_input_Confirmation Password'

2022-07-28 10:24:36 - [MESSAGE][PASSED] - Text ****** has been set on object 'Object Repository/Add SP with valid data/Page_/AddSP_input_Confirmation Password'

2022-07-28 10:24:36 - [TEST_STEP][PASSED] - click(findTestObject("Object Repository/Add SP with valid data/Page_/last button_add SP")): Object: 'Object Repository/Add SP with valid data/Page_/last button_add SP' is clicked on

2022-07-28 10:24:37 - [MESSAGE][PASSED] - Object: 'Object Repository/Add SP with valid data/Page_/last button_add SP' is clicked on

2022-07-28 10:24:37 - [TEST_STEP][PASSED] - verifyElementPresent(findTestObject("Object Repository/Add SP with valid data/Page_/main_addAdd Service ProvidersearchCityCityS_3f5b59"), 0): Object 'Object Repository/Add SP with valid data/Page_/main_addAdd Service ProvidersearchCityCityS_3f5b59' is present

2022-07-28 10:24:37 - [MESSAGE][WARNING] - Timeout '0' is invalid. Using default page load timeout: '30'

2022-07-28 10:24:39 - [MESSAGE][PASSED] - Object 'Object Repository/Add SP with valid data/Page_/main_addAdd Service ProvidersearchCityCityS_3f5b59' is present]]></system-out>
         <system-err><![CDATA[]]></system-err>
      </testcase>
      <system-out><![CDATA[2022-07-28 10:22:38 - [TEST_SUITE][PASSED] - AddNewSP: Test Cases/Service Provider -Internal TMS/Integrate Internal - Add New Service Provider/Add New SP with valid data]]></system-out>
      <system-err><![CDATA[]]></system-err>
   </testsuite>
</testsuites>
